# JRE version: Java(TM) SE Runtime Environment (8.0_111-b14) (build 1.8.0_111-b14)
# Java VM: Java HotSpot(TM) 64-Bit Server VM (25.111-b14 mixed mode bsd-amd64 compressed oops)
Heap:
 PSYoungGen      total 301568K, used 114606K [0x000000076ab00000, 0x000000078f800000, 0x00000007c0000000)
  eden space 262144K, 40% used [0x000000076ab00000,0x0000000771330788,0x000000077ab00000)
  from space 39424K, 20% used [0x000000077ab00000,0x000000077b2bb440,0x000000077d180000)
  to   space 39424K, 0% used [0x000000078d180000,0x000000078d180000,0x000000078f800000)
 ParOldGen       total 175104K, used 56372K [0x00000006c0000000, 0x00000006cab00000, 0x000000076ab00000)
  object space 175104K, 32% used [0x00000006c0000000,0x00000006c370d120,0x00000006cab00000)
 Metaspace       used 19082K, capacity 19287K, committed 19456K, reserved 1067008K
  class space    used 1902K, capacity 1984K, committed 2048K, reserved 1048576K
GC Heap History (10 events):
Event: 4.190 GC heap before
{Heap before GC invocations=3 (full 0):
 PSYoungGen      total 76288K, used 76279K [0x000000076ab00000, 0x0000000774000000, 0x00000007c0000000)
  eden space 65536K, 100% used [0x000000076ab00000,0x000000076eb00000,0x000000076eb00000)
  from space 10752K, 99% used [0x000000076f580000,0x000000076fffde20,0x0000000770000000)
  to   space 10752K, 0% used [0x000000076eb00000,0x000000076eb00000,0x000000076f580000)
 ParOldGen       total 175104K, used 26628K [0x00000006c0000000, 0x00000006cab00000, 0x000000076ab00000)
  object space 175104K, 15% used [0x00000006c0000000,0x00000006c1a01068,0x00000006cab00000)
 Metaspace       used 18010K, capacity 18207K, committed 18560K, reserved 1067008K
  class space    used 1820K, capacity 1884K, committed 1920K, reserved 1048576K
Event: 4.210 GC heap after
Heap after GC invocations=3 (full 0):
 PSYoungGen      total 76288K, used 10735K [0x000000076ab00000, 0x0000000774000000, 0x00000007c0000000)
  eden space 65536K, 0% used [0x000000076ab00000,0x000000076ab00000,0x000000076eb00000)
  from space 10752K, 99% used [0x000000076eb00000,0x000000076f57bfa0,0x000000076f580000)
  to   space 10752K, 0% used [0x0000000773580000,0x0000000773580000,0x0000000774000000)
 ParOldGen       total 175104K, used 45457K [0x00000006c0000000, 0x00000006cab00000, 0x000000076ab00000)
  object space 175104K, 25% used [0x00000006c0000000,0x00000006c2c64418,0x00000006cab00000)
 Metaspace       used 18010K, capacity 18207K, committed 18560K, reserved 1067008K
  class space    used 1820K, capacity 1884K, committed 1920K, reserved 1048576K
}
Event: 4.805 GC heap before
{Heap before GC invocations=4 (full 0):
 PSYoungGen      total 76288K, used 76271K [0x000000076ab00000, 0x0000000774000000, 0x00000007c0000000)
  eden space 65536K, 100% used [0x000000076ab00000,0x000000076eb00000,0x000000076eb00000)
  from space 10752K, 99% used [0x000000076eb00000,0x000000076f57bfa0,0x000000076f580000)
  to   space 10752K, 0% used [0x0000000773580000,0x0000000773580000,0x0000000774000000)
 ParOldGen       total 175104K, used 45457K [0x00000006c0000000, 0x00000006cab00000, 0x000000076ab00000)
  object space 175104K, 25% used [0x00000006c0000000,0x00000006c2c64418,0x00000006cab00000)
 Metaspace       used 18814K, capacity 19015K, committed 19200K, reserved 1067008K
  class space    used 1892K, capacity 1982K, committed 2048K, reserved 1048576K
Event: 4.818 GC heap after
Heap after GC invocations=4 (full 0):
 PSYoungGen      total 141824K, used 10749K [0x000000076ab00000, 0x0000000774000000, 0x00000007c0000000)
  eden space 131072K, 0% used [0x000000076ab00000,0x000000076ab00000,0x0000000772b00000)
  from space 10752K, 99% used [0x0000000773580000,0x0000000773fff440,0x0000000774000000)
  to   space 10752K, 0% used [0x0000000772b00000,0x0000000772b00000,0x0000000773580000)
 ParOldGen       total 175104K, used 51276K [0x00000006c0000000, 0x00000006cab00000, 0x000000076ab00000)
  object space 175104K, 29% used [0x00000006c0000000,0x00000006c32130e8,0x00000006cab00000)
 Metaspace       used 18814K, capacity 19015K, committed 19200K, reserved 1067008K
  class space    used 1892K, capacity 1982K, committed 2048K, reserved 1048576K
}
Event: 6.098 GC heap before
{Heap before GC invocations=5 (full 0):
 PSYoungGen      total 141824K, used 141821K [0x000000076ab00000, 0x0000000774000000, 0x00000007c0000000)
  eden space 131072K, 100% used [0x000000076ab00000,0x0000000772b00000,0x0000000772b00000)
  from space 10752K, 99% used [0x0000000773580000,0x0000000773fff440,0x0000000774000000)
  to   space 10752K, 0% used [0x0000000772b00000,0x0000000772b00000,0x0000000773580000)
 ParOldGen       total 175104K, used 51276K [0x00000006c0000000, 0x00000006cab00000, 0x000000076ab00000)
  object space 175104K, 29% used [0x00000006c0000000,0x00000006c32130e8,0x00000006cab00000)
 Metaspace       used 18923K, capacity 19147K, committed 19456K, reserved 1067008K
  class space    used 1892K, capacity 1982K, committed 2048K, reserved 1048576K
Event: 6.110 GC heap after
Heap after GC invocations=5 (full 0):
 PSYoungGen      total 141824K, used 10749K [0x000000076ab00000, 0x000000077f900000, 0x00000007c0000000)
  eden space 131072K, 0% used [0x000000076ab00000,0x000000076ab00000,0x0000000772b00000)
  from space 10752K, 99% used [0x0000000772b00000,0x000000077357f470,0x0000000773580000)
  to   space 39936K, 0% used [0x000000077d200000,0x000000077d200000,0x000000077f900000)
 ParOldGen       total 175104K, used 53356K [0x00000006c0000000, 0x00000006cab00000, 0x000000076ab00000)
  object space 175104K, 30% used [0x00000006c0000000,0x00000006c341b138,0x00000006cab00000)
 Metaspace       used 18923K, capacity 19147K, committed 19456K, reserved 1067008K
  class space    used 1892K, capacity 1982K, committed 2048K, reserved 1048576K
}
Event: 7.462 GC heap before
{Heap before GC invocations=6 (full 0):
 PSYoungGen      total 141824K, used 141821K [0x000000076ab00000, 0x000000077f900000, 0x00000007c0000000)
  eden space 131072K, 100% used [0x000000076ab00000,0x0000000772b00000,0x0000000772b00000)
  from space 10752K, 99% used [0x0000000772b00000,0x000000077357f470,0x0000000773580000)
  to   space 39936K, 0% used [0x000000077d200000,0x000000077d200000,0x000000077f900000)
 ParOldGen       total 175104K, used 53356K [0x00000006c0000000, 0x00000006cab00000, 0x000000076ab00000)
  object space 175104K, 30% used [0x00000006c0000000,0x00000006c341b138,0x00000006cab00000)
 Metaspace       used 19002K, capacity 19217K, committed 19456K, reserved 1067008K
  class space    used 1893K, capacity 1983K, committed 2048K, reserved 1048576K
Event: 7.471 GC heap after
Heap after GC invocations=6 (full 0):
 PSYoungGen      total 301056K, used 10877K [0x000000076ab00000, 0x000000077f800000, 0x00000007c0000000)
  eden space 262144K, 0% used [0x000000076ab00000,0x000000076ab00000,0x000000077ab00000)
  from space 38912K, 27% used [0x000000077d200000,0x000000077dc9f470,0x000000077f800000)
  to   space 39424K, 0% used [0x000000077ab00000,0x000000077ab00000,0x000000077d180000)
 ParOldGen       total 175104K, used 53356K [0x00000006c0000000, 0x00000006cab00000, 0x000000076ab00000)
  object space 175104K, 30% used [0x00000006c0000000,0x00000006c341b138,0x00000006cab00000)
 Metaspace       used 19002K, capacity 19217K, committed 19456K, reserved 1067008K
  class space    used 1893K, capacity 1983K, committed 2048K, reserved 1048576K
}
Event: 10.350 GC heap before
{Heap before GC invocations=7 (full 0):
 PSYoungGen      total 301056K, used 273021K [0x000000076ab00000, 0x000000077f800000, 0x00000007c0000000)
  eden space 262144K, 100% used [0x000000076ab00000,0x000000077ab00000,0x000000077ab00000)
  from space 38912K, 27% used [0x000000077d200000,0x000000077dc9f470,0x000000077f800000)
  to   space 39424K, 0% used [0x000000077ab00000,0x000000077ab00000,0x000000077d180000)
 ParOldGen       total 175104K, used 53356K [0x00000006c0000000, 0x00000006cab00000, 0x000000076ab00000)
  object space 175104K, 30% used [0x00000006c0000000,0x00000006c341b138,0x00000006cab00000)
 Metaspace       used 19041K, capacity 19223K, committed 19456K, reserved 1067008K
  class space    used 1894K, capacity 1984K, committed 2048K, reserved 1048576K
Event: 10.359 GC heap after
Heap after GC invocations=7 (full 0):
 PSYoungGen      total 301568K, used 7917K [0x000000076ab00000, 0x000000078f800000, 0x00000007c0000000)
  eden space 262144K, 0% used [0x000000076ab00000,0x000000076ab00000,0x000000077ab00000)
  from space 39424K, 20% used [0x000000077ab00000,0x000000077b2bb440,0x000000077d180000)
  to   space 39424K, 0% used [0x000000078d180000,0x000000078d180000,0x000000078f800000)
 ParOldGen       total 175104K, used 56372K [0x00000006c0000000, 0x00000006cab00000, 0x000000076ab00000)
  object space 175104K, 32% used [0x00000006c0000000,0x00000006c370d120,0x00000006cab00000)
 Metaspace       used 19041K, capacity 19223K, committed 19456K, reserved 1067008K
  class space    used 1894K, capacity 1984K, committed 2048K, reserved 1048576K
}

