# JRE version: Java(TM) SE Runtime Environment (8.0_111-b14) (build 1.8.0_111-b14)
# Java VM: Java HotSpot(TM) 64-Bit Server VM (25.111-b14 mixed mode bsd-amd64 compressed oops)
Heap:
 PSYoungGen      total 76288K, used 55313K [0x000000076ab00000, 0x0000000772480000, 0x00000007c0000000)
  eden space 65536K, 71% used [0x000000076ab00000,0x000000076d870f28,0x000000076eb00000)
  from space 10752K, 81% used [0x000000076eb00000,0x000000076f393630,0x000000076f580000)
  to   space 10752K, 0% used [0x0000000771a00000,0x0000000771a00000,0x0000000772480000)
 ParOldGen       total 112128K, used 16487K [0x00000006c0000000, 0x00000006c6d80000, 0x000000076ab00000)
  object space 112128K, 14% used [0x00000006c0000000,0x00000006c1019d10,0x00000006c6d80000)
 Metaspace       used 27275K, capacity 27517K, committed 27904K, reserved 1075200K
  class space    used 2148K, capacity 2240K, committed 2304K, reserved 1048576K
GC Heap History (8 events):
Event: 2.657 GC heap before
{Heap before GC invocations=1 (full 0):
 PSYoungGen      total 76288K, used 64754K [0x000000076ab00000, 0x0000000770000000, 0x00000007c0000000)
  eden space 65536K, 98% used [0x000000076ab00000,0x000000076ea3c910,0x000000076eb00000)
  from space 10752K, 0% used [0x000000076f580000,0x000000076f580000,0x0000000770000000)
  to   space 10752K, 0% used [0x000000076eb00000,0x000000076eb00000,0x000000076f580000)
 ParOldGen       total 175104K, used 0K [0x00000006c0000000, 0x00000006cab00000, 0x000000076ab00000)
  object space 175104K, 0% used [0x00000006c0000000,0x00000006c0000000,0x00000006cab00000)
 Metaspace       used 18916K, capacity 19083K, committed 19456K, reserved 1067008K
  class space    used 1917K, capacity 1982K, committed 2048K, reserved 1048576K
Event: 2.664 GC heap after
Heap after GC invocations=1 (full 0):
 PSYoungGen      total 76288K, used 10726K [0x000000076ab00000, 0x0000000770000000, 0x00000007c0000000)
  eden space 65536K, 0% used [0x000000076ab00000,0x000000076ab00000,0x000000076eb00000)
  from space 10752K, 99% used [0x000000076eb00000,0x000000076f5798e0,0x000000076f580000)
  to   space 10752K, 0% used [0x000000076f580000,0x000000076f580000,0x0000000770000000)
 ParOldGen       total 175104K, used 459K [0x00000006c0000000, 0x00000006cab00000, 0x000000076ab00000)
  object space 175104K, 0% used [0x00000006c0000000,0x00000006c0072f58,0x00000006cab00000)
 Metaspace       used 18916K, capacity 19083K, committed 19456K, reserved 1067008K
  class space    used 1917K, capacity 1982K, committed 2048K, reserved 1048576K
}
Event: 2.786 GC heap before
{Heap before GC invocations=2 (full 0):
 PSYoungGen      total 76288K, used 34832K [0x000000076ab00000, 0x0000000770000000, 0x00000007c0000000)
  eden space 65536K, 36% used [0x000000076ab00000,0x000000076c28a938,0x000000076eb00000)
  from space 10752K, 99% used [0x000000076eb00000,0x000000076f5798e0,0x000000076f580000)
  to   space 10752K, 0% used [0x000000076f580000,0x000000076f580000,0x0000000770000000)
 ParOldGen       total 175104K, used 459K [0x00000006c0000000, 0x00000006cab00000, 0x000000076ab00000)
  object space 175104K, 0% used [0x00000006c0000000,0x00000006c0072f58,0x00000006cab00000)
 Metaspace       used 20815K, capacity 20992K, committed 21296K, reserved 1069056K
  class space    used 1985K, capacity 2078K, committed 2176K, reserved 1048576K
Event: 2.792 GC heap after
Heap after GC invocations=2 (full 0):
 PSYoungGen      total 76288K, used 10749K [0x000000076ab00000, 0x0000000774000000, 0x00000007c0000000)
  eden space 65536K, 0% used [0x000000076ab00000,0x000000076ab00000,0x000000076eb00000)
  from space 10752K, 99% used [0x000000076f580000,0x000000076ffff4a0,0x0000000770000000)
  to   space 10752K, 0% used [0x000000076eb00000,0x000000076eb00000,0x000000076f580000)
 ParOldGen       total 175104K, used 6235K [0x00000006c0000000, 0x00000006cab00000, 0x000000076ab00000)
  object space 175104K, 3% used [0x00000006c0000000,0x00000006c0616d90,0x00000006cab00000)
 Metaspace       used 20815K, capacity 20992K, committed 21296K, reserved 1069056K
  class space    used 1985K, capacity 2078K, committed 2176K, reserved 1048576K
}
Event: 2.792 GC heap before
{Heap before GC invocations=3 (full 1):
 PSYoungGen      total 76288K, used 10749K [0x000000076ab00000, 0x0000000774000000, 0x00000007c0000000)
  eden space 65536K, 0% used [0x000000076ab00000,0x000000076ab00000,0x000000076eb00000)
  from space 10752K, 99% used [0x000000076f580000,0x000000076ffff4a0,0x0000000770000000)
  to   space 10752K, 0% used [0x000000076eb00000,0x000000076eb00000,0x000000076f580000)
 ParOldGen       total 175104K, used 6235K [0x00000006c0000000, 0x00000006cab00000, 0x000000076ab00000)
  object space 175104K, 3% used [0x00000006c0000000,0x00000006c0616d90,0x00000006cab00000)
 Metaspace       used 20815K, capacity 20992K, committed 21296K, reserved 1069056K
  class space    used 1985K, capacity 2078K, committed 2176K, reserved 1048576K
Event: 2.831 GC heap after
Heap after GC invocations=3 (full 1):
 PSYoungGen      total 76288K, used 0K [0x000000076ab00000, 0x0000000774000000, 0x00000007c0000000)
  eden space 65536K, 0% used [0x000000076ab00000,0x000000076ab00000,0x000000076eb00000)
  from space 10752K, 0% used [0x000000076f580000,0x000000076f580000,0x0000000770000000)
  to   space 10752K, 0% used [0x000000076eb00000,0x000000076eb00000,0x000000076f580000)
 ParOldGen       total 112128K, used 16479K [0x00000006c0000000, 0x00000006c6d80000, 0x000000076ab00000)
  object space 112128K, 14% used [0x00000006c0000000,0x00000006c1017d10,0x00000006c6d80000)
 Metaspace       used 20815K, capacity 20992K, committed 21296K, reserved 1069056K
  class space    used 1985K, capacity 2078K, committed 2176K, reserved 1048576K
}
Event: 6.461 GC heap before
{Heap before GC invocations=4 (full 1):
 PSYoungGen      total 76288K, used 65536K [0x000000076ab00000, 0x0000000774000000, 0x00000007c0000000)
  eden space 65536K, 100% used [0x000000076ab00000,0x000000076eb00000,0x000000076eb00000)
  from space 10752K, 0% used [0x000000076f580000,0x000000076f580000,0x0000000770000000)
  to   space 10752K, 0% used [0x000000076eb00000,0x000000076eb00000,0x000000076f580000)
 ParOldGen       total 112128K, used 16479K [0x00000006c0000000, 0x00000006c6d80000, 0x000000076ab00000)
  object space 112128K, 14% used [0x00000006c0000000,0x00000006c1017d10,0x00000006c6d80000)
 Metaspace       used 26944K, capacity 27133K, committed 27392K, reserved 1075200K
  class space    used 2140K, capacity 2240K, committed 2304K, reserved 1048576K
Event: 6.467 GC heap after
Heap after GC invocations=4 (full 1):
 PSYoungGen      total 76288K, used 8781K [0x000000076ab00000, 0x0000000772480000, 0x00000007c0000000)
  eden space 65536K, 0% used [0x000000076ab00000,0x000000076ab00000,0x000000076eb00000)
  from space 10752K, 81% used [0x000000076eb00000,0x000000076f393630,0x000000076f580000)
  to   space 10752K, 0% used [0x0000000771a00000,0x0000000771a00000,0x0000000772480000)
 ParOldGen       total 112128K, used 16487K [0x00000006c0000000, 0x00000006c6d80000, 0x000000076ab00000)
  object space 112128K, 14% used [0x00000006c0000000,0x00000006c1019d10,0x00000006c6d80000)
 Metaspace       used 26944K, capacity 27133K, committed 27392K, reserved 1075200K
  class space    used 2140K, capacity 2240K, committed 2304K, reserved 1048576K
}

