# JRE version: Java(TM) SE Runtime Environment (8.0_111-b14) (build 1.8.0_111-b14)
# Java VM: Java HotSpot(TM) 64-Bit Server VM (25.111-b14 mixed mode bsd-amd64 compressed oops)
Heap:
 PSYoungGen      total 871936K, used 680816K [0x000000076ab00000, 0x00000007a2180000, 0x00000007c0000000)
  eden space 839168K, 78% used [0x000000076ab00000,0x0000000793193f28,0x000000079de80000)
  from space 32768K, 57% used [0x00000007a0180000,0x00000007a13c8480,0x00000007a2180000)
  to   space 34304K, 0% used [0x000000079de80000,0x000000079de80000,0x00000007a0000000)
 ParOldGen       total 175104K, used 72545K [0x00000006c0000000, 0x00000006cab00000, 0x000000076ab00000)
  object space 175104K, 41% used [0x00000006c0000000,0x00000006c46d8718,0x00000006cab00000)
 Metaspace       used 19041K, capacity 19255K, committed 19456K, reserved 1067008K
  class space    used 1866K, capacity 1952K, committed 2048K, reserved 1048576K
GC Heap History (10 events):
Event: 7.462 GC heap before
{Heap before GC invocations=6 (full 0):
 PSYoungGen      total 141824K, used 141805K [0x000000076ab00000, 0x000000077fa00000, 0x00000007c0000000)
  eden space 131072K, 100% used [0x000000076ab00000,0x0000000772b00000,0x0000000772b00000)
  from space 10752K, 99% used [0x0000000772b00000,0x000000077357b480,0x0000000773580000)
  to   space 40448K, 0% used [0x000000077d280000,0x000000077d280000,0x000000077fa00000)
 ParOldGen       total 175104K, used 52398K [0x00000006c0000000, 0x00000006cab00000, 0x000000076ab00000)
  object space 175104K, 29% used [0x00000006c0000000,0x00000006c332b938,0x00000006cab00000)
 Metaspace       used 18735K, capacity 18935K, committed 19200K, reserved 1067008K
  class space    used 1858K, capacity 1952K, committed 2048K, reserved 1048576K
Event: 7.472 GC heap after
Heap after GC invocations=6 (full 0):
 PSYoungGen      total 301568K, used 11917K [0x000000076ab00000, 0x000000077f900000, 0x00000007c0000000)
  eden space 262144K, 0% used [0x000000076ab00000,0x000000076ab00000,0x000000077ab00000)
  from space 39424K, 30% used [0x000000077d280000,0x000000077de234c0,0x000000077f900000)
  to   space 39936K, 0% used [0x000000077ab00000,0x000000077ab00000,0x000000077d200000)
 ParOldGen       total 175104K, used 52398K [0x00000006c0000000, 0x00000006cab00000, 0x000000076ab00000)
  object space 175104K, 29% used [0x00000006c0000000,0x00000006c332b938,0x00000006cab00000)
 Metaspace       used 18735K, capacity 18935K, committed 19200K, reserved 1067008K
  class space    used 1858K, capacity 1952K, committed 2048K, reserved 1048576K
}
Event: 9.563 GC heap before
{Heap before GC invocations=7 (full 0):
 PSYoungGen      total 301568K, used 274061K [0x000000076ab00000, 0x000000077f900000, 0x00000007c0000000)
  eden space 262144K, 100% used [0x000000076ab00000,0x000000077ab00000,0x000000077ab00000)
  from space 39424K, 30% used [0x000000077d280000,0x000000077de234c0,0x000000077f900000)
  to   space 39936K, 0% used [0x000000077ab00000,0x000000077ab00000,0x000000077d200000)
 ParOldGen       total 175104K, used 52398K [0x00000006c0000000, 0x00000006cab00000, 0x000000076ab00000)
  object space 175104K, 29% used [0x00000006c0000000,0x00000006c332b938,0x00000006cab00000)
 Metaspace       used 18787K, capacity 18999K, committed 19200K, reserved 1067008K
  class space    used 1858K, capacity 1952K, committed 2048K, reserved 1048576K
Event: 9.573 GC heap after
Heap after GC invocations=7 (full 0):
 PSYoungGen      total 302080K, used 17053K [0x000000076ab00000, 0x000000078f400000, 0x00000007c0000000)
  eden space 262144K, 0% used [0x000000076ab00000,0x000000076ab00000,0x000000077ab00000)
  from space 39936K, 42% used [0x000000077ab00000,0x000000077bba7670,0x000000077d200000)
  to   space 37376K, 0% used [0x000000078cf80000,0x000000078cf80000,0x000000078f400000)
 ParOldGen       total 175104K, used 55556K [0x00000006c0000000, 0x00000006cab00000, 0x000000076ab00000)
  object space 175104K, 31% used [0x00000006c0000000,0x00000006c36410a8,0x00000006cab00000)
 Metaspace       used 18787K, capacity 18999K, committed 19200K, reserved 1067008K
  class space    used 1858K, capacity 1952K, committed 2048K, reserved 1048576K
}
Event: 10.633 GC heap before
{Heap before GC invocations=8 (full 0):
 PSYoungGen      total 302080K, used 279197K [0x000000076ab00000, 0x000000078f400000, 0x00000007c0000000)
  eden space 262144K, 100% used [0x000000076ab00000,0x000000077ab00000,0x000000077ab00000)
  from space 39936K, 42% used [0x000000077ab00000,0x000000077bba7670,0x000000077d200000)
  to   space 37376K, 0% used [0x000000078cf80000,0x000000078cf80000,0x000000078f400000)
 ParOldGen       total 175104K, used 55556K [0x00000006c0000000, 0x00000006cab00000, 0x000000076ab00000)
  object space 175104K, 31% used [0x00000006c0000000,0x00000006c36410a8,0x00000006cab00000)
 Metaspace       used 18815K, capacity 19063K, committed 19456K, reserved 1067008K
  class space    used 1859K, capacity 1952K, committed 2048K, reserved 1048576K
Event: 10.640 GC heap after
Heap after GC invocations=8 (full 0):
 PSYoungGen      total 561664K, used 10016K [0x000000076ab00000, 0x000000078f400000, 0x00000007c0000000)
  eden space 524288K, 0% used [0x000000076ab00000,0x000000076ab00000,0x000000078ab00000)
  from space 37376K, 26% used [0x000000078cf80000,0x000000078d948260,0x000000078f400000)
  to   space 37376K, 0% used [0x000000078ab00000,0x000000078ab00000,0x000000078cf80000)
 ParOldGen       total 175104K, used 62649K [0x00000006c0000000, 0x00000006cab00000, 0x000000076ab00000)
  object space 175104K, 35% used [0x00000006c0000000,0x00000006c3d2e4b8,0x00000006cab00000)
 Metaspace       used 18815K, capacity 19063K, committed 19456K, reserved 1067008K
  class space    used 1859K, capacity 1952K, committed 2048K, reserved 1048576K
}
Event: 12.629 GC heap before
{Heap before GC invocations=9 (full 0):
 PSYoungGen      total 561664K, used 534304K [0x000000076ab00000, 0x000000078f400000, 0x00000007c0000000)
  eden space 524288K, 100% used [0x000000076ab00000,0x000000078ab00000,0x000000078ab00000)
  from space 37376K, 26% used [0x000000078cf80000,0x000000078d948260,0x000000078f400000)
  to   space 37376K, 0% used [0x000000078ab00000,0x000000078ab00000,0x000000078cf80000)
 ParOldGen       total 175104K, used 62649K [0x00000006c0000000, 0x00000006cab00000, 0x000000076ab00000)
  object space 175104K, 35% used [0x00000006c0000000,0x00000006c3d2e4b8,0x00000006cab00000)
 Metaspace       used 18863K, capacity 19127K, committed 19456K, reserved 1067008K
  class space    used 1859K, capacity 1952K, committed 2048K, reserved 1048576K
Event: 12.636 GC heap after
Heap after GC invocations=9 (full 0):
 PSYoungGen      total 561664K, used 14880K [0x000000076ab00000, 0x00000007a2480000, 0x00000007c0000000)
  eden space 524288K, 0% used [0x000000076ab00000,0x000000076ab00000,0x000000078ab00000)
  from space 37376K, 39% used [0x000000078ab00000,0x000000078b988390,0x000000078cf80000)
  to   space 35840K, 0% used [0x00000007a0180000,0x00000007a0180000,0x00000007a2480000)
 ParOldGen       total 175104K, used 64281K [0x00000006c0000000, 0x00000006cab00000, 0x000000076ab00000)
  object space 175104K, 36% used [0x00000006c0000000,0x00000006c3ec6518,0x00000006cab00000)
 Metaspace       used 18863K, capacity 19127K, committed 19456K, reserved 1067008K
  class space    used 1859K, capacity 1952K, committed 2048K, reserved 1048576K
}
Event: 14.246 GC heap before
{Heap before GC invocations=10 (full 0):
 PSYoungGen      total 561664K, used 539168K [0x000000076ab00000, 0x00000007a2480000, 0x00000007c0000000)
  eden space 524288K, 100% used [0x000000076ab00000,0x000000078ab00000,0x000000078ab00000)
  from space 37376K, 39% used [0x000000078ab00000,0x000000078b988390,0x000000078cf80000)
  to   space 35840K, 0% used [0x00000007a0180000,0x00000007a0180000,0x00000007a2480000)
 ParOldGen       total 175104K, used 64281K [0x00000006c0000000, 0x00000006cab00000, 0x000000076ab00000)
  object space 175104K, 36% used [0x00000006c0000000,0x00000006c3ec6518,0x00000006cab00000)
 Metaspace       used 18934K, capacity 19191K, committed 19456K, reserved 1067008K
  class space    used 1859K, capacity 1952K, committed 2048K, reserved 1048576K
Event: 14.254 GC heap after
Heap after GC invocations=10 (full 0):
 PSYoungGen      total 871936K, used 18721K [0x000000076ab00000, 0x00000007a2180000, 0x00000007c0000000)
  eden space 839168K, 0% used [0x000000076ab00000,0x000000076ab00000,0x000000079de80000)
  from space 32768K, 57% used [0x00000007a0180000,0x00000007a13c8480,0x00000007a2180000)
  to   space 34304K, 0% used [0x000000079de80000,0x000000079de80000,0x00000007a0000000)
 ParOldGen       total 175104K, used 72545K [0x00000006c0000000, 0x00000006cab00000, 0x000000076ab00000)
  object space 175104K, 41% used [0x00000006c0000000,0x00000006c46d8718,0x00000006cab00000)
 Metaspace       used 18934K, capacity 19191K, committed 19456K, reserved 1067008K
  class space    used 1859K, capacity 1952K, committed 2048K, reserved 1048576K
}

