# JRE version: Java(TM) SE Runtime Environment (8.0_111-b14) (build 1.8.0_111-b14)
# Java VM: Java HotSpot(TM) 64-Bit Server VM (25.111-b14 mixed mode bsd-amd64 compressed oops)
Heap:
 PSYoungGen      total 298496K, used 125298K [0x000000076ab00000, 0x0000000794680000, 0x00000007c0000000)
  eden space 297984K, 41% used [0x000000076ab00000,0x000000077252cbf0,0x000000077ce00000)
  from space 512K, 37% used [0x0000000794600000,0x0000000794630000,0x0000000794680000)
  to   space 25600K, 0% used [0x0000000791480000,0x0000000791480000,0x0000000792d80000)
 ParOldGen       total 175104K, used 78921K [0x00000006c0000000, 0x00000006cab00000, 0x000000076ab00000)
  object space 175104K, 45% used [0x00000006c0000000,0x00000006c4d124b0,0x00000006cab00000)
 Metaspace       used 19761K, capacity 19959K, committed 20224K, reserved 1067008K
  class space    used 1930K, capacity 2016K, committed 2048K, reserved 1048576K
GC Heap History (10 events):
Event: 31.294 GC heap before
{Heap before GC invocations=18 (full 0):
 PSYoungGen      total 370688K, used 370224K [0x000000076ab00000, 0x0000000799b80000, 0x00000007c0000000)
  eden space 368128K, 100% used [0x000000076ab00000,0x0000000781280000,0x0000000781280000)
  from space 2560K, 81% used [0x0000000795d80000,0x0000000795f8c080,0x0000000796000000)
  to   space 31744K, 0% used [0x0000000797c80000,0x0000000797c80000,0x0000000799b80000)
 ParOldGen       total 175104K, used 76929K [0x00000006c0000000, 0x00000006cab00000, 0x000000076ab00000)
  object space 175104K, 43% used [0x00000006c0000000,0x00000006c4b20430,0x00000006cab00000)
 Metaspace       used 19603K, capacity 19799K, committed 19968K, reserved 1067008K
  class space    used 1922K, capacity 1984K, committed 2048K, reserved 1048576K
Event: 31.296 GC heap after
Heap after GC invocations=18 (full 0):
 PSYoungGen      total 353280K, used 128K [0x000000076ab00000, 0x0000000797d00000, 0x00000007c0000000)
  eden space 352768K, 0% used [0x000000076ab00000,0x000000076ab00000,0x0000000780380000)
  from space 512K, 25% used [0x0000000797c80000,0x0000000797ca0000,0x0000000797d00000)
  to   space 30720K, 0% used [0x0000000794100000,0x0000000794100000,0x0000000795f00000)
 ParOldGen       total 175104K, used 78801K [0x00000006c0000000, 0x00000006cab00000, 0x000000076ab00000)
  object space 175104K, 45% used [0x00000006c0000000,0x00000006c4cf44b0,0x00000006cab00000)
 Metaspace       used 19603K, capacity 19799K, committed 19968K, reserved 1067008K
  class space    used 1922K, capacity 1984K, committed 2048K, reserved 1048576K
}
Event: 32.687 GC heap before
{Heap before GC invocations=19 (full 0):
 PSYoungGen      total 353280K, used 352896K [0x000000076ab00000, 0x0000000797d00000, 0x00000007c0000000)
  eden space 352768K, 100% used [0x000000076ab00000,0x0000000780380000,0x0000000780380000)
  from space 512K, 25% used [0x0000000797c80000,0x0000000797ca0000,0x0000000797d00000)
  to   space 30720K, 0% used [0x0000000794100000,0x0000000794100000,0x0000000795f00000)
 ParOldGen       total 175104K, used 78801K [0x00000006c0000000, 0x00000006cab00000, 0x000000076ab00000)
  object space 175104K, 45% used [0x00000006c0000000,0x00000006c4cf44b0,0x00000006cab00000)
 Metaspace       used 19614K, capacity 19799K, committed 19968K, reserved 1067008K
  class space    used 1922K, capacity 1984K, committed 2048K, reserved 1048576K
Event: 32.688 GC heap after
Heap after GC invocations=19 (full 0):
 PSYoungGen      total 368640K, used 192K [0x000000076ab00000, 0x0000000797d00000, 0x00000007c0000000)
  eden space 337920K, 0% used [0x000000076ab00000,0x000000076ab00000,0x000000077f500000)
  from space 30720K, 0% used [0x0000000794100000,0x0000000794130000,0x0000000795f00000)
  to   space 29696K, 0% used [0x0000000796000000,0x0000000796000000,0x0000000797d00000)
 ParOldGen       total 175104K, used 78809K [0x00000006c0000000, 0x00000006cab00000, 0x000000076ab00000)
  object space 175104K, 45% used [0x00000006c0000000,0x00000006c4cf64b0,0x00000006cab00000)
 Metaspace       used 19614K, capacity 19799K, committed 19968K, reserved 1067008K
  class space    used 1922K, capacity 1984K, committed 2048K, reserved 1048576K
}
Event: 35.125 GC heap before
{Heap before GC invocations=20 (full 0):
 PSYoungGen      total 368640K, used 338112K [0x000000076ab00000, 0x0000000797d00000, 0x00000007c0000000)
  eden space 337920K, 100% used [0x000000076ab00000,0x000000077f500000,0x000000077f500000)
  from space 30720K, 0% used [0x0000000794100000,0x0000000794130000,0x0000000795f00000)
  to   space 29696K, 0% used [0x0000000796000000,0x0000000796000000,0x0000000797d00000)
 ParOldGen       total 175104K, used 78809K [0x00000006c0000000, 0x00000006cab00000, 0x000000076ab00000)
  object space 175104K, 45% used [0x00000006c0000000,0x00000006c4cf64b0,0x00000006cab00000)
 Metaspace       used 19631K, capacity 19799K, committed 19968K, reserved 1067008K
  class space    used 1922K, capacity 1984K, committed 2048K, reserved 1048576K
Event: 35.127 GC heap after
Heap after GC invocations=20 (full 0):
 PSYoungGen      total 324608K, used 192K [0x000000076ab00000, 0x0000000796080000, 0x00000007c0000000)
  eden space 324096K, 0% used [0x000000076ab00000,0x000000076ab00000,0x000000077e780000)
  from space 512K, 37% used [0x0000000796000000,0x0000000796030000,0x0000000796080000)
  to   space 28160K, 0% used [0x0000000792980000,0x0000000792980000,0x0000000794500000)
 ParOldGen       total 175104K, used 78841K [0x00000006c0000000, 0x00000006cab00000, 0x000000076ab00000)
  object space 175104K, 45% used [0x00000006c0000000,0x00000006c4cfe4b0,0x00000006cab00000)
 Metaspace       used 19631K, capacity 19799K, committed 19968K, reserved 1067008K
  class space    used 1922K, capacity 1984K, committed 2048K, reserved 1048576K
}
Event: 37.589 GC heap before
{Heap before GC invocations=21 (full 0):
 PSYoungGen      total 324608K, used 324288K [0x000000076ab00000, 0x0000000796080000, 0x00000007c0000000)
  eden space 324096K, 100% used [0x000000076ab00000,0x000000077e780000,0x000000077e780000)
  from space 512K, 37% used [0x0000000796000000,0x0000000796030000,0x0000000796080000)
  to   space 28160K, 0% used [0x0000000792980000,0x0000000792980000,0x0000000794500000)
 ParOldGen       total 175104K, used 78841K [0x00000006c0000000, 0x00000006cab00000, 0x000000076ab00000)
  object space 175104K, 45% used [0x00000006c0000000,0x00000006c4cfe4b0,0x00000006cab00000)
 Metaspace       used 19705K, capacity 19863K, committed 20224K, reserved 1067008K
  class space    used 1922K, capacity 1984K, committed 2048K, reserved 1048576K
Event: 37.590 GC heap after
Heap after GC invocations=21 (full 0):
 PSYoungGen      total 338944K, used 128K [0x000000076ab00000, 0x0000000796080000, 0x00000007c0000000)
  eden space 310784K, 0% used [0x000000076ab00000,0x000000076ab00000,0x000000077da80000)
  from space 28160K, 0% used [0x0000000792980000,0x00000007929a0000,0x0000000794500000)
  to   space 27136K, 0% used [0x0000000794600000,0x0000000794600000,0x0000000796080000)
 ParOldGen       total 175104K, used 78865K [0x00000006c0000000, 0x00000006cab00000, 0x000000076ab00000)
  object space 175104K, 45% used [0x00000006c0000000,0x00000006c4d044b0,0x00000006cab00000)
 Metaspace       used 19705K, capacity 19863K, committed 20224K, reserved 1067008K
  class space    used 1922K, capacity 1984K, committed 2048K, reserved 1048576K
}
Event: 39.821 GC heap before
{Heap before GC invocations=22 (full 0):
 PSYoungGen      total 338944K, used 310912K [0x000000076ab00000, 0x0000000796080000, 0x00000007c0000000)
  eden space 310784K, 100% used [0x000000076ab00000,0x000000077da80000,0x000000077da80000)
  from space 28160K, 0% used [0x0000000792980000,0x00000007929a0000,0x0000000794500000)
  to   space 27136K, 0% used [0x0000000794600000,0x0000000794600000,0x0000000796080000)
 ParOldGen       total 175104K, used 78865K [0x00000006c0000000, 0x00000006cab00000, 0x000000076ab00000)
  object space 175104K, 45% used [0x00000006c0000000,0x00000006c4d044b0,0x00000006cab00000)
 Metaspace       used 19719K, capacity 19927K, committed 20224K, reserved 1067008K
  class space    used 1922K, capacity 1984K, committed 2048K, reserved 1048576K
Event: 39.822 GC heap after
Heap after GC invocations=22 (full 0):
 PSYoungGen      total 298496K, used 192K [0x000000076ab00000, 0x0000000794680000, 0x00000007c0000000)
  eden space 297984K, 0% used [0x000000076ab00000,0x000000076ab00000,0x000000077ce00000)
  from space 512K, 37% used [0x0000000794600000,0x0000000794630000,0x0000000794680000)
  to   space 25600K, 0% used [0x0000000791480000,0x0000000791480000,0x0000000792d80000)
 ParOldGen       total 175104K, used 78921K [0x00000006c0000000, 0x00000006cab00000, 0x000000076ab00000)
  object space 175104K, 45% used [0x00000006c0000000,0x00000006c4d124b0,0x00000006cab00000)
 Metaspace       used 19719K, capacity 19927K, committed 20224K, reserved 1067008K
  class space    used 1922K, capacity 1984K, committed 2048K, reserved 1048576K
}

