# JRE version: Java(TM) SE Runtime Environment (8.0_111-b14) (build 1.8.0_111-b14)
# Java VM: Java HotSpot(TM) 64-Bit Server VM (25.111-b14 mixed mode bsd-amd64 compressed oops)
Heap:
 PSYoungGen      total 561664K, used 273386K [0x000000076ab00000, 0x00000007a2680000, 0x00000007c0000000)
  eden space 524288K, 50% used [0x000000076ab00000,0x000000077abf27c8,0x000000078ab00000)
  from space 37376K, 27% used [0x000000078ab00000,0x000000078b508270,0x000000078cf80000)
  to   space 36864K, 0% used [0x00000007a0280000,0x00000007a0280000,0x00000007a2680000)
 ParOldGen       total 175104K, used 63333K [0x00000006c0000000, 0x00000006cab00000, 0x000000076ab00000)
  object space 175104K, 36% used [0x00000006c0000000,0x00000006c3dd9430,0x00000006cab00000)
 Metaspace       used 18917K, capacity 19127K, committed 19456K, reserved 1067008K
  class space    used 1876K, capacity 1952K, committed 2048K, reserved 1048576K
GC Heap History (10 events):
Event: 6.099 GC heap before
{Heap before GC invocations=5 (full 0):
 PSYoungGen      total 141824K, used 141792K [0x000000076ab00000, 0x0000000774000000, 0x00000007c0000000)
  eden space 131072K, 100% used [0x000000076ab00000,0x0000000772b00000,0x0000000772b00000)
  from space 10752K, 99% used [0x0000000773580000,0x0000000773ff8010,0x0000000774000000)
  to   space 10752K, 0% used [0x0000000772b00000,0x0000000772b00000,0x0000000773580000)
 ParOldGen       total 175104K, used 51429K [0x00000006c0000000, 0x00000006cab00000, 0x000000076ab00000)
  object space 175104K, 29% used [0x00000006c0000000,0x00000006c3239598,0x00000006cab00000)
 Metaspace       used 18649K, capacity 18859K, committed 19200K, reserved 1067008K
  class space    used 1865K, capacity 1950K, committed 2048K, reserved 1048576K
Event: 6.110 GC heap after
Heap after GC invocations=5 (full 0):
 PSYoungGen      total 141824K, used 10736K [0x000000076ab00000, 0x000000077f900000, 0x00000007c0000000)
  eden space 131072K, 0% used [0x000000076ab00000,0x000000076ab00000,0x0000000772b00000)
  from space 10752K, 99% used [0x0000000772b00000,0x000000077357c040,0x0000000773580000)
  to   space 39936K, 0% used [0x000000077d200000,0x000000077d200000,0x000000077f900000)
 ParOldGen       total 175104K, used 52493K [0x00000006c0000000, 0x00000006cab00000, 0x000000076ab00000)
  object space 175104K, 29% used [0x00000006c0000000,0x00000006c33435b8,0x00000006cab00000)
 Metaspace       used 18649K, capacity 18859K, committed 19200K, reserved 1067008K
  class space    used 1865K, capacity 1950K, committed 2048K, reserved 1048576K
}
Event: 7.469 GC heap before
{Heap before GC invocations=6 (full 0):
 PSYoungGen      total 141824K, used 141808K [0x000000076ab00000, 0x000000077f900000, 0x00000007c0000000)
  eden space 131072K, 100% used [0x000000076ab00000,0x0000000772b00000,0x0000000772b00000)
  from space 10752K, 99% used [0x0000000772b00000,0x000000077357c040,0x0000000773580000)
  to   space 39936K, 0% used [0x000000077d200000,0x000000077d200000,0x000000077f900000)
 ParOldGen       total 175104K, used 52493K [0x00000006c0000000, 0x00000006cab00000, 0x000000076ab00000)
  object space 175104K, 29% used [0x00000006c0000000,0x00000006c33435b8,0x00000006cab00000)
 Metaspace       used 18718K, capacity 18929K, committed 19200K, reserved 1067008K
  class space    used 1867K, capacity 1951K, committed 2048K, reserved 1048576K
Event: 7.479 GC heap after
Heap after GC invocations=6 (full 0):
 PSYoungGen      total 301056K, used 10881K [0x000000076ab00000, 0x000000077f800000, 0x00000007c0000000)
  eden space 262144K, 0% used [0x000000076ab00000,0x000000076ab00000,0x000000077ab00000)
  from space 38912K, 27% used [0x000000077d200000,0x000000077dca0770,0x000000077f800000)
  to   space 39424K, 0% used [0x000000077ab00000,0x000000077ab00000,0x000000077d180000)
 ParOldGen       total 175104K, used 52501K [0x00000006c0000000, 0x00000006cab00000, 0x000000076ab00000)
  object space 175104K, 29% used [0x00000006c0000000,0x00000006c33455b8,0x00000006cab00000)
 Metaspace       used 18718K, capacity 18929K, committed 19200K, reserved 1067008K
  class space    used 1867K, capacity 1951K, committed 2048K, reserved 1048576K
}
Event: 9.902 GC heap before
{Heap before GC invocations=7 (full 0):
 PSYoungGen      total 301056K, used 273025K [0x000000076ab00000, 0x000000077f800000, 0x00000007c0000000)
  eden space 262144K, 100% used [0x000000076ab00000,0x000000077ab00000,0x000000077ab00000)
  from space 38912K, 27% used [0x000000077d200000,0x000000077dca0770,0x000000077f800000)
  to   space 39424K, 0% used [0x000000077ab00000,0x000000077ab00000,0x000000077d180000)
 ParOldGen       total 175104K, used 52501K [0x00000006c0000000, 0x00000006cab00000, 0x000000076ab00000)
  object space 175104K, 29% used [0x00000006c0000000,0x00000006c33455b8,0x00000006cab00000)
 Metaspace       used 18772K, capacity 18999K, committed 19200K, reserved 1067008K
  class space    used 1868K, capacity 1952K, committed 2048K, reserved 1048576K
Event: 9.917 GC heap after
Heap after GC invocations=7 (full 0):
 PSYoungGen      total 301568K, used 16112K [0x000000076ab00000, 0x000000078f500000, 0x00000007c0000000)
  eden space 262144K, 0% used [0x000000076ab00000,0x000000076ab00000,0x000000077ab00000)
  from space 39424K, 40% used [0x000000077ab00000,0x000000077babc1e0,0x000000077d180000)
  to   space 37888K, 0% used [0x000000078d000000,0x000000078d000000,0x000000078f500000)
 ParOldGen       total 175104K, used 54997K [0x00000006c0000000, 0x00000006cab00000, 0x000000076ab00000)
  object space 175104K, 31% used [0x00000006c0000000,0x00000006c35b5430,0x00000006cab00000)
 Metaspace       used 18772K, capacity 18999K, committed 19200K, reserved 1067008K
  class space    used 1868K, capacity 1952K, committed 2048K, reserved 1048576K
}
Event: 12.222 GC heap before
{Heap before GC invocations=8 (full 0):
 PSYoungGen      total 301568K, used 278256K [0x000000076ab00000, 0x000000078f500000, 0x00000007c0000000)
  eden space 262144K, 100% used [0x000000076ab00000,0x000000077ab00000,0x000000077ab00000)
  from space 39424K, 40% used [0x000000077ab00000,0x000000077babc1e0,0x000000077d180000)
  to   space 37888K, 0% used [0x000000078d000000,0x000000078d000000,0x000000078f500000)
 ParOldGen       total 175104K, used 54997K [0x00000006c0000000, 0x00000006cab00000, 0x000000076ab00000)
  object space 175104K, 31% used [0x00000006c0000000,0x00000006c35b5430,0x00000006cab00000)
 Metaspace       used 18808K, capacity 18999K, committed 19200K, reserved 1067008K
  class space    used 1869K, capacity 1952K, committed 2048K, reserved 1048576K
Event: 12.229 GC heap after
Heap after GC invocations=8 (full 0):
 PSYoungGen      total 561152K, used 8480K [0x000000076ab00000, 0x000000078f400000, 0x00000007c0000000)
  eden space 524288K, 0% used [0x000000076ab00000,0x000000076ab00000,0x000000078ab00000)
  from space 36864K, 23% used [0x000000078d000000,0x000000078d848200,0x000000078f400000)
  to   space 37376K, 0% used [0x000000078ab00000,0x000000078ab00000,0x000000078cf80000)
 ParOldGen       total 175104K, used 62765K [0x00000006c0000000, 0x00000006cab00000, 0x000000076ab00000)
  object space 175104K, 35% used [0x00000006c0000000,0x00000006c3d4b410,0x00000006cab00000)
 Metaspace       used 18808K, capacity 18999K, committed 19200K, reserved 1067008K
  class space    used 1869K, capacity 1952K, committed 2048K, reserved 1048576K
}
Event: 16.174 GC heap before
{Heap before GC invocations=9 (full 0):
 PSYoungGen      total 561152K, used 532768K [0x000000076ab00000, 0x000000078f400000, 0x00000007c0000000)
  eden space 524288K, 100% used [0x000000076ab00000,0x000000078ab00000,0x000000078ab00000)
  from space 36864K, 23% used [0x000000078d000000,0x000000078d848200,0x000000078f400000)
  to   space 37376K, 0% used [0x000000078ab00000,0x000000078ab00000,0x000000078cf80000)
 ParOldGen       total 175104K, used 62765K [0x00000006c0000000, 0x00000006cab00000, 0x000000076ab00000)
  object space 175104K, 35% used [0x00000006c0000000,0x00000006c3d4b410,0x00000006cab00000)
 Metaspace       used 18840K, capacity 19063K, committed 19456K, reserved 1067008K
  class space    used 1869K, capacity 1952K, committed 2048K, reserved 1048576K
Event: 16.179 GC heap after
Heap after GC invocations=9 (full 0):
 PSYoungGen      total 561664K, used 10272K [0x000000076ab00000, 0x00000007a2680000, 0x00000007c0000000)
  eden space 524288K, 0% used [0x000000076ab00000,0x000000076ab00000,0x000000078ab00000)
  from space 37376K, 27% used [0x000000078ab00000,0x000000078b508270,0x000000078cf80000)
  to   space 36864K, 0% used [0x00000007a0280000,0x00000007a0280000,0x00000007a2680000)
 ParOldGen       total 175104K, used 63333K [0x00000006c0000000, 0x00000006cab00000, 0x000000076ab00000)
  object space 175104K, 36% used [0x00000006c0000000,0x00000006c3dd9430,0x00000006cab00000)
 Metaspace       used 18840K, capacity 19063K, committed 19456K, reserved 1067008K
  class space    used 1869K, capacity 1952K, committed 2048K, reserved 1048576K
}

