# JRE version: Java(TM) SE Runtime Environment (8.0_111-b14) (build 1.8.0_111-b14)
# Java VM: Java HotSpot(TM) 64-Bit Server VM (25.111-b14 mixed mode bsd-amd64 compressed oops)
Heap:
 PSYoungGen      total 188928K, used 78480K [0x000000076ab00000, 0x000000077a700000, 0x00000007c0000000)
  eden space 185856K, 40% used [0x000000076ab00000,0x000000076f4ac380,0x0000000776080000)
  from space 3072K, 98% used [0x000000077a400000,0x000000077a6f8050,0x000000077a700000)
  to   space 32768K, 0% used [0x0000000776700000,0x0000000776700000,0x0000000778700000)
 ParOldGen       total 110592K, used 76823K [0x00000006c0000000, 0x00000006c6c00000, 0x000000076ab00000)
  object space 110592K, 69% used [0x00000006c0000000,0x00000006c4b05ee8,0x00000006c6c00000)
 Metaspace       used 28144K, capacity 28295K, committed 28672K, reserved 1075200K
  class space    used 2166K, capacity 2241K, committed 2304K, reserved 1048576K
GC Heap History (10 events):
Event: 50.198 GC heap before
{Heap before GC invocations=9 (full 1):
 PSYoungGen      total 169984K, used 169851K [0x000000076ab00000, 0x0000000779d80000, 0x00000007c0000000)
  eden space 153088K, 100% used [0x000000076ab00000,0x0000000774080000,0x0000000774080000)
  from space 16896K, 99% used [0x0000000774080000,0x00000007750decb8,0x0000000775100000)
  to   space 18944K, 0% used [0x0000000778b00000,0x0000000778b00000,0x0000000779d80000)
 ParOldGen       total 110592K, used 26673K [0x00000006c0000000, 0x00000006c6c00000, 0x000000076ab00000)
  object space 110592K, 24% used [0x00000006c0000000,0x00000006c1a0c7f8,0x00000006c6c00000)
 Metaspace       used 27861K, capacity 28097K, committed 28416K, reserved 1075200K
  class space    used 2146K, capacity 2240K, committed 2304K, reserved 1048576K
Event: 50.209 GC heap after
Heap after GC invocations=9 (full 1):
 PSYoungGen      total 220672K, used 18843K [0x000000076ab00000, 0x0000000779d80000, 0x00000007c0000000)
  eden space 201728K, 0% used [0x000000076ab00000,0x000000076ab00000,0x0000000777000000)
  from space 18944K, 99% used [0x0000000778b00000,0x0000000779d66d28,0x0000000779d80000)
  to   space 20992K, 0% used [0x0000000777480000,0x0000000777480000,0x0000000778900000)
 ParOldGen       total 110592K, used 28218K [0x00000006c0000000, 0x00000006c6c00000, 0x000000076ab00000)
  object space 110592K, 25% used [0x00000006c0000000,0x00000006c1b8e858,0x00000006c6c00000)
 Metaspace       used 27861K, capacity 28097K, committed 28416K, reserved 1075200K
  class space    used 2146K, capacity 2240K, committed 2304K, reserved 1048576K
}
Event: 65.650 GC heap before
{Heap before GC invocations=10 (full 1):
 PSYoungGen      total 220672K, used 220571K [0x000000076ab00000, 0x0000000779d80000, 0x00000007c0000000)
  eden space 201728K, 100% used [0x000000076ab00000,0x0000000777000000,0x0000000777000000)
  from space 18944K, 99% used [0x0000000778b00000,0x0000000779d66d28,0x0000000779d80000)
  to   space 20992K, 0% used [0x0000000777480000,0x0000000777480000,0x0000000778900000)
 ParOldGen       total 110592K, used 28218K [0x00000006c0000000, 0x00000006c6c00000, 0x000000076ab00000)
  object space 110592K, 25% used [0x00000006c0000000,0x00000006c1b8e858,0x00000006c6c00000)
 Metaspace       used 27926K, capacity 28161K, committed 28416K, reserved 1075200K
  class space    used 2146K, capacity 2240K, committed 2304K, reserved 1048576K
Event: 65.665 GC heap after
Heap after GC invocations=10 (full 1):
 PSYoungGen      total 227328K, used 20987K [0x000000076ab00000, 0x000000077bd00000, 0x00000007c0000000)
  eden space 206336K, 0% used [0x000000076ab00000,0x000000076ab00000,0x0000000777480000)
  from space 20992K, 99% used [0x0000000777480000,0x00000007788fef18,0x0000000778900000)
  to   space 23040K, 0% used [0x000000077a680000,0x000000077a680000,0x000000077bd00000)
 ParOldGen       total 110592K, used 34626K [0x00000006c0000000, 0x00000006c6c00000, 0x000000076ab00000)
  object space 110592K, 31% used [0x00000006c0000000,0x00000006c21d09e8,0x00000006c6c00000)
 Metaspace       used 27926K, capacity 28161K, committed 28416K, reserved 1075200K
  class space    used 2146K, capacity 2240K, committed 2304K, reserved 1048576K
}
Event: 76.719 GC heap before
{Heap before GC invocations=11 (full 1):
 PSYoungGen      total 227328K, used 227323K [0x000000076ab00000, 0x000000077bd00000, 0x00000007c0000000)
  eden space 206336K, 100% used [0x000000076ab00000,0x0000000777480000,0x0000000777480000)
  from space 20992K, 99% used [0x0000000777480000,0x00000007788fef18,0x0000000778900000)
  to   space 23040K, 0% used [0x000000077a680000,0x000000077a680000,0x000000077bd00000)
 ParOldGen       total 110592K, used 34626K [0x00000006c0000000, 0x00000006c6c00000, 0x000000076ab00000)
  object space 110592K, 31% used [0x00000006c0000000,0x00000006c21d09e8,0x00000006c6c00000)
 Metaspace       used 28033K, capacity 28289K, committed 28672K, reserved 1075200K
  class space    used 2146K, capacity 2240K, committed 2304K, reserved 1048576K
Event: 76.736 GC heap after
Heap after GC invocations=11 (full 1):
 PSYoungGen      total 222208K, used 22875K [0x000000076ab00000, 0x000000077bd00000, 0x00000007c0000000)
  eden space 199168K, 0% used [0x000000076ab00000,0x000000076ab00000,0x0000000776d80000)
  from space 23040K, 99% used [0x000000077a680000,0x000000077bcd6f78,0x000000077bd00000)
  to   space 25600K, 0% used [0x0000000778b00000,0x0000000778b00000,0x000000077a400000)
 ParOldGen       total 110592K, used 47947K [0x00000006c0000000, 0x00000006c6c00000, 0x000000076ab00000)
  object space 110592K, 43% used [0x00000006c0000000,0x00000006c2ed2d28,0x00000006c6c00000)
 Metaspace       used 28033K, capacity 28289K, committed 28672K, reserved 1075200K
  class space    used 2146K, capacity 2240K, committed 2304K, reserved 1048576K
}
Event: 92.103 GC heap before
{Heap before GC invocations=12 (full 1):
 PSYoungGen      total 222208K, used 222043K [0x000000076ab00000, 0x000000077bd00000, 0x00000007c0000000)
  eden space 199168K, 100% used [0x000000076ab00000,0x0000000776d80000,0x0000000776d80000)
  from space 23040K, 99% used [0x000000077a680000,0x000000077bcd6f78,0x000000077bd00000)
  to   space 25600K, 0% used [0x0000000778b00000,0x0000000778b00000,0x000000077a400000)
 ParOldGen       total 110592K, used 47947K [0x00000006c0000000, 0x00000006c6c00000, 0x000000076ab00000)
  object space 110592K, 43% used [0x00000006c0000000,0x00000006c2ed2d28,0x00000006c6c00000)
 Metaspace       used 28101K, capacity 28295K, committed 28672K, reserved 1075200K
  class space    used 2160K, capacity 2241K, committed 2304K, reserved 1048576K
Event: 92.112 GC heap after
Heap after GC invocations=12 (full 1):
 PSYoungGen      total 218112K, used 25595K [0x000000076ab00000, 0x000000077a700000, 0x00000007c0000000)
  eden space 192512K, 0% used [0x000000076ab00000,0x000000076ab00000,0x0000000776700000)
  from space 25600K, 99% used [0x0000000778b00000,0x000000077a3feff8,0x000000077a400000)
  to   space 3072K, 0% used [0x000000077a400000,0x000000077a400000,0x000000077a700000)
 ParOldGen       total 110592K, used 50539K [0x00000006c0000000, 0x00000006c6c00000, 0x000000076ab00000)
  object space 110592K, 45% used [0x00000006c0000000,0x00000006c315adc8,0x00000006c6c00000)
 Metaspace       used 28101K, capacity 28295K, committed 28672K, reserved 1075200K
  class space    used 2160K, capacity 2241K, committed 2304K, reserved 1048576K
}
Event: 107.456 GC heap before
{Heap before GC invocations=13 (full 1):
 PSYoungGen      total 218112K, used 218107K [0x000000076ab00000, 0x000000077a700000, 0x00000007c0000000)
  eden space 192512K, 100% used [0x000000076ab00000,0x0000000776700000,0x0000000776700000)
  from space 25600K, 99% used [0x0000000778b00000,0x000000077a3feff8,0x000000077a400000)
  to   space 3072K, 0% used [0x000000077a400000,0x000000077a400000,0x000000077a700000)
 ParOldGen       total 110592K, used 50539K [0x00000006c0000000, 0x00000006c6c00000, 0x000000076ab00000)
  object space 110592K, 45% used [0x00000006c0000000,0x00000006c315adc8,0x00000006c6c00000)
 Metaspace       used 28115K, capacity 28295K, committed 28672K, reserved 1075200K
  class space    used 2160K, capacity 2241K, committed 2304K, reserved 1048576K
Event: 107.471 GC heap after
Heap after GC invocations=13 (full 1):
 PSYoungGen      total 188928K, used 3040K [0x000000076ab00000, 0x000000077a700000, 0x00000007c0000000)
  eden space 185856K, 0% used [0x000000076ab00000,0x000000076ab00000,0x0000000776080000)
  from space 3072K, 98% used [0x000000077a400000,0x000000077a6f8050,0x000000077a700000)
  to   space 32768K, 0% used [0x0000000776700000,0x0000000776700000,0x0000000778700000)
 ParOldGen       total 110592K, used 76823K [0x00000006c0000000, 0x00000006c6c00000, 0x000000076ab00000)
  object space 110592K, 69% used [0x00000006c0000000,0x00000006c4b05ee8,0x00000006c6c00000)
 Metaspace       used 28115K, capacity 28295K, committed 28672K, reserved 1075200K
  class space    used 2160K, capacity 2241K, committed 2304K, reserved 1048576K
}

