# JRE version: Java(TM) SE Runtime Environment (8.0_111-b14) (build 1.8.0_111-b14)
# Java VM: Java HotSpot(TM) 64-Bit Server VM (25.111-b14 mixed mode bsd-amd64 compressed oops)
Heap:
 PSYoungGen      total 559616K, used 177302K [0x000000076ab00000, 0x00000007a2480000, 0x00000007c0000000)
  eden space 524288K, 32% used [0x000000076ab00000,0x000000077505d8c0,0x000000078ab00000)
  from space 35328K, 22% used [0x000000078ab00000,0x000000078b2c81e0,0x000000078cd80000)
  to   space 35840K, 0% used [0x00000007a0180000,0x00000007a0180000,0x00000007a2480000)
 ParOldGen       total 175104K, used 69055K [0x00000006c0000000, 0x00000006cab00000, 0x000000076ab00000)
  object space 175104K, 39% used [0x00000006c0000000,0x00000006c436ff78,0x00000006cab00000)
 Metaspace       used 18892K, capacity 19123K, committed 19456K, reserved 1067008K
  class space    used 1862K, capacity 1952K, committed 2048K, reserved 1048576K
GC Heap History (10 events):
Event: 6.004 GC heap before
{Heap before GC invocations=5 (full 0):
 PSYoungGen      total 141824K, used 141807K [0x000000076ab00000, 0x0000000774000000, 0x00000007c0000000)
  eden space 131072K, 100% used [0x000000076ab00000,0x0000000772b00000,0x0000000772b00000)
  from space 10752K, 99% used [0x0000000773580000,0x0000000773ffbfd0,0x0000000774000000)
  to   space 10752K, 0% used [0x0000000772b00000,0x0000000772b00000,0x0000000773580000)
 ParOldGen       total 175104K, used 51248K [0x00000006c0000000, 0x00000006cab00000, 0x000000076ab00000)
  object space 175104K, 29% used [0x00000006c0000000,0x00000006c320c1b0,0x00000006cab00000)
 Metaspace       used 18630K, capacity 18851K, committed 19200K, reserved 1067008K
  class space    used 1852K, capacity 1950K, committed 2048K, reserved 1048576K
Event: 6.015 GC heap after
Heap after GC invocations=5 (full 0):
 PSYoungGen      total 141824K, used 10751K [0x000000076ab00000, 0x000000077f900000, 0x00000007c0000000)
  eden space 131072K, 0% used [0x000000076ab00000,0x000000076ab00000,0x0000000772b00000)
  from space 10752K, 99% used [0x0000000772b00000,0x000000077357ffd0,0x0000000773580000)
  to   space 39936K, 0% used [0x000000077d200000,0x000000077d200000,0x000000077f900000)
 ParOldGen       total 175104K, used 52344K [0x00000006c0000000, 0x00000006cab00000, 0x000000076ab00000)
  object space 175104K, 29% used [0x00000006c0000000,0x00000006c331e1e0,0x00000006cab00000)
 Metaspace       used 18630K, capacity 18851K, committed 19200K, reserved 1067008K
  class space    used 1852K, capacity 1950K, committed 2048K, reserved 1048576K
}
Event: 7.190 GC heap before
{Heap before GC invocations=6 (full 0):
 PSYoungGen      total 141824K, used 141823K [0x000000076ab00000, 0x000000077f900000, 0x00000007c0000000)
  eden space 131072K, 100% used [0x000000076ab00000,0x0000000772b00000,0x0000000772b00000)
  from space 10752K, 99% used [0x0000000772b00000,0x000000077357ffd0,0x0000000773580000)
  to   space 39936K, 0% used [0x000000077d200000,0x000000077d200000,0x000000077f900000)
 ParOldGen       total 175104K, used 52344K [0x00000006c0000000, 0x00000006cab00000, 0x000000076ab00000)
  object space 175104K, 29% used [0x00000006c0000000,0x00000006c331e1e0,0x00000006cab00000)
 Metaspace       used 18691K, capacity 18921K, committed 19200K, reserved 1067008K
  class space    used 1853K, capacity 1951K, committed 2048K, reserved 1048576K
Event: 7.204 GC heap after
Heap after GC invocations=6 (full 0):
 PSYoungGen      total 297984K, used 16802K [0x000000076ab00000, 0x000000077f500000, 0x00000007c0000000)
  eden space 262144K, 0% used [0x000000076ab00000,0x000000076ab00000,0x000000077ab00000)
  from space 35840K, 46% used [0x000000077d200000,0x000000077e268880,0x000000077f500000)
  to   space 37888K, 0% used [0x000000077ab00000,0x000000077ab00000,0x000000077d000000)
 ParOldGen       total 175104K, used 52344K [0x00000006c0000000, 0x00000006cab00000, 0x000000076ab00000)
  object space 175104K, 29% used [0x00000006c0000000,0x00000006c331e1e0,0x00000006cab00000)
 Metaspace       used 18691K, capacity 18921K, committed 19200K, reserved 1067008K
  class space    used 1853K, capacity 1951K, committed 2048K, reserved 1048576K
}
Event: 9.613 GC heap before
{Heap before GC invocations=7 (full 0):
 PSYoungGen      total 297984K, used 278946K [0x000000076ab00000, 0x000000077f500000, 0x00000007c0000000)
  eden space 262144K, 100% used [0x000000076ab00000,0x000000077ab00000,0x000000077ab00000)
  from space 35840K, 46% used [0x000000077d200000,0x000000077e268880,0x000000077f500000)
  to   space 37888K, 0% used [0x000000077ab00000,0x000000077ab00000,0x000000077d000000)
 ParOldGen       total 175104K, used 52344K [0x00000006c0000000, 0x00000006cab00000, 0x000000076ab00000)
  object space 175104K, 29% used [0x00000006c0000000,0x00000006c331e1e0,0x00000006cab00000)
 Metaspace       used 18743K, capacity 18931K, committed 19200K, reserved 1067008K
  class space    used 1854K, capacity 1952K, committed 2048K, reserved 1048576K
Event: 9.624 GC heap after
Heap after GC invocations=7 (full 0):
 PSYoungGen      total 300032K, used 18768K [0x000000076ab00000, 0x000000078f100000, 0x00000007c0000000)
  eden space 262144K, 0% used [0x000000076ab00000,0x000000076ab00000,0x000000077ab00000)
  from space 37888K, 49% used [0x000000077ab00000,0x000000077bd54250,0x000000077d000000)
  to   space 35840K, 0% used [0x000000078ce00000,0x000000078ce00000,0x000000078f100000)
 ParOldGen       total 175104K, used 55047K [0x00000006c0000000, 0x00000006cab00000, 0x000000076ab00000)
  object space 175104K, 31% used [0x00000006c0000000,0x00000006c35c1e48,0x00000006cab00000)
 Metaspace       used 18743K, capacity 18931K, committed 19200K, reserved 1067008K
  class space    used 1854K, capacity 1952K, committed 2048K, reserved 1048576K
}
Event: 12.533 GC heap before
{Heap before GC invocations=8 (full 0):
 PSYoungGen      total 300032K, used 280912K [0x000000076ab00000, 0x000000078f100000, 0x00000007c0000000)
  eden space 262144K, 100% used [0x000000076ab00000,0x000000077ab00000,0x000000077ab00000)
  from space 37888K, 49% used [0x000000077ab00000,0x000000077bd54250,0x000000077d000000)
  to   space 35840K, 0% used [0x000000078ce00000,0x000000078ce00000,0x000000078f100000)
 ParOldGen       total 175104K, used 55047K [0x00000006c0000000, 0x00000006cab00000, 0x000000076ab00000)
  object space 175104K, 31% used [0x00000006c0000000,0x00000006c35c1e48,0x00000006cab00000)
 Metaspace       used 18795K, capacity 18995K, committed 19200K, reserved 1067008K
  class space    used 1854K, capacity 1952K, committed 2048K, reserved 1048576K
Event: 12.541 GC heap after
Heap after GC invocations=8 (full 0):
 PSYoungGen      total 559104K, used 14144K [0x000000076ab00000, 0x000000078f000000, 0x00000007c0000000)
  eden space 524288K, 0% used [0x000000076ab00000,0x000000076ab00000,0x000000078ab00000)
  from space 34816K, 40% used [0x000000078ce00000,0x000000078dbd0360,0x000000078f000000)
  to   space 35328K, 0% used [0x000000078ab00000,0x000000078ab00000,0x000000078cd80000)
 ParOldGen       total 175104K, used 62823K [0x00000006c0000000, 0x00000006cab00000, 0x000000076ab00000)
  object space 175104K, 35% used [0x00000006c0000000,0x00000006c3d59df8,0x00000006cab00000)
 Metaspace       used 18795K, capacity 18995K, committed 19200K, reserved 1067008K
  class space    used 1854K, capacity 1952K, committed 2048K, reserved 1048576K
}
Event: 18.680 GC heap before
{Heap before GC invocations=9 (full 0):
 PSYoungGen      total 559104K, used 538432K [0x000000076ab00000, 0x000000078f000000, 0x00000007c0000000)
  eden space 524288K, 100% used [0x000000076ab00000,0x000000078ab00000,0x000000078ab00000)
  from space 34816K, 40% used [0x000000078ce00000,0x000000078dbd0360,0x000000078f000000)
  to   space 35328K, 0% used [0x000000078ab00000,0x000000078ab00000,0x000000078cd80000)
 ParOldGen       total 175104K, used 62823K [0x00000006c0000000, 0x00000006cab00000, 0x000000076ab00000)
  object space 175104K, 35% used [0x00000006c0000000,0x00000006c3d59df8,0x00000006cab00000)
 Metaspace       used 18839K, capacity 19059K, committed 19200K, reserved 1067008K
  class space    used 1854K, capacity 1952K, committed 2048K, reserved 1048576K
Event: 18.686 GC heap after
Heap after GC invocations=9 (full 0):
 PSYoungGen      total 559616K, used 7968K [0x000000076ab00000, 0x00000007a2480000, 0x00000007c0000000)
  eden space 524288K, 0% used [0x000000076ab00000,0x000000076ab00000,0x000000078ab00000)
  from space 35328K, 22% used [0x000000078ab00000,0x000000078b2c81e0,0x000000078cd80000)
  to   space 35840K, 0% used [0x00000007a0180000,0x00000007a0180000,0x00000007a2480000)
 ParOldGen       total 175104K, used 69055K [0x00000006c0000000, 0x00000006cab00000, 0x000000076ab00000)
  object space 175104K, 39% used [0x00000006c0000000,0x00000006c436ff78,0x00000006cab00000)
 Metaspace       used 18839K, capacity 19059K, committed 19200K, reserved 1067008K
  class space    used 1854K, capacity 1952K, committed 2048K, reserved 1048576K
}

