# JRE version: Java(TM) SE Runtime Environment (8.0_111-b14) (build 1.8.0_111-b14)
# Java VM: Java HotSpot(TM) 64-Bit Server VM (25.111-b14 mixed mode bsd-amd64 compressed oops)
Heap:
 PSYoungGen      total 79360K, used 25885K [0x000000076ab00000, 0x0000000770d00000, 0x00000007c0000000)
  eden space 62464K, 24% used [0x000000076ab00000,0x000000076b9e1fb0,0x000000076e800000)
  from space 16896K, 63% used [0x000000076fc80000,0x00000007706e54d0,0x0000000770d00000)
  to   space 18944K, 0% used [0x000000076e800000,0x000000076e800000,0x000000076fa80000)
 ParOldGen       total 175104K, used 13261K [0x00000006c0000000, 0x00000006cab00000, 0x000000076ab00000)
  object space 175104K, 7% used [0x00000006c0000000,0x00000006c0cf34a0,0x00000006cab00000)
 Metaspace       used 19238K, capacity 19431K, committed 19712K, reserved 1067008K
  class space    used 1879K, capacity 1952K, committed 2048K, reserved 1048576K
GC Heap History (10 events):
Event: 3.858 GC heap before
{Heap before GC invocations=2 (full 0):
 PSYoungGen      total 76288K, used 76264K [0x000000076ab00000, 0x0000000770000000, 0x00000007c0000000)
  eden space 65536K, 100% used [0x000000076ab00000,0x000000076eb00000,0x000000076eb00000)
  from space 10752K, 99% used [0x000000076eb00000,0x000000076f57a060,0x000000076f580000)
  to   space 10752K, 0% used [0x000000076f580000,0x000000076f580000,0x0000000770000000)
 ParOldGen       total 175104K, used 3189K [0x00000006c0000000, 0x00000006cab00000, 0x000000076ab00000)
  object space 175104K, 1% used [0x00000006c0000000,0x00000006c031d680,0x00000006cab00000)
 Metaspace       used 18668K, capacity 18851K, committed 19200K, reserved 1067008K
  class space    used 1872K, capacity 1952K, committed 2048K, reserved 1048576K
Event: 3.869 GC heap after
Heap after GC invocations=2 (full 0):
 PSYoungGen      total 76288K, used 10741K [0x000000076ab00000, 0x0000000770000000, 0x00000007c0000000)
  eden space 65536K, 0% used [0x000000076ab00000,0x000000076ab00000,0x000000076eb00000)
  from space 10752K, 99% used [0x000000076f580000,0x000000076fffd4d0,0x0000000770000000)
  to   space 10752K, 0% used [0x000000076eb00000,0x000000076eb00000,0x000000076f580000)
 ParOldGen       total 175104K, used 10357K [0x00000006c0000000, 0x00000006cab00000, 0x000000076ab00000)
  object space 175104K, 5% used [0x00000006c0000000,0x00000006c0a1d410,0x00000006cab00000)
 Metaspace       used 18668K, capacity 18851K, committed 19200K, reserved 1067008K
  class space    used 1872K, capacity 1952K, committed 2048K, reserved 1048576K
}
Event: 9.374 GC heap before
{Heap before GC invocations=3 (full 0):
 PSYoungGen      total 76288K, used 76277K [0x000000076ab00000, 0x0000000770000000, 0x00000007c0000000)
  eden space 65536K, 100% used [0x000000076ab00000,0x000000076eb00000,0x000000076eb00000)
  from space 10752K, 99% used [0x000000076f580000,0x000000076fffd4d0,0x0000000770000000)
  to   space 10752K, 0% used [0x000000076eb00000,0x000000076eb00000,0x000000076f580000)
 ParOldGen       total 175104K, used 10357K [0x00000006c0000000, 0x00000006cab00000, 0x000000076ab00000)
  object space 175104K, 5% used [0x00000006c0000000,0x00000006c0a1d410,0x00000006cab00000)
 Metaspace       used 19069K, capacity 19299K, committed 19456K, reserved 1067008K
  class space    used 1872K, capacity 1952K, committed 2048K, reserved 1048576K
Event: 9.380 GC heap after
Heap after GC invocations=3 (full 0):
 PSYoungGen      total 76288K, used 10725K [0x000000076ab00000, 0x0000000770000000, 0x00000007c0000000)
  eden space 65536K, 0% used [0x000000076ab00000,0x000000076ab00000,0x000000076eb00000)
  from space 10752K, 99% used [0x000000076eb00000,0x000000076f579500,0x000000076f580000)
  to   space 10752K, 0% used [0x000000076f580000,0x000000076f580000,0x0000000770000000)
 ParOldGen       total 175104K, used 13245K [0x00000006c0000000, 0x00000006cab00000, 0x000000076ab00000)
  object space 175104K, 7% used [0x00000006c0000000,0x00000006c0cef4a0,0x00000006cab00000)
 Metaspace       used 19069K, capacity 19299K, committed 19456K, reserved 1067008K
  class space    used 1872K, capacity 1952K, committed 2048K, reserved 1048576K
}
Event: 19.224 GC heap before
{Heap before GC invocations=4 (full 0):
 PSYoungGen      total 76288K, used 76261K [0x000000076ab00000, 0x0000000770000000, 0x00000007c0000000)
  eden space 65536K, 100% used [0x000000076ab00000,0x000000076eb00000,0x000000076eb00000)
  from space 10752K, 99% used [0x000000076eb00000,0x000000076f579500,0x000000076f580000)
  to   space 10752K, 0% used [0x000000076f580000,0x000000076f580000,0x0000000770000000)
 ParOldGen       total 175104K, used 13245K [0x00000006c0000000, 0x00000006cab00000, 0x000000076ab00000)
  object space 175104K, 7% used [0x00000006c0000000,0x00000006c0cef4a0,0x00000006cab00000)
 Metaspace       used 19185K, capacity 19431K, committed 19712K, reserved 1067008K
  class space    used 1872K, capacity 1952K, committed 2048K, reserved 1048576K
Event: 19.229 GC heap after
Heap after GC invocations=4 (full 0):
 PSYoungGen      total 76288K, used 10661K [0x000000076ab00000, 0x0000000770000000, 0x00000007c0000000)
  eden space 65536K, 0% used [0x000000076ab00000,0x000000076ab00000,0x000000076eb00000)
  from space 10752K, 99% used [0x000000076f580000,0x000000076ffe94e0,0x0000000770000000)
  to   space 10752K, 0% used [0x000000076eb00000,0x000000076eb00000,0x000000076f580000)
 ParOldGen       total 175104K, used 13253K [0x00000006c0000000, 0x00000006cab00000, 0x000000076ab00000)
  object space 175104K, 7% used [0x00000006c0000000,0x00000006c0cf14a0,0x00000006cab00000)
 Metaspace       used 19185K, capacity 19431K, committed 19712K, reserved 1067008K
  class space    used 1872K, capacity 1952K, committed 2048K, reserved 1048576K
}
Event: 29.277 GC heap before
{Heap before GC invocations=5 (full 0):
 PSYoungGen      total 76288K, used 76197K [0x000000076ab00000, 0x0000000770000000, 0x00000007c0000000)
  eden space 65536K, 100% used [0x000000076ab00000,0x000000076eb00000,0x000000076eb00000)
  from space 10752K, 99% used [0x000000076f580000,0x000000076ffe94e0,0x0000000770000000)
  to   space 10752K, 0% used [0x000000076eb00000,0x000000076eb00000,0x000000076f580000)
 ParOldGen       total 175104K, used 13253K [0x00000006c0000000, 0x00000006cab00000, 0x000000076ab00000)
  object space 175104K, 7% used [0x00000006c0000000,0x00000006c0cf14a0,0x00000006cab00000)
 Metaspace       used 19187K, capacity 19431K, committed 19712K, reserved 1067008K
  class space    used 1872K, capacity 1952K, committed 2048K, reserved 1048576K
Event: 29.284 GC heap after
Heap after GC invocations=5 (full 0):
 PSYoungGen      total 74752K, used 10645K [0x000000076ab00000, 0x0000000770f80000, 0x00000007c0000000)
  eden space 64000K, 0% used [0x000000076ab00000,0x000000076ab00000,0x000000076e980000)
  from space 10752K, 99% used [0x000000076eb00000,0x000000076f5654d0,0x000000076f580000)
  to   space 19456K, 0% used [0x000000076fc80000,0x000000076fc80000,0x0000000770f80000)
 ParOldGen       total 175104K, used 13253K [0x00000006c0000000, 0x00000006cab00000, 0x000000076ab00000)
  object space 175104K, 7% used [0x00000006c0000000,0x00000006c0cf14a0,0x00000006cab00000)
 Metaspace       used 19187K, capacity 19431K, committed 19712K, reserved 1067008K
  class space    used 1872K, capacity 1952K, committed 2048K, reserved 1048576K
}
Event: 39.062 GC heap before
{Heap before GC invocations=6 (full 0):
 PSYoungGen      total 74752K, used 74645K [0x000000076ab00000, 0x0000000770f80000, 0x00000007c0000000)
  eden space 64000K, 100% used [0x000000076ab00000,0x000000076e980000,0x000000076e980000)
  from space 10752K, 99% used [0x000000076eb00000,0x000000076f5654d0,0x000000076f580000)
  to   space 19456K, 0% used [0x000000076fc80000,0x000000076fc80000,0x0000000770f80000)
 ParOldGen       total 175104K, used 13253K [0x00000006c0000000, 0x00000006cab00000, 0x000000076ab00000)
  object space 175104K, 7% used [0x00000006c0000000,0x00000006c0cf14a0,0x00000006cab00000)
 Metaspace       used 19192K, capacity 19431K, committed 19712K, reserved 1067008K
  class space    used 1872K, capacity 1952K, committed 2048K, reserved 1048576K
Event: 39.068 GC heap after
Heap after GC invocations=6 (full 0):
 PSYoungGen      total 79360K, used 10645K [0x000000076ab00000, 0x0000000770d00000, 0x00000007c0000000)
  eden space 62464K, 0% used [0x000000076ab00000,0x000000076ab00000,0x000000076e800000)
  from space 16896K, 63% used [0x000000076fc80000,0x00000007706e54d0,0x0000000770d00000)
  to   space 18944K, 0% used [0x000000076e800000,0x000000076e800000,0x000000076fa80000)
 ParOldGen       total 175104K, used 13261K [0x00000006c0000000, 0x00000006cab00000, 0x000000076ab00000)
  object space 175104K, 7% used [0x00000006c0000000,0x00000006c0cf34a0,0x00000006cab00000)
 Metaspace       used 19192K, capacity 19431K, committed 19712K, reserved 1067008K
  class space    used 1872K, capacity 1952K, committed 2048K, reserved 1048576K
}

