# JRE version: Java(TM) SE Runtime Environment (8.0_111-b14) (build 1.8.0_111-b14)
# Java VM: Java HotSpot(TM) 64-Bit Server VM (25.111-b14 mixed mode bsd-amd64 compressed oops)
Heap:
 PSYoungGen      total 368128K, used 151783K [0x000000076ab00000, 0x0000000799f80000, 0x00000007c0000000)
  eden space 367616K, 41% used [0x000000076ab00000,0x0000000773f09da8,0x0000000781200000)
  from space 512K, 37% used [0x0000000796a80000,0x0000000796ab0000,0x0000000796b00000)
  to   space 31744K, 0% used [0x0000000798080000,0x0000000798080000,0x0000000799f80000)
 ParOldGen       total 175104K, used 122475K [0x00000006c0000000, 0x00000006cab00000, 0x000000076ab00000)
  object space 175104K, 69% used [0x00000006c0000000,0x00000006c779afe0,0x00000006cab00000)
 Metaspace       used 19152K, capacity 19319K, committed 19712K, reserved 1067008K
  class space    used 1879K, capacity 1952K, committed 2048K, reserved 1048576K
GC Heap History (10 events):
Event: 28.407 GC heap before
{Heap before GC invocations=13 (full 0):
 PSYoungGen      total 470528K, used 470304K [0x000000076ab00000, 0x000000079ec80000, 0x00000007c0000000)
  eden space 457728K, 100% used [0x000000076ab00000,0x0000000786a00000,0x0000000786a00000)
  from space 12800K, 98% used [0x000000079e000000,0x000000079ec48300,0x000000079ec80000)
  to   space 34304K, 0% used [0x000000079a980000,0x000000079a980000,0x000000079cb00000)
 ParOldGen       total 175104K, used 90650K [0x00000006c0000000, 0x00000006cab00000, 0x000000076ab00000)
  object space 175104K, 51% used [0x00000006c0000000,0x00000006c5886830,0x00000006cab00000)
 Metaspace       used 19051K, capacity 19255K, committed 19456K, reserved 1067008K
  class space    used 1871K, capacity 1952K, committed 2048K, reserved 1048576K
Event: 28.413 GC heap after
Heap after GC invocations=13 (full 0):
 PSYoungGen      total 443904K, used 5664K [0x000000076ab00000, 0x000000079e080000, 0x00000007c0000000)
  eden space 437760K, 0% used [0x000000076ab00000,0x000000076ab00000,0x0000000785680000)
  from space 6144K, 92% used [0x000000079a980000,0x000000079af08150,0x000000079af80000)
  to   space 33792K, 0% used [0x000000079bf80000,0x000000079bf80000,0x000000079e080000)
 ParOldGen       total 175104K, used 103018K [0x00000006c0000000, 0x00000006cab00000, 0x000000076ab00000)
  object space 175104K, 58% used [0x00000006c0000000,0x00000006c649ab30,0x00000006cab00000)
 Metaspace       used 19051K, capacity 19255K, committed 19456K, reserved 1067008K
  class space    used 1871K, capacity 1952K, committed 2048K, reserved 1048576K
}
Event: 31.610 GC heap before
{Heap before GC invocations=14 (full 0):
 PSYoungGen      total 443904K, used 443424K [0x000000076ab00000, 0x000000079e080000, 0x00000007c0000000)
  eden space 437760K, 100% used [0x000000076ab00000,0x0000000785680000,0x0000000785680000)
  from space 6144K, 92% used [0x000000079a980000,0x000000079af08150,0x000000079af80000)
  to   space 33792K, 0% used [0x000000079bf80000,0x000000079bf80000,0x000000079e080000)
 ParOldGen       total 175104K, used 103018K [0x00000006c0000000, 0x00000006cab00000, 0x000000076ab00000)
  object space 175104K, 58% used [0x00000006c0000000,0x00000006c649ab30,0x00000006cab00000)
 Metaspace       used 19069K, capacity 19319K, committed 19712K, reserved 1067008K
  class space    used 1871K, capacity 1952K, committed 2048K, reserved 1048576K
Event: 31.613 GC heap after
Heap after GC invocations=14 (full 0):
 PSYoungGen      total 420864K, used 1792K [0x000000076ab00000, 0x000000079c180000, 0x00000007c0000000)
  eden space 418816K, 0% used [0x000000076ab00000,0x000000076ab00000,0x0000000784400000)
  from space 2048K, 87% used [0x000000079bf80000,0x000000079c140060,0x000000079c180000)
  to   space 34304K, 0% used [0x0000000797e80000,0x0000000797e80000,0x000000079a000000)
 ParOldGen       total 175104K, used 108483K [0x00000006c0000000, 0x00000006cab00000, 0x000000076ab00000)
  object space 175104K, 61% used [0x00000006c0000000,0x00000006c69f0c80,0x00000006cab00000)
 Metaspace       used 19069K, capacity 19319K, committed 19712K, reserved 1067008K
  class space    used 1871K, capacity 1952K, committed 2048K, reserved 1048576K
}
Event: 34.823 GC heap before
{Heap before GC invocations=15 (full 0):
 PSYoungGen      total 420864K, used 420608K [0x000000076ab00000, 0x000000079c180000, 0x00000007c0000000)
  eden space 418816K, 100% used [0x000000076ab00000,0x0000000784400000,0x0000000784400000)
  from space 2048K, 87% used [0x000000079bf80000,0x000000079c140060,0x000000079c180000)
  to   space 34304K, 0% used [0x0000000797e80000,0x0000000797e80000,0x000000079a000000)
 ParOldGen       total 175104K, used 108483K [0x00000006c0000000, 0x00000006cab00000, 0x000000076ab00000)
  object space 175104K, 61% used [0x00000006c0000000,0x00000006c69f0c80,0x00000006cab00000)
 Metaspace       used 19075K, capacity 19319K, committed 19712K, reserved 1067008K
  class space    used 1871K, capacity 1952K, committed 2048K, reserved 1048576K
Event: 34.826 GC heap after
Heap after GC invocations=15 (full 0):
 PSYoungGen      total 404480K, used 3360K [0x000000076ab00000, 0x000000079c000000, 0x00000007c0000000)
  eden space 400896K, 0% used [0x000000076ab00000,0x000000076ab00000,0x0000000783280000)
  from space 3584K, 93% used [0x0000000797e80000,0x00000007981c80c0,0x0000000798200000)
  to   space 33792K, 0% used [0x0000000799f00000,0x0000000799f00000,0x000000079c000000)
 ParOldGen       total 175104K, used 110075K [0x00000006c0000000, 0x00000006cab00000, 0x000000076ab00000)
  object space 175104K, 62% used [0x00000006c0000000,0x00000006c6b7ece0,0x00000006cab00000)
 Metaspace       used 19075K, capacity 19319K, committed 19712K, reserved 1067008K
  class space    used 1871K, capacity 1952K, committed 2048K, reserved 1048576K
}
Event: 37.328 GC heap before
{Heap before GC invocations=16 (full 0):
 PSYoungGen      total 404480K, used 404256K [0x000000076ab00000, 0x000000079c000000, 0x00000007c0000000)
  eden space 400896K, 100% used [0x000000076ab00000,0x0000000783280000,0x0000000783280000)
  from space 3584K, 93% used [0x0000000797e80000,0x00000007981c80c0,0x0000000798200000)
  to   space 33792K, 0% used [0x0000000799f00000,0x0000000799f00000,0x000000079c000000)
 ParOldGen       total 175104K, used 110075K [0x00000006c0000000, 0x00000006cab00000, 0x000000076ab00000)
  object space 175104K, 62% used [0x00000006c0000000,0x00000006c6b7ece0,0x00000006cab00000)
 Metaspace       used 19108K, capacity 19319K, committed 19712K, reserved 1067008K
  class space    used 1871K, capacity 1952K, committed 2048K, reserved 1048576K
Event: 37.333 GC heap after
Heap after GC invocations=16 (full 0):
 PSYoungGen      total 393728K, used 9504K [0x000000076ab00000, 0x000000079a880000, 0x00000007c0000000)
  eden space 384000K, 0% used [0x000000076ab00000,0x000000076ab00000,0x0000000782200000)
  from space 9728K, 97% used [0x0000000799f00000,0x000000079a848240,0x000000079a880000)
  to   space 31744K, 0% used [0x0000000796a80000,0x0000000796a80000,0x0000000798980000)
 ParOldGen       total 175104K, used 113195K [0x00000006c0000000, 0x00000006cab00000, 0x000000076ab00000)
  object space 175104K, 64% used [0x00000006c0000000,0x00000006c6e8ada0,0x00000006cab00000)
 Metaspace       used 19108K, capacity 19319K, committed 19712K, reserved 1067008K
  class space    used 1871K, capacity 1952K, committed 2048K, reserved 1048576K
}
Event: 40.372 GC heap before
{Heap before GC invocations=17 (full 0):
 PSYoungGen      total 393728K, used 393504K [0x000000076ab00000, 0x000000079a880000, 0x00000007c0000000)
  eden space 384000K, 100% used [0x000000076ab00000,0x0000000782200000,0x0000000782200000)
  from space 9728K, 97% used [0x0000000799f00000,0x000000079a848240,0x000000079a880000)
  to   space 31744K, 0% used [0x0000000796a80000,0x0000000796a80000,0x0000000798980000)
 ParOldGen       total 175104K, used 113195K [0x00000006c0000000, 0x00000006cab00000, 0x000000076ab00000)
  object space 175104K, 64% used [0x00000006c0000000,0x00000006c6e8ada0,0x00000006cab00000)
 Metaspace       used 19110K, capacity 19319K, committed 19712K, reserved 1067008K
  class space    used 1871K, capacity 1952K, committed 2048K, reserved 1048576K
Event: 40.377 GC heap after
Heap after GC invocations=17 (full 0):
 PSYoungGen      total 368128K, used 192K [0x000000076ab00000, 0x0000000799f80000, 0x00000007c0000000)
  eden space 367616K, 0% used [0x000000076ab00000,0x000000076ab00000,0x0000000781200000)
  from space 512K, 37% used [0x0000000796a80000,0x0000000796ab0000,0x0000000796b00000)
  to   space 31744K, 0% used [0x0000000798080000,0x0000000798080000,0x0000000799f80000)
 ParOldGen       total 175104K, used 122475K [0x00000006c0000000, 0x00000006cab00000, 0x000000076ab00000)
  object space 175104K, 69% used [0x00000006c0000000,0x00000006c779afe0,0x00000006cab00000)
 Metaspace       used 19110K, capacity 19319K, committed 19712K, reserved 1067008K
  class space    used 1871K, capacity 1952K, committed 2048K, reserved 1048576K
}

