# JRE version: Java(TM) SE Runtime Environment (8.0_111-b14) (build 1.8.0_111-b14)
# Java VM: Java HotSpot(TM) 64-Bit Server VM (25.111-b14 mixed mode bsd-amd64 compressed oops)
Heap:
 PSYoungGen      total 173056K, used 118254K [0x000000076ab00000, 0x0000000778080000, 0x00000007c0000000)
  eden space 162816K, 66% used [0x000000076ab00000,0x00000007714eba68,0x0000000774a00000)
  from space 10240K, 95% used [0x0000000776d00000,0x000000077768fdc8,0x0000000777700000)
  to   space 9728K, 0% used [0x0000000777700000,0x0000000777700000,0x0000000778080000)
 ParOldGen       total 111616K, used 18883K [0x00000006c0000000, 0x00000006c6d00000, 0x000000076ab00000)
  object space 111616K, 16% used [0x00000006c0000000,0x00000006c1270e78,0x00000006c6d00000)
 Metaspace       used 27542K, capacity 27773K, committed 28160K, reserved 1075200K
  class space    used 2159K, capacity 2240K, committed 2304K, reserved 1048576K
GC Heap History (10 events):
Event: 103.908 GC heap before
{Heap before GC invocations=12 (full 1):
 PSYoungGen      total 202752K, used 202281K [0x000000076ab00000, 0x0000000779e80000, 0x00000007c0000000)
  eden space 191488K, 100% used [0x000000076ab00000,0x0000000776600000,0x0000000776600000)
  from space 11264K, 95% used [0x0000000779380000,0x0000000779e0a6e0,0x0000000779e80000)
  to   space 15872K, 0% used [0x0000000777f80000,0x0000000777f80000,0x0000000778f00000)
 ParOldGen       total 111616K, used 17934K [0x00000006c0000000, 0x00000006c6d00000, 0x000000076ab00000)
  object space 111616K, 16% used [0x00000006c0000000,0x00000006c1183808,0x00000006c6d00000)
 Metaspace       used 27513K, capacity 27773K, committed 28160K, reserved 1075200K
  class space    used 2152K, capacity 2240K, committed 2304K, reserved 1048576K
Event: 103.912 GC heap after
Heap after GC invocations=12 (full 1):
 PSYoungGen      total 196608K, used 10826K [0x000000076ab00000, 0x0000000779400000, 0x00000007c0000000)
  eden space 185344K, 0% used [0x000000076ab00000,0x000000076ab00000,0x0000000776000000)
  from space 11264K, 96% used [0x0000000777f80000,0x0000000778a12b68,0x0000000778a80000)
  to   space 9728K, 0% used [0x0000000778a80000,0x0000000778a80000,0x0000000779400000)
 ParOldGen       total 111616K, used 17942K [0x00000006c0000000, 0x00000006c6d00000, 0x000000076ab00000)
  object space 111616K, 16% used [0x00000006c0000000,0x00000006c1185808,0x00000006c6d00000)
 Metaspace       used 27513K, capacity 27773K, committed 28160K, reserved 1075200K
  class space    used 2152K, capacity 2240K, committed 2304K, reserved 1048576K
}
Event: 120.343 GC heap before
{Heap before GC invocations=13 (full 1):
 PSYoungGen      total 196608K, used 196170K [0x000000076ab00000, 0x0000000779400000, 0x00000007c0000000)
  eden space 185344K, 100% used [0x000000076ab00000,0x0000000776000000,0x0000000776000000)
  from space 11264K, 96% used [0x0000000777f80000,0x0000000778a12b68,0x0000000778a80000)
  to   space 9728K, 0% used [0x0000000778a80000,0x0000000778a80000,0x0000000779400000)
 ParOldGen       total 111616K, used 17942K [0x00000006c0000000, 0x00000006c6d00000, 0x000000076ab00000)
  object space 111616K, 16% used [0x00000006c0000000,0x00000006c1185808,0x00000006c6d00000)
 Metaspace       used 27513K, capacity 27773K, committed 28160K, reserved 1075200K
  class space    used 2152K, capacity 2240K, committed 2304K, reserved 1048576K
Event: 120.348 GC heap after
Heap after GC invocations=13 (full 1):
 PSYoungGen      total 188928K, used 9706K [0x000000076ab00000, 0x0000000779400000, 0x00000007c0000000)
  eden space 179200K, 0% used [0x000000076ab00000,0x000000076ab00000,0x0000000775a00000)
  from space 9728K, 99% used [0x0000000778a80000,0x00000007793fab48,0x0000000779400000)
  to   space 15360K, 0% used [0x0000000777600000,0x0000000777600000,0x0000000778500000)
 ParOldGen       total 111616K, used 18875K [0x00000006c0000000, 0x00000006c6d00000, 0x000000076ab00000)
  object space 111616K, 16% used [0x00000006c0000000,0x00000006c126ee78,0x00000006c6d00000)
 Metaspace       used 27513K, capacity 27773K, committed 28160K, reserved 1075200K
  class space    used 2152K, capacity 2240K, committed 2304K, reserved 1048576K
}
Event: 136.312 GC heap before
{Heap before GC invocations=14 (full 1):
 PSYoungGen      total 188928K, used 188906K [0x000000076ab00000, 0x0000000779400000, 0x00000007c0000000)
  eden space 179200K, 100% used [0x000000076ab00000,0x0000000775a00000,0x0000000775a00000)
  from space 9728K, 99% used [0x0000000778a80000,0x00000007793fab48,0x0000000779400000)
  to   space 15360K, 0% used [0x0000000777600000,0x0000000777600000,0x0000000778500000)
 ParOldGen       total 111616K, used 18875K [0x00000006c0000000, 0x00000006c6d00000, 0x000000076ab00000)
  object space 111616K, 16% used [0x00000006c0000000,0x00000006c126ee78,0x00000006c6d00000)
 Metaspace       used 27513K, capacity 27773K, committed 28160K, reserved 1075200K
  class space    used 2152K, capacity 2240K, committed 2304K, reserved 1048576K
Event: 136.319 GC heap after
Heap after GC invocations=14 (full 1):
 PSYoungGen      total 183808K, used 9833K [0x000000076ab00000, 0x0000000778b00000, 0x00000007c0000000)
  eden space 173568K, 0% used [0x000000076ab00000,0x000000076ab00000,0x0000000775480000)
  from space 10240K, 96% used [0x0000000777600000,0x0000000777f9a560,0x0000000778000000)
  to   space 11264K, 0% used [0x0000000778000000,0x0000000778000000,0x0000000778b00000)
 ParOldGen       total 111616K, used 18883K [0x00000006c0000000, 0x00000006c6d00000, 0x000000076ab00000)
  object space 111616K, 16% used [0x00000006c0000000,0x00000006c1270e78,0x00000006c6d00000)
 Metaspace       used 27513K, capacity 27773K, committed 28160K, reserved 1075200K
  class space    used 2152K, capacity 2240K, committed 2304K, reserved 1048576K
}
Event: 151.681 GC heap before
{Heap before GC invocations=15 (full 1):
 PSYoungGen      total 183808K, used 183401K [0x000000076ab00000, 0x0000000778b00000, 0x00000007c0000000)
  eden space 173568K, 100% used [0x000000076ab00000,0x0000000775480000,0x0000000775480000)
  from space 10240K, 96% used [0x0000000777600000,0x0000000777f9a560,0x0000000778000000)
  to   space 11264K, 0% used [0x0000000778000000,0x0000000778000000,0x0000000778b00000)
 ParOldGen       total 111616K, used 18883K [0x00000006c0000000, 0x00000006c6d00000, 0x000000076ab00000)
  object space 111616K, 16% used [0x00000006c0000000,0x00000006c1270e78,0x00000006c6d00000)
 Metaspace       used 27513K, capacity 27773K, committed 28160K, reserved 1075200K
  class space    used 2152K, capacity 2240K, committed 2304K, reserved 1048576K
Event: 151.684 GC heap after
Heap after GC invocations=15 (full 1):
 PSYoungGen      total 178176K, used 9753K [0x000000076ab00000, 0x0000000778a00000, 0x00000007c0000000)
  eden space 167936K, 0% used [0x000000076ab00000,0x000000076ab00000,0x0000000774f00000)
  from space 10240K, 95% used [0x0000000778000000,0x0000000778986550,0x0000000778a00000)
  to   space 14848K, 0% used [0x0000000776d00000,0x0000000776d00000,0x0000000777b80000)
 ParOldGen       total 111616K, used 18883K [0x00000006c0000000, 0x00000006c6d00000, 0x000000076ab00000)
  object space 111616K, 16% used [0x00000006c0000000,0x00000006c1270e78,0x00000006c6d00000)
 Metaspace       used 27513K, capacity 27773K, committed 28160K, reserved 1075200K
  class space    used 2152K, capacity 2240K, committed 2304K, reserved 1048576K
}
Event: 166.784 GC heap before
{Heap before GC invocations=16 (full 1):
 PSYoungGen      total 178176K, used 177689K [0x000000076ab00000, 0x0000000778a00000, 0x00000007c0000000)
  eden space 167936K, 100% used [0x000000076ab00000,0x0000000774f00000,0x0000000774f00000)
  from space 10240K, 95% used [0x0000000778000000,0x0000000778986550,0x0000000778a00000)
  to   space 14848K, 0% used [0x0000000776d00000,0x0000000776d00000,0x0000000777b80000)
 ParOldGen       total 111616K, used 18883K [0x00000006c0000000, 0x00000006c6d00000, 0x000000076ab00000)
  object space 111616K, 16% used [0x00000006c0000000,0x00000006c1270e78,0x00000006c6d00000)
 Metaspace       used 27513K, capacity 27773K, committed 28160K, reserved 1075200K
  class space    used 2152K, capacity 2240K, committed 2304K, reserved 1048576K
Event: 166.787 GC heap after
Heap after GC invocations=16 (full 1):
 PSYoungGen      total 173056K, used 9791K [0x000000076ab00000, 0x0000000778080000, 0x00000007c0000000)
  eden space 162816K, 0% used [0x000000076ab00000,0x000000076ab00000,0x0000000774a00000)
  from space 10240K, 95% used [0x0000000776d00000,0x000000077768fdc8,0x0000000777700000)
  to   space 9728K, 0% used [0x0000000777700000,0x0000000777700000,0x0000000778080000)
 ParOldGen       total 111616K, used 18883K [0x00000006c0000000, 0x00000006c6d00000, 0x000000076ab00000)
  object space 111616K, 16% used [0x00000006c0000000,0x00000006c1270e78,0x00000006c6d00000)
 Metaspace       used 27513K, capacity 27773K, committed 28160K, reserved 1075200K
  class space    used 2152K, capacity 2240K, committed 2304K, reserved 1048576K
}

