# JRE version: Java(TM) SE Runtime Environment (8.0_111-b14) (build 1.8.0_111-b14)
# Java VM: Java HotSpot(TM) 64-Bit Server VM (25.111-b14 mixed mode bsd-amd64 compressed oops)
Heap:
 PSYoungGen      total 76288K, used 62569K [0x000000076ab00000, 0x0000000772380000, 0x00000007c0000000)
  eden space 65536K, 81% used [0x000000076ab00000,0x000000076df32890,0x000000076eb00000)
  from space 10752K, 84% used [0x000000076eb00000,0x000000076f3e7d98,0x000000076f580000)
  to   space 10752K, 0% used [0x0000000771900000,0x0000000771900000,0x0000000772380000)
 ParOldGen       total 115712K, used 17396K [0x00000006c0000000, 0x00000006c7100000, 0x000000076ab00000)
  object space 115712K, 15% used [0x00000006c0000000,0x00000006c10fd248,0x00000006c7100000)
 Metaspace       used 27237K, capacity 27453K, committed 27904K, reserved 1075200K
  class space    used 2158K, capacity 2240K, committed 2304K, reserved 1048576K
GC Heap History (8 events):
Event: 2.858 GC heap before
{Heap before GC invocations=1 (full 0):
 PSYoungGen      total 76288K, used 64723K [0x000000076ab00000, 0x0000000770000000, 0x00000007c0000000)
  eden space 65536K, 98% used [0x000000076ab00000,0x000000076ea34e40,0x000000076eb00000)
  from space 10752K, 0% used [0x000000076f580000,0x000000076f580000,0x0000000770000000)
  to   space 10752K, 0% used [0x000000076eb00000,0x000000076eb00000,0x000000076f580000)
 ParOldGen       total 175104K, used 0K [0x00000006c0000000, 0x00000006cab00000, 0x000000076ab00000)
  object space 175104K, 0% used [0x00000006c0000000,0x00000006c0000000,0x00000006cab00000)
 Metaspace       used 18941K, capacity 19147K, committed 19456K, reserved 1067008K
  class space    used 1924K, capacity 1982K, committed 2048K, reserved 1048576K
Event: 2.869 GC heap after
Heap after GC invocations=1 (full 0):
 PSYoungGen      total 76288K, used 10734K [0x000000076ab00000, 0x0000000770000000, 0x00000007c0000000)
  eden space 65536K, 0% used [0x000000076ab00000,0x000000076ab00000,0x000000076eb00000)
  from space 10752K, 99% used [0x000000076eb00000,0x000000076f57b880,0x000000076f580000)
  to   space 10752K, 0% used [0x000000076f580000,0x000000076f580000,0x0000000770000000)
 ParOldGen       total 175104K, used 472K [0x00000006c0000000, 0x00000006cab00000, 0x000000076ab00000)
  object space 175104K, 0% used [0x00000006c0000000,0x00000006c00760a0,0x00000006cab00000)
 Metaspace       used 18941K, capacity 19147K, committed 19456K, reserved 1067008K
  class space    used 1924K, capacity 1982K, committed 2048K, reserved 1048576K
}
Event: 3.039 GC heap before
{Heap before GC invocations=2 (full 0):
 PSYoungGen      total 76288K, used 35655K [0x000000076ab00000, 0x0000000770000000, 0x00000007c0000000)
  eden space 65536K, 38% used [0x000000076ab00000,0x000000076c3565f0,0x000000076eb00000)
  from space 10752K, 99% used [0x000000076eb00000,0x000000076f57b880,0x000000076f580000)
  to   space 10752K, 0% used [0x000000076f580000,0x000000076f580000,0x0000000770000000)
 ParOldGen       total 175104K, used 472K [0x00000006c0000000, 0x00000006cab00000, 0x000000076ab00000)
  object space 175104K, 0% used [0x00000006c0000000,0x00000006c00760a0,0x00000006cab00000)
 Metaspace       used 20863K, capacity 21056K, committed 21296K, reserved 1069056K
  class space    used 1992K, capacity 2078K, committed 2176K, reserved 1048576K
Event: 3.048 GC heap after
Heap after GC invocations=2 (full 0):
 PSYoungGen      total 76288K, used 10733K [0x000000076ab00000, 0x0000000774000000, 0x00000007c0000000)
  eden space 65536K, 0% used [0x000000076ab00000,0x000000076ab00000,0x000000076eb00000)
  from space 10752K, 99% used [0x000000076f580000,0x000000076fffb540,0x0000000770000000)
  to   space 10752K, 0% used [0x000000076eb00000,0x000000076eb00000,0x000000076f580000)
 ParOldGen       total 175104K, used 7128K [0x00000006c0000000, 0x00000006cab00000, 0x000000076ab00000)
  object space 175104K, 4% used [0x00000006c0000000,0x00000006c06f6238,0x00000006cab00000)
 Metaspace       used 20863K, capacity 21056K, committed 21296K, reserved 1069056K
  class space    used 1992K, capacity 2078K, committed 2176K, reserved 1048576K
}
Event: 3.048 GC heap before
{Heap before GC invocations=3 (full 1):
 PSYoungGen      total 76288K, used 10733K [0x000000076ab00000, 0x0000000774000000, 0x00000007c0000000)
  eden space 65536K, 0% used [0x000000076ab00000,0x000000076ab00000,0x000000076eb00000)
  from space 10752K, 99% used [0x000000076f580000,0x000000076fffb540,0x0000000770000000)
  to   space 10752K, 0% used [0x000000076eb00000,0x000000076eb00000,0x000000076f580000)
 ParOldGen       total 175104K, used 7128K [0x00000006c0000000, 0x00000006cab00000, 0x000000076ab00000)
  object space 175104K, 4% used [0x00000006c0000000,0x00000006c06f6238,0x00000006cab00000)
 Metaspace       used 20863K, capacity 21056K, committed 21296K, reserved 1069056K
  class space    used 1992K, capacity 2078K, committed 2176K, reserved 1048576K
Event: 3.093 GC heap after
Heap after GC invocations=3 (full 1):
 PSYoungGen      total 76288K, used 0K [0x000000076ab00000, 0x0000000774000000, 0x00000007c0000000)
  eden space 65536K, 0% used [0x000000076ab00000,0x000000076ab00000,0x000000076eb00000)
  from space 10752K, 0% used [0x000000076f580000,0x000000076f580000,0x0000000770000000)
  to   space 10752K, 0% used [0x000000076eb00000,0x000000076eb00000,0x000000076f580000)
 ParOldGen       total 115712K, used 17388K [0x00000006c0000000, 0x00000006c7100000, 0x000000076ab00000)
  object space 115712K, 15% used [0x00000006c0000000,0x00000006c10fb248,0x00000006c7100000)
 Metaspace       used 20863K, capacity 21056K, committed 21296K, reserved 1069056K
  class space    used 1992K, capacity 2078K, committed 2176K, reserved 1048576K
}
Event: 5.955 GC heap before
{Heap before GC invocations=4 (full 1):
 PSYoungGen      total 76288K, used 65481K [0x000000076ab00000, 0x0000000774000000, 0x00000007c0000000)
  eden space 65536K, 99% used [0x000000076ab00000,0x000000076eaf27c8,0x000000076eb00000)
  from space 10752K, 0% used [0x000000076f580000,0x000000076f580000,0x0000000770000000)
  to   space 10752K, 0% used [0x000000076eb00000,0x000000076eb00000,0x000000076f580000)
 ParOldGen       total 115712K, used 17388K [0x00000006c0000000, 0x00000006c7100000, 0x000000076ab00000)
  object space 115712K, 15% used [0x00000006c0000000,0x00000006c10fb248,0x00000006c7100000)
 Metaspace       used 26919K, capacity 27191K, committed 27648K, reserved 1075200K
  class space    used 2149K, capacity 2239K, committed 2304K, reserved 1048576K
Event: 5.966 GC heap after
Heap after GC invocations=4 (full 1):
 PSYoungGen      total 76288K, used 9119K [0x000000076ab00000, 0x0000000772380000, 0x00000007c0000000)
  eden space 65536K, 0% used [0x000000076ab00000,0x000000076ab00000,0x000000076eb00000)
  from space 10752K, 84% used [0x000000076eb00000,0x000000076f3e7d98,0x000000076f580000)
  to   space 10752K, 0% used [0x0000000771900000,0x0000000771900000,0x0000000772380000)
 ParOldGen       total 115712K, used 17396K [0x00000006c0000000, 0x00000006c7100000, 0x000000076ab00000)
  object space 115712K, 15% used [0x00000006c0000000,0x00000006c10fd248,0x00000006c7100000)
 Metaspace       used 26919K, capacity 27191K, committed 27648K, reserved 1075200K
  class space    used 2149K, capacity 2239K, committed 2304K, reserved 1048576K
}

