# JRE version: Java(TM) SE Runtime Environment (8.0_111-b14) (build 1.8.0_111-b14)
# Java VM: Java HotSpot(TM) 64-Bit Server VM (25.111-b14 mixed mode bsd-amd64 compressed oops)
Heap:
 PSYoungGen      total 564224K, used 44263K [0x000000076ab00000, 0x00000007a2a80000, 0x00000007c0000000)
  eden space 524288K, 6% used [0x000000076ab00000,0x000000076cd41a50,0x000000078ab00000)
  from space 39936K, 22% used [0x000000078ab00000,0x000000078b3f8240,0x000000078d200000)
  to   space 38912K, 0% used [0x00000007a0480000,0x00000007a0480000,0x00000007a2a80000)
 ParOldGen       total 175104K, used 60965K [0x00000006c0000000, 0x00000006cab00000, 0x000000076ab00000)
  object space 175104K, 34% used [0x00000006c0000000,0x00000006c3b89470,0x00000006cab00000)
 Metaspace       used 19358K, capacity 19575K, committed 19712K, reserved 1067008K
  class space    used 1914K, capacity 2016K, committed 2048K, reserved 1048576K
GC Heap History (10 events):
Event: 6.074 GC heap before
{Heap before GC invocations=5 (full 0):
 PSYoungGen      total 141824K, used 141808K [0x000000076ab00000, 0x0000000774000000, 0x00000007c0000000)
  eden space 131072K, 100% used [0x000000076ab00000,0x0000000772b00000,0x0000000772b00000)
  from space 10752K, 99% used [0x0000000773580000,0x0000000773ffc010,0x0000000774000000)
  to   space 10752K, 0% used [0x0000000772b00000,0x0000000772b00000,0x0000000773580000)
 ParOldGen       total 175104K, used 50111K [0x00000006c0000000, 0x00000006cab00000, 0x000000076ab00000)
  object space 175104K, 28% used [0x00000006c0000000,0x00000006c30efff0,0x00000006cab00000)
 Metaspace       used 18388K, capacity 18631K, committed 18816K, reserved 1067008K
  class space    used 1831K, capacity 1918K, committed 1920K, reserved 1048576K
Event: 6.085 GC heap after
Heap after GC invocations=5 (full 0):
 PSYoungGen      total 141824K, used 10752K [0x000000076ab00000, 0x000000077fc00000, 0x00000007c0000000)
  eden space 131072K, 0% used [0x000000076ab00000,0x000000076ab00000,0x0000000772b00000)
  from space 10752K, 100% used [0x0000000772b00000,0x0000000773580000,0x0000000773580000)
  to   space 41472K, 0% used [0x000000077d380000,0x000000077d380000,0x000000077fc00000)
 ParOldGen       total 175104K, used 50183K [0x00000006c0000000, 0x00000006cab00000, 0x000000076ab00000)
  object space 175104K, 28% used [0x00000006c0000000,0x00000006c3101e00,0x00000006cab00000)
 Metaspace       used 18388K, capacity 18631K, committed 18816K, reserved 1067008K
  class space    used 1831K, capacity 1918K, committed 1920K, reserved 1048576K
}
Event: 7.319 GC heap before
{Heap before GC invocations=6 (full 0):
 PSYoungGen      total 141824K, used 141824K [0x000000076ab00000, 0x000000077fc00000, 0x00000007c0000000)
  eden space 131072K, 100% used [0x000000076ab00000,0x0000000772b00000,0x0000000772b00000)
  from space 10752K, 100% used [0x0000000772b00000,0x0000000773580000,0x0000000773580000)
  to   space 41472K, 0% used [0x000000077d380000,0x000000077d380000,0x000000077fc00000)
 ParOldGen       total 175104K, used 50183K [0x00000006c0000000, 0x00000006cab00000, 0x000000076ab00000)
  object space 175104K, 28% used [0x00000006c0000000,0x00000006c3101e00,0x00000006cab00000)
 Metaspace       used 18453K, capacity 18705K, committed 18816K, reserved 1067008K
  class space    used 1833K, capacity 1919K, committed 1920K, reserved 1048576K
Event: 7.329 GC heap after
Heap after GC invocations=6 (full 0):
 PSYoungGen      total 302592K, used 10833K [0x000000076ab00000, 0x000000077fb00000, 0x00000007c0000000)
  eden space 262144K, 0% used [0x000000076ab00000,0x000000076ab00000,0x000000077ab00000)
  from space 40448K, 26% used [0x000000077d380000,0x000000077de14730,0x000000077fb00000)
  to   space 40960K, 0% used [0x000000077ab00000,0x000000077ab00000,0x000000077d300000)
 ParOldGen       total 175104K, used 50183K [0x00000006c0000000, 0x00000006cab00000, 0x000000076ab00000)
  object space 175104K, 28% used [0x00000006c0000000,0x00000006c3101e00,0x00000006cab00000)
 Metaspace       used 18453K, capacity 18705K, committed 18816K, reserved 1067008K
  class space    used 1833K, capacity 1919K, committed 1920K, reserved 1048576K
}
Event: 9.743 GC heap before
{Heap before GC invocations=7 (full 0):
 PSYoungGen      total 302592K, used 272977K [0x000000076ab00000, 0x000000077fb00000, 0x00000007c0000000)
  eden space 262144K, 100% used [0x000000076ab00000,0x000000077ab00000,0x000000077ab00000)
  from space 40448K, 26% used [0x000000077d380000,0x000000077de14730,0x000000077fb00000)
  to   space 40960K, 0% used [0x000000077ab00000,0x000000077ab00000,0x000000077d300000)
 ParOldGen       total 175104K, used 50183K [0x00000006c0000000, 0x00000006cab00000, 0x000000076ab00000)
  object space 175104K, 28% used [0x00000006c0000000,0x00000006c3101e00,0x00000006cab00000)
 Metaspace       used 18965K, capacity 19223K, committed 19456K, reserved 1067008K
  class space    used 1886K, capacity 1984K, committed 2048K, reserved 1048576K
Event: 9.755 GC heap after
Heap after GC invocations=7 (full 0):
 PSYoungGen      total 303104K, used 9104K [0x000000076ab00000, 0x000000078f900000, 0x00000007c0000000)
  eden space 262144K, 0% used [0x000000076ab00000,0x000000076ab00000,0x000000077ab00000)
  from space 40960K, 22% used [0x000000077ab00000,0x000000077b3e4050,0x000000077d300000)
  to   space 39936K, 0% used [0x000000078d200000,0x000000078d200000,0x000000078f900000)
 ParOldGen       total 175104K, used 53213K [0x00000006c0000000, 0x00000006cab00000, 0x000000076ab00000)
  object space 175104K, 30% used [0x00000006c0000000,0x00000006c33f74a0,0x00000006cab00000)
 Metaspace       used 18965K, capacity 19223K, committed 19456K, reserved 1067008K
  class space    used 1886K, capacity 1984K, committed 2048K, reserved 1048576K
}
Event: 12.091 GC heap before
{Heap before GC invocations=8 (full 0):
 PSYoungGen      total 303104K, used 271248K [0x000000076ab00000, 0x000000078f900000, 0x00000007c0000000)
  eden space 262144K, 100% used [0x000000076ab00000,0x000000077ab00000,0x000000077ab00000)
  from space 40960K, 22% used [0x000000077ab00000,0x000000077b3e4050,0x000000077d300000)
  to   space 39936K, 0% used [0x000000078d200000,0x000000078d200000,0x000000078f900000)
 ParOldGen       total 175104K, used 53213K [0x00000006c0000000, 0x00000006cab00000, 0x000000076ab00000)
  object space 175104K, 30% used [0x00000006c0000000,0x00000006c33f74a0,0x00000006cab00000)
 Metaspace       used 19022K, capacity 19223K, committed 19456K, reserved 1067008K
  class space    used 1886K, capacity 1984K, committed 2048K, reserved 1048576K
Event: 12.097 GC heap after
Heap after GC invocations=8 (full 0):
 PSYoungGen      total 564224K, used 4368K [0x000000076ab00000, 0x000000078f900000, 0x00000007c0000000)
  eden space 524288K, 0% used [0x000000076ab00000,0x000000076ab00000,0x000000078ab00000)
  from space 39936K, 10% used [0x000000078d200000,0x000000078d644120,0x000000078f900000)
  to   space 39936K, 0% used [0x000000078ab00000,0x000000078ab00000,0x000000078d200000)
 ParOldGen       total 175104K, used 60909K [0x00000006c0000000, 0x00000006cab00000, 0x000000076ab00000)
  object space 175104K, 34% used [0x00000006c0000000,0x00000006c3b7b470,0x00000006cab00000)
 Metaspace       used 19022K, capacity 19223K, committed 19456K, reserved 1067008K
  class space    used 1886K, capacity 1984K, committed 2048K, reserved 1048576K
}
Event: 15.898 GC heap before
{Heap before GC invocations=9 (full 0):
 PSYoungGen      total 564224K, used 528656K [0x000000076ab00000, 0x000000078f900000, 0x00000007c0000000)
  eden space 524288K, 100% used [0x000000076ab00000,0x000000078ab00000,0x000000078ab00000)
  from space 39936K, 10% used [0x000000078d200000,0x000000078d644120,0x000000078f900000)
  to   space 39936K, 0% used [0x000000078ab00000,0x000000078ab00000,0x000000078d200000)
 ParOldGen       total 175104K, used 60909K [0x00000006c0000000, 0x00000006cab00000, 0x000000076ab00000)
  object space 175104K, 34% used [0x00000006c0000000,0x00000006c3b7b470,0x00000006cab00000)
 Metaspace       used 19120K, capacity 19351K, committed 19712K, reserved 1067008K
  class space    used 1887K, capacity 1984K, committed 2048K, reserved 1048576K
Event: 15.902 GC heap after
Heap after GC invocations=9 (full 0):
 PSYoungGen      total 564224K, used 9184K [0x000000076ab00000, 0x00000007a2a80000, 0x00000007c0000000)
  eden space 524288K, 0% used [0x000000076ab00000,0x000000076ab00000,0x000000078ab00000)
  from space 39936K, 22% used [0x000000078ab00000,0x000000078b3f8240,0x000000078d200000)
  to   space 38912K, 0% used [0x00000007a0480000,0x00000007a0480000,0x00000007a2a80000)
 ParOldGen       total 175104K, used 60965K [0x00000006c0000000, 0x00000006cab00000, 0x000000076ab00000)
  object space 175104K, 34% used [0x00000006c0000000,0x00000006c3b89470,0x00000006cab00000)
 Metaspace       used 19120K, capacity 19351K, committed 19712K, reserved 1067008K
  class space    used 1887K, capacity 1984K, committed 2048K, reserved 1048576K
}

