# JRE version: Java(TM) SE Runtime Environment (8.0_111-b14) (build 1.8.0_111-b14)
# Java VM: Java HotSpot(TM) 64-Bit Server VM (25.111-b14 mixed mode bsd-amd64 compressed oops)
Heap:
 PSYoungGen      total 191488K, used 182171K [0x000000076ab00000, 0x0000000778080000, 0x00000007c0000000)
  eden space 180736K, 94% used [0x000000076ab00000,0x000000077527c7e8,0x0000000775b80000)
  from space 10752K, 99% used [0x0000000777600000,0x000000077806a580,0x0000000778080000)
  to   space 15872K, 0% used [0x0000000776180000,0x0000000776180000,0x0000000777100000)
 ParOldGen       total 111616K, used 18447K [0x00000006c0000000, 0x00000006c6d00000, 0x000000076ab00000)
  object space 111616K, 16% used [0x00000006c0000000,0x00000006c1203cc0,0x00000006c6d00000)
 Metaspace       used 27562K, capacity 27773K, committed 28160K, reserved 1075200K
  class space    used 2164K, capacity 2240K, committed 2304K, reserved 1048576K
GC Heap History (10 events):
Event: 26.794 GC heap before
{Heap before GC invocations=7 (full 1):
 PSYoungGen      total 116736K, used 116489K [0x000000076ab00000, 0x0000000776080000, 0x00000007c0000000)
  eden space 105984K, 100% used [0x000000076ab00000,0x0000000771280000,0x0000000771280000)
  from space 10752K, 97% used [0x0000000771280000,0x0000000771cc2580,0x0000000771d00000)
  to   space 17920K, 0% used [0x0000000774f00000,0x0000000774f00000,0x0000000776080000)
 ParOldGen       total 111616K, used 18431K [0x00000006c0000000, 0x00000006c6d00000, 0x000000076ab00000)
  object space 111616K, 16% used [0x00000006c0000000,0x00000006c11ffcc0,0x00000006c6d00000)
 Metaspace       used 27522K, capacity 27773K, committed 28160K, reserved 1075200K
  class space    used 2157K, capacity 2240K, committed 2304K, reserved 1048576K
Event: 26.800 GC heap after
Heap after GC invocations=7 (full 1):
 PSYoungGen      total 166912K, used 10490K [0x000000076ab00000, 0x0000000775f80000, 0x00000007c0000000)
  eden space 150016K, 0% used [0x000000076ab00000,0x000000076ab00000,0x0000000773d80000)
  from space 16896K, 62% used [0x0000000774f00000,0x000000077593eb58,0x0000000775f80000)
  to   space 17408K, 0% used [0x0000000773d80000,0x0000000773d80000,0x0000000774e80000)
 ParOldGen       total 111616K, used 18439K [0x00000006c0000000, 0x00000006c6d00000, 0x000000076ab00000)
  object space 111616K, 16% used [0x00000006c0000000,0x00000006c1201cc0,0x00000006c6d00000)
 Metaspace       used 27522K, capacity 27773K, committed 28160K, reserved 1075200K
  class space    used 2157K, capacity 2240K, committed 2304K, reserved 1048576K
}
Event: 39.365 GC heap before
{Heap before GC invocations=8 (full 1):
 PSYoungGen      total 166912K, used 160506K [0x000000076ab00000, 0x0000000775f80000, 0x00000007c0000000)
  eden space 150016K, 100% used [0x000000076ab00000,0x0000000773d80000,0x0000000773d80000)
  from space 16896K, 62% used [0x0000000774f00000,0x000000077593eb58,0x0000000775f80000)
  to   space 17408K, 0% used [0x0000000773d80000,0x0000000773d80000,0x0000000774e80000)
 ParOldGen       total 111616K, used 18439K [0x00000006c0000000, 0x00000006c6d00000, 0x000000076ab00000)
  object space 111616K, 16% used [0x00000006c0000000,0x00000006c1201cc0,0x00000006c6d00000)
 Metaspace       used 27530K, capacity 27773K, committed 28160K, reserved 1075200K
  class space    used 2157K, capacity 2240K, committed 2304K, reserved 1048576K
Event: 39.370 GC heap after
Heap after GC invocations=8 (full 1):
 PSYoungGen      total 167424K, used 10522K [0x000000076ab00000, 0x0000000779180000, 0x00000007c0000000)
  eden space 150016K, 0% used [0x000000076ab00000,0x000000076ab00000,0x0000000773d80000)
  from space 17408K, 60% used [0x0000000773d80000,0x00000007747c6b58,0x0000000774e80000)
  to   space 16896K, 0% used [0x0000000778100000,0x0000000778100000,0x0000000779180000)
 ParOldGen       total 111616K, used 18439K [0x00000006c0000000, 0x00000006c6d00000, 0x000000076ab00000)
  object space 111616K, 16% used [0x00000006c0000000,0x00000006c1201cc0,0x00000006c6d00000)
 Metaspace       used 27530K, capacity 27773K, committed 28160K, reserved 1075200K
  class space    used 2157K, capacity 2240K, committed 2304K, reserved 1048576K
}
Event: 52.614 GC heap before
{Heap before GC invocations=9 (full 1):
 PSYoungGen      total 167424K, used 160538K [0x000000076ab00000, 0x0000000779180000, 0x00000007c0000000)
  eden space 150016K, 100% used [0x000000076ab00000,0x0000000773d80000,0x0000000773d80000)
  from space 17408K, 60% used [0x0000000773d80000,0x00000007747c6b58,0x0000000774e80000)
  to   space 16896K, 0% used [0x0000000778100000,0x0000000778100000,0x0000000779180000)
 ParOldGen       total 111616K, used 18439K [0x00000006c0000000, 0x00000006c6d00000, 0x000000076ab00000)
  object space 111616K, 16% used [0x00000006c0000000,0x00000006c1201cc0,0x00000006c6d00000)
 Metaspace       used 27530K, capacity 27773K, committed 28160K, reserved 1075200K
  class space    used 2157K, capacity 2240K, committed 2304K, reserved 1048576K
Event: 52.621 GC heap after
Heap after GC invocations=9 (full 1):
 PSYoungGen      total 204288K, used 10601K [0x000000076ab00000, 0x0000000778b80000, 0x00000007c0000000)
  eden space 193536K, 0% used [0x000000076ab00000,0x000000076ab00000,0x0000000776800000)
  from space 10752K, 98% used [0x0000000778100000,0x0000000778b5a580,0x0000000778b80000)
  to   space 16384K, 0% used [0x0000000776b80000,0x0000000776b80000,0x0000000777b80000)
 ParOldGen       total 111616K, used 18439K [0x00000006c0000000, 0x00000006c6d00000, 0x000000076ab00000)
  object space 111616K, 16% used [0x00000006c0000000,0x00000006c1201cc0,0x00000006c6d00000)
 Metaspace       used 27530K, capacity 27773K, committed 28160K, reserved 1075200K
  class space    used 2157K, capacity 2240K, committed 2304K, reserved 1048576K
}
Event: 68.670 GC heap before
{Heap before GC invocations=10 (full 1):
 PSYoungGen      total 204288K, used 204137K [0x000000076ab00000, 0x0000000778b80000, 0x00000007c0000000)
  eden space 193536K, 100% used [0x000000076ab00000,0x0000000776800000,0x0000000776800000)
  from space 10752K, 98% used [0x0000000778100000,0x0000000778b5a580,0x0000000778b80000)
  to   space 16384K, 0% used [0x0000000776b80000,0x0000000776b80000,0x0000000777b80000)
 ParOldGen       total 111616K, used 18439K [0x00000006c0000000, 0x00000006c6d00000, 0x000000076ab00000)
  object space 111616K, 16% used [0x00000006c0000000,0x00000006c1201cc0,0x00000006c6d00000)
 Metaspace       used 27530K, capacity 27773K, committed 28160K, reserved 1075200K
  class space    used 2157K, capacity 2240K, committed 2304K, reserved 1048576K
Event: 68.677 GC heap after
Heap after GC invocations=10 (full 1):
 PSYoungGen      total 197632K, used 10618K [0x000000076ab00000, 0x0000000778180000, 0x00000007c0000000)
  eden space 186880K, 0% used [0x000000076ab00000,0x000000076ab00000,0x0000000776180000)
  from space 10752K, 98% used [0x0000000776b80000,0x00000007775deb58,0x0000000777600000)
  to   space 11776K, 0% used [0x0000000777600000,0x0000000777600000,0x0000000778180000)
 ParOldGen       total 111616K, used 18447K [0x00000006c0000000, 0x00000006c6d00000, 0x000000076ab00000)
  object space 111616K, 16% used [0x00000006c0000000,0x00000006c1203cc0,0x00000006c6d00000)
 Metaspace       used 27530K, capacity 27773K, committed 28160K, reserved 1075200K
  class space    used 2157K, capacity 2240K, committed 2304K, reserved 1048576K
}
Event: 84.539 GC heap before
{Heap before GC invocations=11 (full 1):
 PSYoungGen      total 197632K, used 197498K [0x000000076ab00000, 0x0000000778180000, 0x00000007c0000000)
  eden space 186880K, 100% used [0x000000076ab00000,0x0000000776180000,0x0000000776180000)
  from space 10752K, 98% used [0x0000000776b80000,0x00000007775deb58,0x0000000777600000)
  to   space 11776K, 0% used [0x0000000777600000,0x0000000777600000,0x0000000778180000)
 ParOldGen       total 111616K, used 18447K [0x00000006c0000000, 0x00000006c6d00000, 0x000000076ab00000)
  object space 111616K, 16% used [0x00000006c0000000,0x00000006c1203cc0,0x00000006c6d00000)
 Metaspace       used 27532K, capacity 27773K, committed 28160K, reserved 1075200K
  class space    used 2157K, capacity 2240K, committed 2304K, reserved 1048576K
Event: 84.546 GC heap after
Heap after GC invocations=11 (full 1):
 PSYoungGen      total 191488K, used 10665K [0x000000076ab00000, 0x0000000778080000, 0x00000007c0000000)
  eden space 180736K, 0% used [0x000000076ab00000,0x000000076ab00000,0x0000000775b80000)
  from space 10752K, 99% used [0x0000000777600000,0x000000077806a580,0x0000000778080000)
  to   space 15872K, 0% used [0x0000000776180000,0x0000000776180000,0x0000000777100000)
 ParOldGen       total 111616K, used 18447K [0x00000006c0000000, 0x00000006c6d00000, 0x000000076ab00000)
  object space 111616K, 16% used [0x00000006c0000000,0x00000006c1203cc0,0x00000006c6d00000)
 Metaspace       used 27532K, capacity 27773K, committed 28160K, reserved 1075200K
  class space    used 2157K, capacity 2240K, committed 2304K, reserved 1048576K
}

