# JRE version: Java(TM) SE Runtime Environment (8.0_111-b14) (build 1.8.0_111-b14)
# Java VM: Java HotSpot(TM) 64-Bit Server VM (25.111-b14 mixed mode bsd-amd64 compressed oops)
Heap:
 PSYoungGen      total 118784K, used 54739K [0x000000076ab00000, 0x0000000776800000, 0x00000007c0000000)
  eden space 108032K, 40% used [0x000000076ab00000,0x000000076d626748,0x0000000771480000)
  from space 10752K, 98% used [0x0000000771480000,0x0000000771ece858,0x0000000771f00000)
  to   space 17920K, 0% used [0x0000000775680000,0x0000000775680000,0x0000000776800000)
 ParOldGen       total 110080K, used 18279K [0x00000006c0000000, 0x00000006c6b80000, 0x000000076ab00000)
  object space 110080K, 16% used [0x00000006c0000000,0x00000006c11d9dd8,0x00000006c6b80000)
 Metaspace       used 27500K, capacity 27709K, committed 28160K, reserved 1075200K
  class space    used 2157K, capacity 2240K, committed 2304K, reserved 1048576K
GC Heap History (10 events):
Event: 2.962 GC heap before
{Heap before GC invocations=2 (full 0):
 PSYoungGen      total 76288K, used 34928K [0x000000076ab00000, 0x0000000770000000, 0x00000007c0000000)
  eden space 65536K, 36% used [0x000000076ab00000,0x000000076c2a0678,0x000000076eb00000)
  from space 10752K, 99% used [0x000000076eb00000,0x000000076f57bc18,0x000000076f580000)
  to   space 10752K, 0% used [0x000000076f580000,0x000000076f580000,0x0000000770000000)
 ParOldGen       total 175104K, used 417K [0x00000006c0000000, 0x00000006cab00000, 0x000000076ab00000)
  object space 175104K, 0% used [0x00000006c0000000,0x00000006c00685e8,0x00000006cab00000)
 Metaspace       used 20780K, capacity 20992K, committed 21296K, reserved 1069056K
  class space    used 1992K, capacity 2078K, committed 2176K, reserved 1048576K
Event: 2.970 GC heap after
Heap after GC invocations=2 (full 0):
 PSYoungGen      total 76288K, used 10733K [0x000000076ab00000, 0x0000000774000000, 0x00000007c0000000)
  eden space 65536K, 0% used [0x000000076ab00000,0x000000076ab00000,0x000000076eb00000)
  from space 10752K, 99% used [0x000000076f580000,0x000000076fffb520,0x0000000770000000)
  to   space 10752K, 0% used [0x000000076eb00000,0x000000076eb00000,0x000000076f580000)
 ParOldGen       total 175104K, used 7087K [0x00000006c0000000, 0x00000006cab00000, 0x000000076ab00000)
  object space 175104K, 4% used [0x00000006c0000000,0x00000006c06ebf90,0x00000006cab00000)
 Metaspace       used 20780K, capacity 20992K, committed 21296K, reserved 1069056K
  class space    used 1992K, capacity 2078K, committed 2176K, reserved 1048576K
}
Event: 2.970 GC heap before
{Heap before GC invocations=3 (full 1):
 PSYoungGen      total 76288K, used 10733K [0x000000076ab00000, 0x0000000774000000, 0x00000007c0000000)
  eden space 65536K, 0% used [0x000000076ab00000,0x000000076ab00000,0x000000076eb00000)
  from space 10752K, 99% used [0x000000076f580000,0x000000076fffb520,0x0000000770000000)
  to   space 10752K, 0% used [0x000000076eb00000,0x000000076eb00000,0x000000076f580000)
 ParOldGen       total 175104K, used 7087K [0x00000006c0000000, 0x00000006cab00000, 0x000000076ab00000)
  object space 175104K, 4% used [0x00000006c0000000,0x00000006c06ebf90,0x00000006cab00000)
 Metaspace       used 20780K, capacity 20992K, committed 21296K, reserved 1069056K
  class space    used 1992K, capacity 2078K, committed 2176K, reserved 1048576K
Event: 3.008 GC heap after
Heap after GC invocations=3 (full 1):
 PSYoungGen      total 76288K, used 0K [0x000000076ab00000, 0x0000000774000000, 0x00000007c0000000)
  eden space 65536K, 0% used [0x000000076ab00000,0x000000076ab00000,0x000000076eb00000)
  from space 10752K, 0% used [0x000000076f580000,0x000000076f580000,0x0000000770000000)
  to   space 10752K, 0% used [0x000000076eb00000,0x000000076eb00000,0x000000076f580000)
 ParOldGen       total 110080K, used 17377K [0x00000006c0000000, 0x00000006c6b80000, 0x000000076ab00000)
  object space 110080K, 15% used [0x00000006c0000000,0x00000006c10f8478,0x00000006c6b80000)
 Metaspace       used 20780K, capacity 20992K, committed 21296K, reserved 1069056K
  class space    used 1992K, capacity 2078K, committed 2176K, reserved 1048576K
}
Event: 4.673 GC heap before
{Heap before GC invocations=4 (full 1):
 PSYoungGen      total 76288K, used 65365K [0x000000076ab00000, 0x0000000774000000, 0x00000007c0000000)
  eden space 65536K, 99% used [0x000000076ab00000,0x000000076ead5708,0x000000076eb00000)
  from space 10752K, 0% used [0x000000076f580000,0x000000076f580000,0x0000000770000000)
  to   space 10752K, 0% used [0x000000076eb00000,0x000000076eb00000,0x000000076f580000)
 ParOldGen       total 110080K, used 17377K [0x00000006c0000000, 0x00000006c6b80000, 0x000000076ab00000)
  object space 110080K, 15% used [0x00000006c0000000,0x00000006c10f8478,0x00000006c6b80000)
 Metaspace       used 26941K, capacity 27197K, committed 27648K, reserved 1075200K
  class space    used 2150K, capacity 2240K, committed 2304K, reserved 1048576K
Event: 4.678 GC heap after
Heap after GC invocations=4 (full 1):
 PSYoungGen      total 76288K, used 10731K [0x000000076ab00000, 0x0000000772980000, 0x00000007c0000000)
  eden space 65536K, 0% used [0x000000076ab00000,0x000000076ab00000,0x000000076eb00000)
  from space 10752K, 99% used [0x000000076eb00000,0x000000076f57ae60,0x000000076f580000)
  to   space 10752K, 0% used [0x0000000771f00000,0x0000000771f00000,0x0000000772980000)
 ParOldGen       total 110080K, used 17703K [0x00000006c0000000, 0x00000006c6b80000, 0x000000076ab00000)
  object space 110080K, 16% used [0x00000006c0000000,0x00000006c1149d18,0x00000006c6b80000)
 Metaspace       used 26941K, capacity 27197K, committed 27648K, reserved 1075200K
  class space    used 2150K, capacity 2240K, committed 2304K, reserved 1048576K
}
Event: 9.040 GC heap before
{Heap before GC invocations=5 (full 1):
 PSYoungGen      total 76288K, used 76267K [0x000000076ab00000, 0x0000000772980000, 0x00000007c0000000)
  eden space 65536K, 100% used [0x000000076ab00000,0x000000076eb00000,0x000000076eb00000)
  from space 10752K, 99% used [0x000000076eb00000,0x000000076f57ae60,0x000000076f580000)
  to   space 10752K, 0% used [0x0000000771f00000,0x0000000771f00000,0x0000000772980000)
 ParOldGen       total 110080K, used 17703K [0x00000006c0000000, 0x00000006c6b80000, 0x000000076ab00000)
  object space 110080K, 16% used [0x00000006c0000000,0x00000006c1149d18,0x00000006c6b80000)
 Metaspace       used 27287K, capacity 27517K, committed 27904K, reserved 1075200K
  class space    used 2151K, capacity 2240K, committed 2304K, reserved 1048576K
Event: 9.046 GC heap after
Heap after GC invocations=5 (full 1):
 PSYoungGen      total 114688K, used 10731K [0x000000076ab00000, 0x0000000772980000, 0x00000007c0000000)
  eden space 103936K, 0% used [0x000000076ab00000,0x000000076ab00000,0x0000000771080000)
  from space 10752K, 99% used [0x0000000771f00000,0x000000077297ae60,0x0000000772980000)
  to   space 10752K, 0% used [0x0000000771480000,0x0000000771480000,0x0000000771f00000)
 ParOldGen       total 110080K, used 18015K [0x00000006c0000000, 0x00000006c6b80000, 0x000000076ab00000)
  object space 110080K, 16% used [0x00000006c0000000,0x00000006c1197dc8,0x00000006c6b80000)
 Metaspace       used 27287K, capacity 27517K, committed 27904K, reserved 1075200K
  class space    used 2151K, capacity 2240K, committed 2304K, reserved 1048576K
}
Event: 18.041 GC heap before
{Heap before GC invocations=6 (full 1):
 PSYoungGen      total 114688K, used 114667K [0x000000076ab00000, 0x0000000772980000, 0x00000007c0000000)
  eden space 103936K, 100% used [0x000000076ab00000,0x0000000771080000,0x0000000771080000)
  from space 10752K, 99% used [0x0000000771f00000,0x000000077297ae60,0x0000000772980000)
  to   space 10752K, 0% used [0x0000000771480000,0x0000000771480000,0x0000000771f00000)
 ParOldGen       total 110080K, used 18015K [0x00000006c0000000, 0x00000006c6b80000, 0x000000076ab00000)
  object space 110080K, 16% used [0x00000006c0000000,0x00000006c1197dc8,0x00000006c6b80000)
 Metaspace       used 27455K, capacity 27709K, committed 28160K, reserved 1075200K
  class space    used 2151K, capacity 2240K, committed 2304K, reserved 1048576K
Event: 18.048 GC heap after
Heap after GC invocations=6 (full 1):
 PSYoungGen      total 118784K, used 10554K [0x000000076ab00000, 0x0000000776800000, 0x00000007c0000000)
  eden space 108032K, 0% used [0x000000076ab00000,0x000000076ab00000,0x0000000771480000)
  from space 10752K, 98% used [0x0000000771480000,0x0000000771ece858,0x0000000771f00000)
  to   space 17920K, 0% used [0x0000000775680000,0x0000000775680000,0x0000000776800000)
 ParOldGen       total 110080K, used 18279K [0x00000006c0000000, 0x00000006c6b80000, 0x000000076ab00000)
  object space 110080K, 16% used [0x00000006c0000000,0x00000006c11d9dd8,0x00000006c6b80000)
 Metaspace       used 27455K, capacity 27709K, committed 28160K, reserved 1075200K
  class space    used 2151K, capacity 2240K, committed 2304K, reserved 1048576K
}

