# JRE version: Java(TM) SE Runtime Environment (8.0_111-b14) (build 1.8.0_111-b14)
# Java VM: Java HotSpot(TM) 64-Bit Server VM (25.111-b14 mixed mode bsd-amd64 compressed oops)
Heap:
 PSYoungGen      total 559616K, used 286127K [0x000000076ab00000, 0x000000078f200000, 0x00000007c0000000)
  eden space 524288K, 50% used [0x000000076ab00000,0x000000077ac1b910,0x000000078ab00000)
  from space 35328K, 64% used [0x000000078cf80000,0x000000078e5d0580,0x000000078f200000)
  to   space 36352K, 0% used [0x000000078ab00000,0x000000078ab00000,0x000000078ce80000)
 ParOldGen       total 175104K, used 63155K [0x00000006c0000000, 0x00000006cab00000, 0x000000076ab00000)
  object space 175104K, 36% used [0x00000006c0000000,0x00000006c3dacf60,0x00000006cab00000)
 Metaspace       used 18935K, capacity 19191K, committed 19456K, reserved 1067008K
  class space    used 1862K, capacity 1952K, committed 2048K, reserved 1048576K
GC Heap History (10 events):
Event: 4.758 GC heap before
{Heap before GC invocations=4 (full 0):
 PSYoungGen      total 76288K, used 76287K [0x000000076ab00000, 0x0000000774000000, 0x00000007c0000000)
  eden space 65536K, 100% used [0x000000076ab00000,0x000000076eb00000,0x000000076eb00000)
  from space 10752K, 99% used [0x000000076eb00000,0x000000076f57ff60,0x000000076f580000)
  to   space 10752K, 0% used [0x0000000773580000,0x0000000773580000,0x0000000774000000)
 ParOldGen       total 175104K, used 45435K [0x00000006c0000000, 0x00000006cab00000, 0x000000076ab00000)
  object space 175104K, 25% used [0x00000006c0000000,0x00000006c2c5eea8,0x00000006cab00000)
 Metaspace       used 18536K, capacity 18727K, committed 18944K, reserved 1067008K
  class space    used 1851K, capacity 1950K, committed 2048K, reserved 1048576K
Event: 4.771 GC heap after
Heap after GC invocations=4 (full 0):
 PSYoungGen      total 141824K, used 10751K [0x000000076ab00000, 0x0000000774000000, 0x00000007c0000000)
  eden space 131072K, 0% used [0x000000076ab00000,0x000000076ab00000,0x0000000772b00000)
  from space 10752K, 99% used [0x0000000773580000,0x0000000773ffffc0,0x0000000774000000)
  to   space 10752K, 0% used [0x0000000772b00000,0x0000000772b00000,0x0000000773580000)
 ParOldGen       total 175104K, used 51311K [0x00000006c0000000, 0x00000006cab00000, 0x000000076ab00000)
  object space 175104K, 29% used [0x00000006c0000000,0x00000006c321bd88,0x00000006cab00000)
 Metaspace       used 18536K, capacity 18727K, committed 18944K, reserved 1067008K
  class space    used 1851K, capacity 1950K, committed 2048K, reserved 1048576K
}
Event: 5.921 GC heap before
{Heap before GC invocations=5 (full 0):
 PSYoungGen      total 141824K, used 141823K [0x000000076ab00000, 0x0000000774000000, 0x00000007c0000000)
  eden space 131072K, 100% used [0x000000076ab00000,0x0000000772b00000,0x0000000772b00000)
  from space 10752K, 99% used [0x0000000773580000,0x0000000773ffffc0,0x0000000774000000)
  to   space 10752K, 0% used [0x0000000772b00000,0x0000000772b00000,0x0000000773580000)
 ParOldGen       total 175104K, used 51311K [0x00000006c0000000, 0x00000006cab00000, 0x000000076ab00000)
  object space 175104K, 29% used [0x00000006c0000000,0x00000006c321bd88,0x00000006cab00000)
 Metaspace       used 18634K, capacity 18859K, committed 19200K, reserved 1067008K
  class space    used 1853K, capacity 1950K, committed 2048K, reserved 1048576K
Event: 5.933 GC heap after
Heap after GC invocations=5 (full 0):
 PSYoungGen      total 141824K, used 10749K [0x000000076ab00000, 0x000000077f900000, 0x00000007c0000000)
  eden space 131072K, 0% used [0x000000076ab00000,0x000000076ab00000,0x0000000772b00000)
  from space 10752K, 99% used [0x0000000772b00000,0x000000077357f430,0x0000000773580000)
  to   space 39936K, 0% used [0x000000077d200000,0x000000077d200000,0x000000077f900000)
 ParOldGen       total 175104K, used 54242K [0x00000006c0000000, 0x00000006cab00000, 0x000000076ab00000)
  object space 175104K, 30% used [0x00000006c0000000,0x00000006c34f89d8,0x00000006cab00000)
 Metaspace       used 18634K, capacity 18859K, committed 19200K, reserved 1067008K
  class space    used 1853K, capacity 1950K, committed 2048K, reserved 1048576K
}
Event: 7.010 GC heap before
{Heap before GC invocations=6 (full 0):
 PSYoungGen      total 141824K, used 141821K [0x000000076ab00000, 0x000000077f900000, 0x00000007c0000000)
  eden space 131072K, 100% used [0x000000076ab00000,0x0000000772b00000,0x0000000772b00000)
  from space 10752K, 99% used [0x0000000772b00000,0x000000077357f430,0x0000000773580000)
  to   space 39936K, 0% used [0x000000077d200000,0x000000077d200000,0x000000077f900000)
 ParOldGen       total 175104K, used 54242K [0x00000006c0000000, 0x00000006cab00000, 0x000000076ab00000)
  object space 175104K, 30% used [0x00000006c0000000,0x00000006c34f89d8,0x00000006cab00000)
 Metaspace       used 18713K, capacity 18929K, committed 19200K, reserved 1067008K
  class space    used 1853K, capacity 1951K, committed 2048K, reserved 1048576K
Event: 7.022 GC heap after
Heap after GC invocations=6 (full 0):
 PSYoungGen      total 299008K, used 15981K [0x000000076ab00000, 0x000000077f600000, 0x00000007c0000000)
  eden space 262144K, 0% used [0x000000076ab00000,0x000000076ab00000,0x000000077ab00000)
  from space 36864K, 43% used [0x000000077d200000,0x000000077e19b560,0x000000077f600000)
  to   space 38400K, 0% used [0x000000077ab00000,0x000000077ab00000,0x000000077d080000)
 ParOldGen       total 175104K, used 54250K [0x00000006c0000000, 0x00000006cab00000, 0x000000076ab00000)
  object space 175104K, 30% used [0x00000006c0000000,0x00000006c34fa9d8,0x00000006cab00000)
 Metaspace       used 18713K, capacity 18929K, committed 19200K, reserved 1067008K
  class space    used 1853K, capacity 1951K, committed 2048K, reserved 1048576K
}
Event: 9.084 GC heap before
{Heap before GC invocations=7 (full 0):
 PSYoungGen      total 299008K, used 278125K [0x000000076ab00000, 0x000000077f600000, 0x00000007c0000000)
  eden space 262144K, 100% used [0x000000076ab00000,0x000000077ab00000,0x000000077ab00000)
  from space 36864K, 43% used [0x000000077d200000,0x000000077e19b560,0x000000077f600000)
  to   space 38400K, 0% used [0x000000077ab00000,0x000000077ab00000,0x000000077d080000)
 ParOldGen       total 175104K, used 54250K [0x00000006c0000000, 0x00000006cab00000, 0x000000076ab00000)
  object space 175104K, 30% used [0x00000006c0000000,0x00000006c34fa9d8,0x00000006cab00000)
 Metaspace       used 18809K, capacity 18999K, committed 19200K, reserved 1067008K
  class space    used 1854K, capacity 1952K, committed 2048K, reserved 1048576K
Event: 9.097 GC heap after
Heap after GC invocations=7 (full 0):
 PSYoungGen      total 300544K, used 24157K [0x000000076ab00000, 0x000000078f400000, 0x00000007c0000000)
  eden space 262144K, 0% used [0x000000076ab00000,0x000000076ab00000,0x000000077ab00000)
  from space 38400K, 62% used [0x000000077ab00000,0x000000077c2977f0,0x000000077d080000)
  to   space 37376K, 0% used [0x000000078cf80000,0x000000078cf80000,0x000000078f400000)
 ParOldGen       total 175104K, used 56878K [0x00000006c0000000, 0x00000006cab00000, 0x000000076ab00000)
  object space 175104K, 32% used [0x00000006c0000000,0x00000006c378bbc0,0x00000006cab00000)
 Metaspace       used 18809K, capacity 18999K, committed 19200K, reserved 1067008K
  class space    used 1854K, capacity 1952K, committed 2048K, reserved 1048576K
}
Event: 11.459 GC heap before
{Heap before GC invocations=8 (full 0):
 PSYoungGen      total 300544K, used 286301K [0x000000076ab00000, 0x000000078f400000, 0x00000007c0000000)
  eden space 262144K, 100% used [0x000000076ab00000,0x000000077ab00000,0x000000077ab00000)
  from space 38400K, 62% used [0x000000077ab00000,0x000000077c2977f0,0x000000077d080000)
  to   space 37376K, 0% used [0x000000078cf80000,0x000000078cf80000,0x000000078f400000)
 ParOldGen       total 175104K, used 56878K [0x00000006c0000000, 0x00000006cab00000, 0x000000076ab00000)
  object space 175104K, 32% used [0x00000006c0000000,0x00000006c378bbc0,0x00000006cab00000)
 Metaspace       used 18848K, capacity 19063K, committed 19456K, reserved 1067008K
  class space    used 1854K, capacity 1952K, committed 2048K, reserved 1048576K
Event: 11.472 GC heap after
Heap after GC invocations=8 (full 0):
 PSYoungGen      total 559616K, used 22849K [0x000000076ab00000, 0x000000078f200000, 0x00000007c0000000)
  eden space 524288K, 0% used [0x000000076ab00000,0x000000076ab00000,0x000000078ab00000)
  from space 35328K, 64% used [0x000000078cf80000,0x000000078e5d0580,0x000000078f200000)
  to   space 36352K, 0% used [0x000000078ab00000,0x000000078ab00000,0x000000078ce80000)
 ParOldGen       total 175104K, used 63155K [0x00000006c0000000, 0x00000006cab00000, 0x000000076ab00000)
  object space 175104K, 36% used [0x00000006c0000000,0x00000006c3dacf60,0x00000006cab00000)
 Metaspace       used 18848K, capacity 19063K, committed 19456K, reserved 1067008K
  class space    used 1854K, capacity 1952K, committed 2048K, reserved 1048576K
}

