# JRE version: Java(TM) SE Runtime Environment (8.0_111-b14) (build 1.8.0_111-b14)
# Java VM: Java HotSpot(TM) 64-Bit Server VM (25.111-b14 mixed mode bsd-amd64 compressed oops)
Heap:
 PSYoungGen      total 203776K, used 104919K [0x000000076ab00000, 0x000000077f980000, 0x00000007c0000000)
  eden space 160768K, 38% used [0x000000076ab00000,0x000000076e7a9af8,0x0000000774800000)
  from space 43008K, 99% used [0x0000000774800000,0x00000007771cc458,0x0000000777200000)
  to   space 50688K, 0% used [0x000000077c800000,0x000000077c800000,0x000000077f980000)
 ParOldGen       total 109568K, used 64774K [0x00000006c0000000, 0x00000006c6b00000, 0x000000076ab00000)
  object space 109568K, 59% used [0x00000006c0000000,0x00000006c3f41a58,0x00000006c6b00000)
 Metaspace       used 28063K, capacity 28285K, committed 28672K, reserved 1075200K
  class space    used 2152K, capacity 2240K, committed 2304K, reserved 1048576K
GC Heap History (10 events):
Event: 7.479 GC heap before
{Heap before GC invocations=4 (full 1):
 PSYoungGen      total 76288K, used 65536K [0x000000076ab00000, 0x0000000774000000, 0x00000007c0000000)
  eden space 65536K, 100% used [0x000000076ab00000,0x000000076eb00000,0x000000076eb00000)
  from space 10752K, 0% used [0x000000076f580000,0x000000076f580000,0x0000000770000000)
  to   space 10752K, 0% used [0x000000076eb00000,0x000000076eb00000,0x000000076f580000)
 ParOldGen       total 109568K, used 17350K [0x00000006c0000000, 0x00000006c6b00000, 0x000000076ab00000)
  object space 109568K, 15% used [0x00000006c0000000,0x00000006c10f1b80,0x00000006c6b00000)
 Metaspace       used 27007K, capacity 27261K, committed 27648K, reserved 1075200K
  class space    used 2142K, capacity 2240K, committed 2304K, reserved 1048576K
Event: 7.486 GC heap after
Heap after GC invocations=4 (full 1):
 PSYoungGen      total 76288K, used 10729K [0x000000076ab00000, 0x0000000772980000, 0x00000007c0000000)
  eden space 65536K, 0% used [0x000000076ab00000,0x000000076ab00000,0x000000076eb00000)
  from space 10752K, 99% used [0x000000076eb00000,0x000000076f57a6f0,0x000000076f580000)
  to   space 10752K, 0% used [0x0000000771f00000,0x0000000771f00000,0x0000000772980000)
 ParOldGen       total 109568K, used 17634K [0x00000006c0000000, 0x00000006c6b00000, 0x000000076ab00000)
  object space 109568K, 16% used [0x00000006c0000000,0x00000006c1138978,0x00000006c6b00000)
 Metaspace       used 27007K, capacity 27261K, committed 27648K, reserved 1075200K
  class space    used 2142K, capacity 2240K, committed 2304K, reserved 1048576K
}
Event: 12.213 GC heap before
{Heap before GC invocations=5 (full 1):
 PSYoungGen      total 76288K, used 76134K [0x000000076ab00000, 0x0000000772980000, 0x00000007c0000000)
  eden space 65536K, 99% used [0x000000076ab00000,0x000000076eadf3a0,0x000000076eb00000)
  from space 10752K, 99% used [0x000000076eb00000,0x000000076f57a6f0,0x000000076f580000)
  to   space 10752K, 0% used [0x0000000771f00000,0x0000000771f00000,0x0000000772980000)
 ParOldGen       total 109568K, used 17634K [0x00000006c0000000, 0x00000006c6b00000, 0x000000076ab00000)
  object space 109568K, 16% used [0x00000006c0000000,0x00000006c1138978,0x00000006c6b00000)
 Metaspace       used 27432K, capacity 27645K, committed 27904K, reserved 1075200K
  class space    used 2144K, capacity 2240K, committed 2304K, reserved 1048576K
Event: 12.221 GC heap after
Heap after GC invocations=5 (full 1):
 PSYoungGen      total 114688K, used 10751K [0x000000076ab00000, 0x0000000772980000, 0x00000007c0000000)
  eden space 103936K, 0% used [0x000000076ab00000,0x000000076ab00000,0x0000000771080000)
  from space 10752K, 99% used [0x0000000771f00000,0x000000077297fe58,0x0000000772980000)
  to   space 10752K, 0% used [0x0000000771480000,0x0000000771480000,0x0000000771f00000)
 ParOldGen       total 109568K, used 27063K [0x00000006c0000000, 0x00000006c6b00000, 0x000000076ab00000)
  object space 109568K, 24% used [0x00000006c0000000,0x00000006c1a6dd08,0x00000006c6b00000)
 Metaspace       used 27432K, capacity 27645K, committed 27904K, reserved 1075200K
  class space    used 2144K, capacity 2240K, committed 2304K, reserved 1048576K
}
Event: 13.298 GC heap before
{Heap before GC invocations=6 (full 1):
 PSYoungGen      total 114688K, used 114687K [0x000000076ab00000, 0x0000000772980000, 0x00000007c0000000)
  eden space 103936K, 100% used [0x000000076ab00000,0x0000000771080000,0x0000000771080000)
  from space 10752K, 99% used [0x0000000771f00000,0x000000077297fe58,0x0000000772980000)
  to   space 10752K, 0% used [0x0000000771480000,0x0000000771480000,0x0000000771f00000)
 ParOldGen       total 109568K, used 27063K [0x00000006c0000000, 0x00000006c6b00000, 0x000000076ab00000)
  object space 109568K, 24% used [0x00000006c0000000,0x00000006c1a6dd08,0x00000006c6b00000)
 Metaspace       used 27713K, capacity 27901K, committed 28160K, reserved 1075200K
  class space    used 2144K, capacity 2240K, committed 2304K, reserved 1048576K
Event: 13.313 GC heap after
Heap after GC invocations=6 (full 1):
 PSYoungGen      total 118784K, used 10751K [0x000000076ab00000, 0x0000000779700000, 0x00000007c0000000)
  eden space 108032K, 0% used [0x000000076ab00000,0x000000076ab00000,0x0000000771480000)
  from space 10752K, 99% used [0x0000000771480000,0x0000000771effe48,0x0000000771f00000)
  to   space 37888K, 0% used [0x0000000777200000,0x0000000777200000,0x0000000779700000)
 ParOldGen       total 109568K, used 55286K [0x00000006c0000000, 0x00000006c6b00000, 0x000000076ab00000)
  object space 109568K, 50% used [0x00000006c0000000,0x00000006c35fd808,0x00000006c6b00000)
 Metaspace       used 27713K, capacity 27901K, committed 28160K, reserved 1075200K
  class space    used 2144K, capacity 2240K, committed 2304K, reserved 1048576K
}
Event: 16.199 GC heap before
{Heap before GC invocations=7 (full 1):
 PSYoungGen      total 118784K, used 118783K [0x000000076ab00000, 0x0000000779700000, 0x00000007c0000000)
  eden space 108032K, 100% used [0x000000076ab00000,0x0000000771480000,0x0000000771480000)
  from space 10752K, 99% used [0x0000000771480000,0x0000000771effe48,0x0000000771f00000)
  to   space 37888K, 0% used [0x0000000777200000,0x0000000777200000,0x0000000779700000)
 ParOldGen       total 109568K, used 55286K [0x00000006c0000000, 0x00000006c6b00000, 0x000000076ab00000)
  object space 109568K, 50% used [0x00000006c0000000,0x00000006c35fd808,0x00000006c6b00000)
 Metaspace       used 27849K, capacity 28093K, committed 28416K, reserved 1075200K
  class space    used 2144K, capacity 2240K, committed 2304K, reserved 1048576K
Event: 16.213 GC heap after
Heap after GC invocations=7 (full 1):
 PSYoungGen      total 198656K, used 34367K [0x000000076ab00000, 0x000000077a300000, 0x00000007c0000000)
  eden space 160768K, 0% used [0x000000076ab00000,0x000000076ab00000,0x0000000774800000)
  from space 37888K, 90% used [0x0000000777200000,0x000000077938fca0,0x0000000779700000)
  to   space 43008K, 0% used [0x0000000774800000,0x0000000774800000,0x0000000777200000)
 ParOldGen       total 109568K, used 55294K [0x00000006c0000000, 0x00000006c6b00000, 0x000000076ab00000)
  object space 109568K, 50% used [0x00000006c0000000,0x00000006c35ff808,0x00000006c6b00000)
 Metaspace       used 27849K, capacity 28093K, committed 28416K, reserved 1075200K
  class space    used 2144K, capacity 2240K, committed 2304K, reserved 1048576K
}
Event: 25.250 GC heap before
{Heap before GC invocations=8 (full 1):
 PSYoungGen      total 198656K, used 195135K [0x000000076ab00000, 0x000000077a300000, 0x00000007c0000000)
  eden space 160768K, 100% used [0x000000076ab00000,0x0000000774800000,0x0000000774800000)
  from space 37888K, 90% used [0x0000000777200000,0x000000077938fca0,0x0000000779700000)
  to   space 43008K, 0% used [0x0000000774800000,0x0000000774800000,0x0000000777200000)
 ParOldGen       total 109568K, used 55294K [0x00000006c0000000, 0x00000006c6b00000, 0x000000076ab00000)
  object space 109568K, 50% used [0x00000006c0000000,0x00000006c35ff808,0x00000006c6b00000)
 Metaspace       used 27951K, capacity 28157K, committed 28416K, reserved 1075200K
  class space    used 2144K, capacity 2240K, committed 2304K, reserved 1048576K
Event: 25.269 GC heap after
Heap after GC invocations=8 (full 1):
 PSYoungGen      total 203776K, used 42801K [0x000000076ab00000, 0x000000077f980000, 0x00000007c0000000)
  eden space 160768K, 0% used [0x000000076ab00000,0x000000076ab00000,0x0000000774800000)
  from space 43008K, 99% used [0x0000000774800000,0x00000007771cc458,0x0000000777200000)
  to   space 50688K, 0% used [0x000000077c800000,0x000000077c800000,0x000000077f980000)
 ParOldGen       total 109568K, used 64774K [0x00000006c0000000, 0x00000006c6b00000, 0x000000076ab00000)
  object space 109568K, 59% used [0x00000006c0000000,0x00000006c3f41a58,0x00000006c6b00000)
 Metaspace       used 27951K, capacity 28157K, committed 28416K, reserved 1075200K
  class space    used 2144K, capacity 2240K, committed 2304K, reserved 1048576K
}

