# JRE version: Java(TM) SE Runtime Environment (8.0_111-b14) (build 1.8.0_111-b14)
# Java VM: Java HotSpot(TM) 64-Bit Server VM (25.111-b14 mixed mode bsd-amd64 compressed oops)
Heap:
 PSYoungGen      total 561152K, used 491838K [0x000000076ab00000, 0x000000078f400000, 0x00000007c0000000)
  eden space 524288K, 91% used [0x000000076ab00000,0x00000007880ff760,0x000000078ab00000)
  from space 36864K, 28% used [0x000000078d000000,0x000000078da50280,0x000000078f400000)
  to   space 37376K, 0% used [0x000000078ab00000,0x000000078ab00000,0x000000078cf80000)
 ParOldGen       total 175104K, used 62601K [0x00000006c0000000, 0x00000006cab00000, 0x000000076ab00000)
  object space 175104K, 35% used [0x00000006c0000000,0x00000006c3d22468,0x00000006cab00000)
 Metaspace       used 19177K, capacity 19383K, committed 19712K, reserved 1067008K
  class space    used 1878K, capacity 1952K, committed 2048K, reserved 1048576K
GC Heap History (10 events):
Event: 4.867 GC heap before
{Heap before GC invocations=4 (full 0):
 PSYoungGen      total 76288K, used 76271K [0x000000076ab00000, 0x0000000774000000, 0x00000007c0000000)
  eden space 65536K, 100% used [0x000000076ab00000,0x000000076eb00000,0x000000076eb00000)
  from space 10752K, 99% used [0x000000076eb00000,0x000000076f57bfb0,0x000000076f580000)
  to   space 10752K, 0% used [0x0000000773580000,0x0000000773580000,0x0000000774000000)
 ParOldGen       total 175104K, used 45126K [0x00000006c0000000, 0x00000006cab00000, 0x000000076ab00000)
  object space 175104K, 25% used [0x00000006c0000000,0x00000006c2c11810,0x00000006cab00000)
 Metaspace       used 18536K, capacity 18727K, committed 18944K, reserved 1067008K
  class space    used 1851K, capacity 1950K, committed 2048K, reserved 1048576K
Event: 4.877 GC heap after
Heap after GC invocations=4 (full 0):
 PSYoungGen      total 141824K, used 10751K [0x000000076ab00000, 0x0000000774000000, 0x00000007c0000000)
  eden space 131072K, 0% used [0x000000076ab00000,0x000000076ab00000,0x0000000772b00000)
  from space 10752K, 99% used [0x0000000773580000,0x0000000773ffffc0,0x0000000774000000)
  to   space 10752K, 0% used [0x0000000772b00000,0x0000000772b00000,0x0000000773580000)
 ParOldGen       total 175104K, used 51254K [0x00000006c0000000, 0x00000006cab00000, 0x000000076ab00000)
  object space 175104K, 29% used [0x00000006c0000000,0x00000006c320d940,0x00000006cab00000)
 Metaspace       used 18536K, capacity 18727K, committed 18944K, reserved 1067008K
  class space    used 1851K, capacity 1950K, committed 2048K, reserved 1048576K
}
Event: 6.124 GC heap before
{Heap before GC invocations=5 (full 0):
 PSYoungGen      total 141824K, used 141823K [0x000000076ab00000, 0x0000000774000000, 0x00000007c0000000)
  eden space 131072K, 100% used [0x000000076ab00000,0x0000000772b00000,0x0000000772b00000)
  from space 10752K, 99% used [0x0000000773580000,0x0000000773ffffc0,0x0000000774000000)
  to   space 10752K, 0% used [0x0000000772b00000,0x0000000772b00000,0x0000000773580000)
 ParOldGen       total 175104K, used 51254K [0x00000006c0000000, 0x00000006cab00000, 0x000000076ab00000)
  object space 175104K, 29% used [0x00000006c0000000,0x00000006c320d940,0x00000006cab00000)
 Metaspace       used 18632K, capacity 18855K, committed 19200K, reserved 1067008K
  class space    used 1851K, capacity 1950K, committed 2048K, reserved 1048576K
Event: 6.136 GC heap after
Heap after GC invocations=5 (full 0):
 PSYoungGen      total 141824K, used 10735K [0x000000076ab00000, 0x000000077f900000, 0x00000007c0000000)
  eden space 131072K, 0% used [0x000000076ab00000,0x000000076ab00000,0x0000000772b00000)
  from space 10752K, 99% used [0x0000000772b00000,0x000000077357bfc0,0x0000000773580000)
  to   space 39936K, 0% used [0x000000077d200000,0x000000077d200000,0x000000077f900000)
 ParOldGen       total 175104K, used 52350K [0x00000006c0000000, 0x00000006cab00000, 0x000000076ab00000)
  object space 175104K, 29% used [0x00000006c0000000,0x00000006c331f970,0x00000006cab00000)
 Metaspace       used 18632K, capacity 18855K, committed 19200K, reserved 1067008K
  class space    used 1851K, capacity 1950K, committed 2048K, reserved 1048576K
}
Event: 7.484 GC heap before
{Heap before GC invocations=6 (full 0):
 PSYoungGen      total 141824K, used 141807K [0x000000076ab00000, 0x000000077f900000, 0x00000007c0000000)
  eden space 131072K, 100% used [0x000000076ab00000,0x0000000772b00000,0x0000000772b00000)
  from space 10752K, 99% used [0x0000000772b00000,0x000000077357bfc0,0x0000000773580000)
  to   space 39936K, 0% used [0x000000077d200000,0x000000077d200000,0x000000077f900000)
 ParOldGen       total 175104K, used 52350K [0x00000006c0000000, 0x00000006cab00000, 0x000000076ab00000)
  object space 175104K, 29% used [0x00000006c0000000,0x00000006c331f970,0x00000006cab00000)
 Metaspace       used 18696K, capacity 18925K, committed 19200K, reserved 1067008K
  class space    used 1853K, capacity 1951K, committed 2048K, reserved 1048576K
Event: 7.494 GC heap after
Heap after GC invocations=6 (full 0):
 PSYoungGen      total 301056K, used 10879K [0x000000076ab00000, 0x000000077f800000, 0x00000007c0000000)
  eden space 262144K, 0% used [0x000000076ab00000,0x000000076ab00000,0x000000077ab00000)
  from space 38912K, 27% used [0x000000077d200000,0x000000077dc9ffd0,0x000000077f800000)
  to   space 39424K, 0% used [0x000000077ab00000,0x000000077ab00000,0x000000077d180000)
 ParOldGen       total 175104K, used 52350K [0x00000006c0000000, 0x00000006cab00000, 0x000000076ab00000)
  object space 175104K, 29% used [0x00000006c0000000,0x00000006c331f970,0x00000006cab00000)
 Metaspace       used 18696K, capacity 18925K, committed 19200K, reserved 1067008K
  class space    used 1853K, capacity 1951K, committed 2048K, reserved 1048576K
}
Event: 9.748 GC heap before
{Heap before GC invocations=7 (full 0):
 PSYoungGen      total 301056K, used 273023K [0x000000076ab00000, 0x000000077f800000, 0x00000007c0000000)
  eden space 262144K, 100% used [0x000000076ab00000,0x000000077ab00000,0x000000077ab00000)
  from space 38912K, 27% used [0x000000077d200000,0x000000077dc9ffd0,0x000000077f800000)
  to   space 39424K, 0% used [0x000000077ab00000,0x000000077ab00000,0x000000077d180000)
 ParOldGen       total 175104K, used 52350K [0x00000006c0000000, 0x00000006cab00000, 0x000000076ab00000)
  object space 175104K, 29% used [0x00000006c0000000,0x00000006c331f970,0x00000006cab00000)
 Metaspace       used 18746K, capacity 18929K, committed 19200K, reserved 1067008K
  class space    used 1853K, capacity 1951K, committed 2048K, reserved 1048576K
Event: 9.759 GC heap after
Heap after GC invocations=7 (full 0):
 PSYoungGen      total 301568K, used 15440K [0x000000076ab00000, 0x000000078f500000, 0x00000007c0000000)
  eden space 262144K, 0% used [0x000000076ab00000,0x000000076ab00000,0x000000077ab00000)
  from space 39424K, 39% used [0x000000077ab00000,0x000000077ba14160,0x000000077d180000)
  to   space 37888K, 0% used [0x000000078d000000,0x000000078d000000,0x000000078f500000)
 ParOldGen       total 175104K, used 55033K [0x00000006c0000000, 0x00000006cab00000, 0x000000076ab00000)
  object space 175104K, 31% used [0x00000006c0000000,0x00000006c35be4e8,0x00000006cab00000)
 Metaspace       used 18746K, capacity 18929K, committed 19200K, reserved 1067008K
  class space    used 1853K, capacity 1951K, committed 2048K, reserved 1048576K
}
Event: 12.093 GC heap before
{Heap before GC invocations=8 (full 0):
 PSYoungGen      total 301568K, used 277584K [0x000000076ab00000, 0x000000078f500000, 0x00000007c0000000)
  eden space 262144K, 100% used [0x000000076ab00000,0x000000077ab00000,0x000000077ab00000)
  from space 39424K, 39% used [0x000000077ab00000,0x000000077ba14160,0x000000077d180000)
  to   space 37888K, 0% used [0x000000078d000000,0x000000078d000000,0x000000078f500000)
 ParOldGen       total 175104K, used 55033K [0x00000006c0000000, 0x00000006cab00000, 0x000000076ab00000)
  object space 175104K, 31% used [0x00000006c0000000,0x00000006c35be4e8,0x00000006cab00000)
 Metaspace       used 18803K, capacity 18999K, committed 19200K, reserved 1067008K
  class space    used 1854K, capacity 1952K, committed 2048K, reserved 1048576K
Event: 12.101 GC heap after
Heap after GC invocations=8 (full 0):
 PSYoungGen      total 561152K, used 10560K [0x000000076ab00000, 0x000000078f400000, 0x00000007c0000000)
  eden space 524288K, 0% used [0x000000076ab00000,0x000000076ab00000,0x000000078ab00000)
  from space 36864K, 28% used [0x000000078d000000,0x000000078da50280,0x000000078f400000)
  to   space 37376K, 0% used [0x000000078ab00000,0x000000078ab00000,0x000000078cf80000)
 ParOldGen       total 175104K, used 62601K [0x00000006c0000000, 0x00000006cab00000, 0x000000076ab00000)
  object space 175104K, 35% used [0x00000006c0000000,0x00000006c3d22468,0x00000006cab00000)
 Metaspace       used 18803K, capacity 18999K, committed 19200K, reserved 1067008K
  class space    used 1854K, capacity 1952K, committed 2048K, reserved 1048576K
}

