# JRE version: Java(TM) SE Runtime Environment (8.0_111-b14) (build 1.8.0_111-b14)
# Java VM: Java HotSpot(TM) 64-Bit Server VM (25.111-b14 mixed mode bsd-amd64 compressed oops)
Heap:
 PSYoungGen      total 763904K, used 416043K [0x000000076ab00000, 0x000000079e180000, 0x00000007c0000000)
  eden space 763392K, 54% used [0x000000076ab00000,0x000000078411ac70,0x0000000799480000)
  from space 512K, 37% used [0x000000079e100000,0x000000079e130000,0x000000079e180000)
  to   space 36864K, 0% used [0x0000000799980000,0x0000000799980000,0x000000079bd80000)
 ParOldGen       total 175104K, used 92665K [0x00000006c0000000, 0x00000006cab00000, 0x000000076ab00000)
  object space 175104K, 52% used [0x00000006c0000000,0x00000006c5a7e748,0x00000006cab00000)
 Metaspace       used 19117K, capacity 19319K, committed 19712K, reserved 1067008K
  class space    used 1879K, capacity 1952K, committed 2048K, reserved 1048576K
GC Heap History (10 events):
Event: 9.880 GC heap before
{Heap before GC invocations=8 (full 0):
 PSYoungGen      total 300544K, used 280560K [0x000000076ab00000, 0x000000078f200000, 0x00000007c0000000)
  eden space 262144K, 100% used [0x000000076ab00000,0x000000077ab00000,0x000000077ab00000)
  from space 38400K, 47% used [0x000000077ab00000,0x000000077bcfc210,0x000000077d080000)
  to   space 36352K, 0% used [0x000000078ce80000,0x000000078ce80000,0x000000078f200000)
 ParOldGen       total 175104K, used 55184K [0x00000006c0000000, 0x00000006cab00000, 0x000000076ab00000)
  object space 175104K, 31% used [0x00000006c0000000,0x00000006c35e4098,0x00000006cab00000)
 Metaspace       used 18845K, capacity 19063K, committed 19456K, reserved 1067008K
  class space    used 1872K, capacity 1952K, committed 2048K, reserved 1048576K
Event: 9.887 GC heap after
Heap after GC invocations=8 (full 0):
 PSYoungGen      total 560640K, used 11296K [0x000000076ab00000, 0x000000078f200000, 0x00000007c0000000)
  eden space 524288K, 0% used [0x000000076ab00000,0x000000076ab00000,0x000000078ab00000)
  from space 36352K, 31% used [0x000000078ce80000,0x000000078d9882b0,0x000000078f200000)
  to   space 36352K, 0% used [0x000000078ab00000,0x000000078ab00000,0x000000078ce80000)
 ParOldGen       total 175104K, used 62375K [0x00000006c0000000, 0x00000006cab00000, 0x000000076ab00000)
  object space 175104K, 35% used [0x00000006c0000000,0x00000006c3ce9ff8,0x00000006cab00000)
 Metaspace       used 18845K, capacity 19063K, committed 19456K, reserved 1067008K
  class space    used 1872K, capacity 1952K, committed 2048K, reserved 1048576K
}
Event: 12.524 GC heap before
{Heap before GC invocations=9 (full 0):
 PSYoungGen      total 560640K, used 535584K [0x000000076ab00000, 0x000000078f200000, 0x00000007c0000000)
  eden space 524288K, 100% used [0x000000076ab00000,0x000000078ab00000,0x000000078ab00000)
  from space 36352K, 31% used [0x000000078ce80000,0x000000078d9882b0,0x000000078f200000)
  to   space 36352K, 0% used [0x000000078ab00000,0x000000078ab00000,0x000000078ce80000)
 ParOldGen       total 175104K, used 62375K [0x00000006c0000000, 0x00000006cab00000, 0x000000076ab00000)
  object space 175104K, 35% used [0x00000006c0000000,0x00000006c3ce9ff8,0x00000006cab00000)
 Metaspace       used 18868K, capacity 19063K, committed 19456K, reserved 1067008K
  class space    used 1872K, capacity 1952K, committed 2048K, reserved 1048576K
Event: 12.529 GC heap after
Heap after GC invocations=9 (full 0):
 PSYoungGen      total 560640K, used 6944K [0x000000076ab00000, 0x00000007a2680000, 0x00000007c0000000)
  eden space 524288K, 0% used [0x000000076ab00000,0x000000076ab00000,0x000000078ab00000)
  from space 36352K, 19% used [0x000000078ab00000,0x000000078b1c81a0,0x000000078ce80000)
  to   space 36864K, 0% used [0x00000007a0280000,0x00000007a0280000,0x00000007a2680000)
 ParOldGen       total 175104K, used 68888K [0x00000006c0000000, 0x00000006cab00000, 0x000000076ab00000)
  object space 175104K, 39% used [0x00000006c0000000,0x00000006c4346188,0x00000006cab00000)
 Metaspace       used 18868K, capacity 19063K, committed 19456K, reserved 1067008K
  class space    used 1872K, capacity 1952K, committed 2048K, reserved 1048576K
}
Event: 14.032 GC heap before
{Heap before GC invocations=10 (full 0):
 PSYoungGen      total 560640K, used 531232K [0x000000076ab00000, 0x00000007a2680000, 0x00000007c0000000)
  eden space 524288K, 100% used [0x000000076ab00000,0x000000078ab00000,0x000000078ab00000)
  from space 36352K, 19% used [0x000000078ab00000,0x000000078b1c81a0,0x000000078ce80000)
  to   space 36864K, 0% used [0x00000007a0280000,0x00000007a0280000,0x00000007a2680000)
 ParOldGen       total 175104K, used 68888K [0x00000006c0000000, 0x00000006cab00000, 0x000000076ab00000)
  object space 175104K, 39% used [0x00000006c0000000,0x00000006c4346188,0x00000006cab00000)
 Metaspace       used 18942K, capacity 19127K, committed 19456K, reserved 1067008K
  class space    used 1872K, capacity 1952K, committed 2048K, reserved 1048576K
Event: 14.039 GC heap after
Heap after GC invocations=10 (full 0):
 PSYoungGen      total 871936K, used 17185K [0x000000076ab00000, 0x00000007a2280000, 0x00000007c0000000)
  eden space 839168K, 0% used [0x000000076ab00000,0x000000076ab00000,0x000000079de80000)
  from space 32768K, 52% used [0x00000007a0280000,0x00000007a1348420,0x00000007a2280000)
  to   space 34816K, 0% used [0x000000079de80000,0x000000079de80000,0x00000007a0080000)
 ParOldGen       total 175104K, used 73560K [0x00000006c0000000, 0x00000006cab00000, 0x000000076ab00000)
  object space 175104K, 42% used [0x00000006c0000000,0x00000006c47d62a8,0x00000006cab00000)
 Metaspace       used 18942K, capacity 19127K, committed 19456K, reserved 1067008K
  class space    used 1872K, capacity 1952K, committed 2048K, reserved 1048576K
}
Event: 18.317 GC heap before
{Heap before GC invocations=11 (full 0):
 PSYoungGen      total 871936K, used 856353K [0x000000076ab00000, 0x00000007a2280000, 0x00000007c0000000)
  eden space 839168K, 100% used [0x000000076ab00000,0x000000079de80000,0x000000079de80000)
  from space 32768K, 52% used [0x00000007a0280000,0x00000007a1348420,0x00000007a2280000)
  to   space 34816K, 0% used [0x000000079de80000,0x000000079de80000,0x00000007a0080000)
 ParOldGen       total 175104K, used 73560K [0x00000006c0000000, 0x00000006cab00000, 0x000000076ab00000)
  object space 175104K, 42% used [0x00000006c0000000,0x00000006c47d62a8,0x00000006cab00000)
 Metaspace       used 19012K, capacity 19191K, committed 19456K, reserved 1067008K
  class space    used 1872K, capacity 1952K, committed 2048K, reserved 1048576K
Event: 18.325 GC heap after
Heap after GC invocations=11 (full 0):
 PSYoungGen      total 802816K, used 2336K [0x000000076ab00000, 0x00000007a0300000, 0x00000007c0000000)
  eden space 800256K, 0% used [0x000000076ab00000,0x000000076ab00000,0x000000079b880000)
  from space 2560K, 91% used [0x000000079de80000,0x000000079e0c8080,0x000000079e100000)
  to   space 34816K, 0% used [0x000000079e100000,0x000000079e100000,0x00000007a0300000)
 ParOldGen       total 175104K, used 90545K [0x00000006c0000000, 0x00000006cab00000, 0x000000076ab00000)
  object space 175104K, 51% used [0x00000006c0000000,0x00000006c586c6c8,0x00000006cab00000)
 Metaspace       used 19012K, capacity 19191K, committed 19456K, reserved 1067008K
  class space    used 1872K, capacity 1952K, committed 2048K, reserved 1048576K
}
Event: 22.639 GC heap before
{Heap before GC invocations=12 (full 0):
 PSYoungGen      total 802816K, used 802592K [0x000000076ab00000, 0x00000007a0300000, 0x00000007c0000000)
  eden space 800256K, 100% used [0x000000076ab00000,0x000000079b880000,0x000000079b880000)
  from space 2560K, 91% used [0x000000079de80000,0x000000079e0c8080,0x000000079e100000)
  to   space 34816K, 0% used [0x000000079e100000,0x000000079e100000,0x00000007a0300000)
 ParOldGen       total 175104K, used 90545K [0x00000006c0000000, 0x00000006cab00000, 0x000000076ab00000)
  object space 175104K, 51% used [0x00000006c0000000,0x00000006c586c6c8,0x00000006cab00000)
 Metaspace       used 19050K, capacity 19255K, committed 19456K, reserved 1067008K
  class space    used 1872K, capacity 1952K, committed 2048K, reserved 1048576K
Event: 22.641 GC heap after
Heap after GC invocations=12 (full 0):
 PSYoungGen      total 763904K, used 192K [0x000000076ab00000, 0x000000079e180000, 0x00000007c0000000)
  eden space 763392K, 0% used [0x000000076ab00000,0x000000076ab00000,0x0000000799480000)
  from space 512K, 37% used [0x000000079e100000,0x000000079e130000,0x000000079e180000)
  to   space 36864K, 0% used [0x0000000799980000,0x0000000799980000,0x000000079bd80000)
 ParOldGen       total 175104K, used 92665K [0x00000006c0000000, 0x00000006cab00000, 0x000000076ab00000)
  object space 175104K, 52% used [0x00000006c0000000,0x00000006c5a7e748,0x00000006cab00000)
 Metaspace       used 19050K, capacity 19255K, committed 19456K, reserved 1067008K
  class space    used 1872K, capacity 1952K, committed 2048K, reserved 1048576K
}

