# JRE version: Java(TM) SE Runtime Environment (8.0_111-b14) (build 1.8.0_111-b14)
# Java VM: Java HotSpot(TM) 64-Bit Server VM (25.111-b14 mixed mode bsd-amd64 compressed oops)
Heap:
 PSYoungGen      total 559104K, used 372742K [0x000000076ab00000, 0x000000078f200000, 0x00000007c0000000)
  eden space 524288K, 68% used [0x000000076ab00000,0x0000000780801538,0x000000078ab00000)
  from space 34816K, 44% used [0x000000078d000000,0x000000078df003e0,0x000000078f200000)
  to   space 36352K, 0% used [0x000000078ab00000,0x000000078ab00000,0x000000078ce80000)
 ParOldGen       total 175104K, used 60046K [0x00000006c0000000, 0x00000006cab00000, 0x000000076ab00000)
  object space 175104K, 34% used [0x00000006c0000000,0x00000006c3aa38c8,0x00000006cab00000)
 Metaspace       used 19196K, capacity 19415K, committed 19712K, reserved 1067008K
  class space    used 1905K, capacity 1984K, committed 2048K, reserved 1048576K
GC Heap History (10 events):
Event: 4.702 GC heap before
{Heap before GC invocations=4 (full 0):
 PSYoungGen      total 76288K, used 76271K [0x000000076ab00000, 0x0000000774000000, 0x00000007c0000000)
  eden space 65536K, 100% used [0x000000076ab00000,0x000000076eb00000,0x000000076eb00000)
  from space 10752K, 99% used [0x000000076eb00000,0x000000076f57bfb0,0x000000076f580000)
  to   space 10752K, 0% used [0x0000000773580000,0x0000000773580000,0x0000000774000000)
 ParOldGen       total 175104K, used 45433K [0x00000006c0000000, 0x00000006cab00000, 0x000000076ab00000)
  object space 175104K, 25% used [0x00000006c0000000,0x00000006c2c5e5f0,0x00000006cab00000)
 Metaspace       used 18310K, capacity 18503K, committed 18816K, reserved 1067008K
  class space    used 1839K, capacity 1918K, committed 1920K, reserved 1048576K
Event: 4.712 GC heap after
Heap after GC invocations=4 (full 0):
 PSYoungGen      total 141824K, used 10736K [0x000000076ab00000, 0x0000000774000000, 0x00000007c0000000)
  eden space 131072K, 0% used [0x000000076ab00000,0x000000076ab00000,0x0000000772b00000)
  from space 10752K, 99% used [0x0000000773580000,0x0000000773ffc020,0x0000000774000000)
  to   space 10752K, 0% used [0x0000000772b00000,0x0000000772b00000,0x0000000773580000)
 ParOldGen       total 175104K, used 49265K [0x00000006c0000000, 0x00000006cab00000, 0x000000076ab00000)
  object space 175104K, 28% used [0x00000006c0000000,0x00000006c301c470,0x00000006cab00000)
 Metaspace       used 18310K, capacity 18503K, committed 18816K, reserved 1067008K
  class space    used 1839K, capacity 1918K, committed 1920K, reserved 1048576K
}
Event: 6.060 GC heap before
{Heap before GC invocations=5 (full 0):
 PSYoungGen      total 141824K, used 141808K [0x000000076ab00000, 0x0000000774000000, 0x00000007c0000000)
  eden space 131072K, 100% used [0x000000076ab00000,0x0000000772b00000,0x0000000772b00000)
  from space 10752K, 99% used [0x0000000773580000,0x0000000773ffc020,0x0000000774000000)
  to   space 10752K, 0% used [0x0000000772b00000,0x0000000772b00000,0x0000000773580000)
 ParOldGen       total 175104K, used 49265K [0x00000006c0000000, 0x00000006cab00000, 0x000000076ab00000)
  object space 175104K, 28% used [0x00000006c0000000,0x00000006c301c470,0x00000006cab00000)
 Metaspace       used 18409K, capacity 18641K, committed 18816K, reserved 1067008K
  class space    used 1842K, capacity 1919K, committed 1920K, reserved 1048576K
Event: 6.072 GC heap after
Heap after GC invocations=5 (full 0):
 PSYoungGen      total 141824K, used 10720K [0x000000076ab00000, 0x000000077fb00000, 0x00000007c0000000)
  eden space 131072K, 0% used [0x000000076ab00000,0x000000076ab00000,0x0000000772b00000)
  from space 10752K, 99% used [0x0000000772b00000,0x0000000773578030,0x0000000773580000)
  to   space 40960K, 0% used [0x000000077d300000,0x000000077d300000,0x000000077fb00000)
 ParOldGen       total 175104K, used 49329K [0x00000006c0000000, 0x00000006cab00000, 0x000000076ab00000)
  object space 175104K, 28% used [0x00000006c0000000,0x00000006c302c470,0x00000006cab00000)
 Metaspace       used 18409K, capacity 18641K, committed 18816K, reserved 1067008K
  class space    used 1842K, capacity 1919K, committed 1920K, reserved 1048576K
}
Event: 7.203 GC heap before
{Heap before GC invocations=6 (full 0):
 PSYoungGen      total 141824K, used 141792K [0x000000076ab00000, 0x000000077fb00000, 0x00000007c0000000)
  eden space 131072K, 100% used [0x000000076ab00000,0x0000000772b00000,0x0000000772b00000)
  from space 10752K, 99% used [0x0000000772b00000,0x0000000773578030,0x0000000773580000)
  to   space 40960K, 0% used [0x000000077d300000,0x000000077d300000,0x000000077fb00000)
 ParOldGen       total 175104K, used 49329K [0x00000006c0000000, 0x00000006cab00000, 0x000000076ab00000)
  object space 175104K, 28% used [0x00000006c0000000,0x00000006c302c470,0x00000006cab00000)
 Metaspace       used 18467K, capacity 18711K, committed 18816K, reserved 1067008K
  class space    used 1842K, capacity 1920K, committed 1920K, reserved 1048576K
Event: 7.212 GC heap after
Heap after GC invocations=6 (full 0):
 PSYoungGen      total 301056K, used 10784K [0x000000076ab00000, 0x000000077f900000, 0x00000007c0000000)
  eden space 262144K, 0% used [0x000000076ab00000,0x000000076ab00000,0x000000077ab00000)
  from space 38912K, 27% used [0x000000077d300000,0x000000077dd88010,0x000000077f900000)
  to   space 39936K, 0% used [0x000000077ab00000,0x000000077ab00000,0x000000077d200000)
 ParOldGen       total 175104K, used 49337K [0x00000006c0000000, 0x00000006cab00000, 0x000000076ab00000)
  object space 175104K, 28% used [0x00000006c0000000,0x00000006c302e470,0x00000006cab00000)
 Metaspace       used 18467K, capacity 18711K, committed 18816K, reserved 1067008K
  class space    used 1842K, capacity 1920K, committed 1920K, reserved 1048576K
}
Event: 9.481 GC heap before
{Heap before GC invocations=7 (full 0):
 PSYoungGen      total 301056K, used 272928K [0x000000076ab00000, 0x000000077f900000, 0x00000007c0000000)
  eden space 262144K, 100% used [0x000000076ab00000,0x000000077ab00000,0x000000077ab00000)
  from space 38912K, 27% used [0x000000077d300000,0x000000077dd88010,0x000000077f900000)
  to   space 39936K, 0% used [0x000000077ab00000,0x000000077ab00000,0x000000077d200000)
 ParOldGen       total 175104K, used 49337K [0x00000006c0000000, 0x00000006cab00000, 0x000000076ab00000)
  object space 175104K, 28% used [0x00000006c0000000,0x00000006c302e470,0x00000006cab00000)
 Metaspace       used 18996K, capacity 19223K, committed 19456K, reserved 1067008K
  class space    used 1894K, capacity 1984K, committed 2048K, reserved 1048576K
Event: 9.493 GC heap after
Heap after GC invocations=7 (full 0):
 PSYoungGen      total 302080K, used 14384K [0x000000076ab00000, 0x000000078f500000, 0x00000007c0000000)
  eden space 262144K, 0% used [0x000000076ab00000,0x000000076ab00000,0x000000077ab00000)
  from space 39936K, 36% used [0x000000077ab00000,0x000000077b90c150,0x000000077d200000)
  to   space 37888K, 0% used [0x000000078d000000,0x000000078d000000,0x000000078f500000)
 ParOldGen       total 175104K, used 51414K [0x00000006c0000000, 0x00000006cab00000, 0x000000076ab00000)
  object space 175104K, 29% used [0x00000006c0000000,0x00000006c32358e8,0x00000006cab00000)
 Metaspace       used 18996K, capacity 19223K, committed 19456K, reserved 1067008K
  class space    used 1894K, capacity 1984K, committed 2048K, reserved 1048576K
}
Event: 11.474 GC heap before
{Heap before GC invocations=8 (full 0):
 PSYoungGen      total 302080K, used 276528K [0x000000076ab00000, 0x000000078f500000, 0x00000007c0000000)
  eden space 262144K, 100% used [0x000000076ab00000,0x000000077ab00000,0x000000077ab00000)
  from space 39936K, 36% used [0x000000077ab00000,0x000000077b90c150,0x000000077d200000)
  to   space 37888K, 0% used [0x000000078d000000,0x000000078d000000,0x000000078f500000)
 ParOldGen       total 175104K, used 51414K [0x00000006c0000000, 0x00000006cab00000, 0x000000076ab00000)
  object space 175104K, 29% used [0x00000006c0000000,0x00000006c32358e8,0x00000006cab00000)
 Metaspace       used 19094K, capacity 19287K, committed 19456K, reserved 1067008K
  class space    used 1895K, capacity 1984K, committed 2048K, reserved 1048576K
Event: 11.485 GC heap after
Heap after GC invocations=8 (full 0):
 PSYoungGen      total 559104K, used 15360K [0x000000076ab00000, 0x000000078f200000, 0x00000007c0000000)
  eden space 524288K, 0% used [0x000000076ab00000,0x000000076ab00000,0x000000078ab00000)
  from space 34816K, 44% used [0x000000078d000000,0x000000078df003e0,0x000000078f200000)
  to   space 36352K, 0% used [0x000000078ab00000,0x000000078ab00000,0x000000078ce80000)
 ParOldGen       total 175104K, used 60046K [0x00000006c0000000, 0x00000006cab00000, 0x000000076ab00000)
  object space 175104K, 34% used [0x00000006c0000000,0x00000006c3aa38c8,0x00000006cab00000)
 Metaspace       used 19094K, capacity 19287K, committed 19456K, reserved 1067008K
  class space    used 1895K, capacity 1984K, committed 2048K, reserved 1048576K
}

