# JRE version: Java(TM) SE Runtime Environment (8.0_111-b14) (build 1.8.0_111-b14)
# Java VM: Java HotSpot(TM) 64-Bit Server VM (25.111-b14 mixed mode bsd-amd64 compressed oops)
Heap:
 PSYoungGen      total 160768K, used 149166K [0x000000076ab00000, 0x0000000775d00000, 0x00000007c0000000)
  eden space 149504K, 97% used [0x000000076ab00000,0x00000007738ab788,0x0000000773d00000)
  from space 11264K, 36% used [0x0000000775200000,0x00000007756000d0,0x0000000775d00000)
  to   space 16384K, 0% used [0x0000000773d00000,0x0000000773d00000,0x0000000774d00000)
 ParOldGen       total 113152K, used 34489K [0x00000006c0000000, 0x00000006c6e80000, 0x000000076ab00000)
  object space 113152K, 30% used [0x00000006c0000000,0x00000006c21ae498,0x00000006c6e80000)
 Metaspace       used 27707K, capacity 27905K, committed 28160K, reserved 1075200K
  class space    used 2159K, capacity 2240K, committed 2304K, reserved 1048576K
GC Heap History (10 events):
Event: 536.278 GC heap before
{Heap before GC invocations=23 (full 1):
 PSYoungGen      total 179712K, used 179296K [0x000000076ab00000, 0x0000000777800000, 0x00000007c0000000)
  eden space 175104K, 100% used [0x000000076ab00000,0x0000000775600000,0x0000000775600000)
  from space 4608K, 90% used [0x0000000775b80000,0x0000000775f980d0,0x0000000776000000)
  to   space 17408K, 0% used [0x0000000776700000,0x0000000776700000,0x0000000777800000)
 ParOldGen       total 113152K, used 34257K [0x00000006c0000000, 0x00000006c6e80000, 0x000000076ab00000)
  object space 113152K, 30% used [0x00000006c0000000,0x00000006c2174498,0x00000006c6e80000)
 Metaspace       used 27672K, capacity 27905K, committed 28160K, reserved 1075200K
  class space    used 2151K, capacity 2240K, committed 2304K, reserved 1048576K
Event: 536.281 GC heap after
Heap after GC invocations=23 (full 1):
 PSYoungGen      total 181248K, used 4160K [0x000000076ab00000, 0x0000000777280000, 0x00000007c0000000)
  eden space 169472K, 0% used [0x000000076ab00000,0x000000076ab00000,0x0000000775080000)
  from space 11776K, 35% used [0x0000000776700000,0x0000000776b100d0,0x0000000777280000)
  to   space 17408K, 0% used [0x0000000775080000,0x0000000775080000,0x0000000776180000)
 ParOldGen       total 113152K, used 34281K [0x00000006c0000000, 0x00000006c6e80000, 0x000000076ab00000)
  object space 113152K, 30% used [0x00000006c0000000,0x00000006c217a498,0x00000006c6e80000)
 Metaspace       used 27672K, capacity 27905K, committed 28160K, reserved 1075200K
  class space    used 2151K, capacity 2240K, committed 2304K, reserved 1048576K
}
Event: 561.151 GC heap before
{Heap before GC invocations=24 (full 1):
 PSYoungGen      total 181248K, used 173632K [0x000000076ab00000, 0x0000000777280000, 0x00000007c0000000)
  eden space 169472K, 100% used [0x000000076ab00000,0x0000000775080000,0x0000000775080000)
  from space 11776K, 35% used [0x0000000776700000,0x0000000776b100d0,0x0000000777280000)
  to   space 17408K, 0% used [0x0000000775080000,0x0000000775080000,0x0000000776180000)
 ParOldGen       total 113152K, used 34281K [0x00000006c0000000, 0x00000006c6e80000, 0x000000076ab00000)
  object space 113152K, 30% used [0x00000006c0000000,0x00000006c217a498,0x00000006c6e80000)
 Metaspace       used 27672K, capacity 27905K, committed 28160K, reserved 1075200K
  class space    used 2151K, capacity 2240K, committed 2304K, reserved 1048576K
Event: 561.153 GC heap after
Heap after GC invocations=24 (full 1):
 PSYoungGen      total 168960K, used 4192K [0x000000076ab00000, 0x0000000776d80000, 0x00000007c0000000)
  eden space 164352K, 0% used [0x000000076ab00000,0x000000076ab00000,0x0000000774b80000)
  from space 4608K, 90% used [0x0000000775080000,0x00000007754980d0,0x0000000775500000)
  to   space 17408K, 0% used [0x0000000775c80000,0x0000000775c80000,0x0000000776d80000)
 ParOldGen       total 113152K, used 34289K [0x00000006c0000000, 0x00000006c6e80000, 0x000000076ab00000)
  object space 113152K, 30% used [0x00000006c0000000,0x00000006c217c498,0x00000006c6e80000)
 Metaspace       used 27672K, capacity 27905K, committed 28160K, reserved 1075200K
  class space    used 2151K, capacity 2240K, committed 2304K, reserved 1048576K
}
Event: 585.371 GC heap before
{Heap before GC invocations=25 (full 1):
 PSYoungGen      total 168960K, used 168544K [0x000000076ab00000, 0x0000000776d80000, 0x00000007c0000000)
  eden space 164352K, 100% used [0x000000076ab00000,0x0000000774b80000,0x0000000774b80000)
  from space 4608K, 90% used [0x0000000775080000,0x00000007754980d0,0x0000000775500000)
  to   space 17408K, 0% used [0x0000000775c80000,0x0000000775c80000,0x0000000776d80000)
 ParOldGen       total 113152K, used 34289K [0x00000006c0000000, 0x00000006c6e80000, 0x000000076ab00000)
  object space 113152K, 30% used [0x00000006c0000000,0x00000006c217c498,0x00000006c6e80000)
 Metaspace       used 27672K, capacity 27905K, committed 28160K, reserved 1075200K
  class space    used 2151K, capacity 2240K, committed 2304K, reserved 1048576K
Event: 585.373 GC heap after
Heap after GC invocations=25 (full 1):
 PSYoungGen      total 171520K, used 4160K [0x000000076ab00000, 0x0000000776880000, 0x00000007c0000000)
  eden space 159232K, 0% used [0x000000076ab00000,0x000000076ab00000,0x0000000774680000)
  from space 12288K, 33% used [0x0000000775c80000,0x00000007760900d0,0x0000000776880000)
  to   space 17408K, 0% used [0x0000000774680000,0x0000000774680000,0x0000000775780000)
 ParOldGen       total 113152K, used 34337K [0x00000006c0000000, 0x00000006c6e80000, 0x000000076ab00000)
  object space 113152K, 30% used [0x00000006c0000000,0x00000006c2188498,0x00000006c6e80000)
 Metaspace       used 27672K, capacity 27905K, committed 28160K, reserved 1075200K
  class space    used 2151K, capacity 2240K, committed 2304K, reserved 1048576K
}
Event: 608.727 GC heap before
{Heap before GC invocations=26 (full 1):
 PSYoungGen      total 171520K, used 163392K [0x000000076ab00000, 0x0000000776880000, 0x00000007c0000000)
  eden space 159232K, 100% used [0x000000076ab00000,0x0000000774680000,0x0000000774680000)
  from space 12288K, 33% used [0x0000000775c80000,0x00000007760900d0,0x0000000776880000)
  to   space 17408K, 0% used [0x0000000774680000,0x0000000774680000,0x0000000775780000)
 ParOldGen       total 113152K, used 34337K [0x00000006c0000000, 0x00000006c6e80000, 0x000000076ab00000)
  object space 113152K, 30% used [0x00000006c0000000,0x00000006c2188498,0x00000006c6e80000)
 Metaspace       used 27672K, capacity 27905K, committed 28160K, reserved 1075200K
  class space    used 2151K, capacity 2240K, committed 2304K, reserved 1048576K
Event: 608.729 GC heap after
Heap after GC invocations=26 (full 1):
 PSYoungGen      total 158720K, used 4160K [0x000000076ab00000, 0x0000000776280000, 0x00000007c0000000)
  eden space 154112K, 0% used [0x000000076ab00000,0x000000076ab00000,0x0000000774180000)
  from space 4608K, 90% used [0x0000000774680000,0x0000000774a900d0,0x0000000774b00000)
  to   space 16896K, 0% used [0x0000000775200000,0x0000000775200000,0x0000000776280000)
 ParOldGen       total 113152K, used 34377K [0x00000006c0000000, 0x00000006c6e80000, 0x000000076ab00000)
  object space 113152K, 30% used [0x00000006c0000000,0x00000006c2192498,0x00000006c6e80000)
 Metaspace       used 27672K, capacity 27905K, committed 28160K, reserved 1075200K
  class space    used 2151K, capacity 2240K, committed 2304K, reserved 1048576K
}
Event: 631.396 GC heap before
{Heap before GC invocations=27 (full 1):
 PSYoungGen      total 158720K, used 158272K [0x000000076ab00000, 0x0000000776280000, 0x00000007c0000000)
  eden space 154112K, 100% used [0x000000076ab00000,0x0000000774180000,0x0000000774180000)
  from space 4608K, 90% used [0x0000000774680000,0x0000000774a900d0,0x0000000774b00000)
  to   space 16896K, 0% used [0x0000000775200000,0x0000000775200000,0x0000000776280000)
 ParOldGen       total 113152K, used 34377K [0x00000006c0000000, 0x00000006c6e80000, 0x000000076ab00000)
  object space 113152K, 30% used [0x00000006c0000000,0x00000006c2192498,0x00000006c6e80000)
 Metaspace       used 27672K, capacity 27905K, committed 28160K, reserved 1075200K
  class space    used 2151K, capacity 2240K, committed 2304K, reserved 1048576K
Event: 631.399 GC heap after
Heap after GC invocations=27 (full 1):
 PSYoungGen      total 160768K, used 4096K [0x000000076ab00000, 0x0000000775d00000, 0x00000007c0000000)
  eden space 149504K, 0% used [0x000000076ab00000,0x000000076ab00000,0x0000000773d00000)
  from space 11264K, 36% used [0x0000000775200000,0x00000007756000d0,0x0000000775d00000)
  to   space 16384K, 0% used [0x0000000773d00000,0x0000000773d00000,0x0000000774d00000)
 ParOldGen       total 113152K, used 34489K [0x00000006c0000000, 0x00000006c6e80000, 0x000000076ab00000)
  object space 113152K, 30% used [0x00000006c0000000,0x00000006c21ae498,0x00000006c6e80000)
 Metaspace       used 27672K, capacity 27905K, committed 28160K, reserved 1075200K
  class space    used 2151K, capacity 2240K, committed 2304K, reserved 1048576K
}

