# JRE version: Java(TM) SE Runtime Environment (8.0_111-b14) (build 1.8.0_111-b14)
# Java VM: Java HotSpot(TM) 64-Bit Server VM (25.111-b14 mixed mode bsd-amd64 compressed oops)
Heap:
 PSYoungGen      total 32256K, used 30502K [0x000000076ab00000, 0x0000000788900000, 0x00000007c0000000)
  eden space 31232K, 95% used [0x000000076ab00000,0x000000076c801940,0x000000076c980000)
  from space 1024K, 78% used [0x0000000788700000,0x00000007887c8020,0x0000000788800000)
  to   space 1024K, 0% used [0x0000000788800000,0x0000000788800000,0x0000000788900000)
 ParOldGen       total 175104K, used 95453K [0x00000006c0000000, 0x00000006cab00000, 0x000000076ab00000)
  object space 175104K, 54% used [0x00000006c0000000,0x00000006c5d37448,0x00000006cab00000)
 Metaspace       used 20027K, capacity 20183K, committed 20480K, reserved 1067008K
  class space    used 1926K, capacity 1984K, committed 2048K, reserved 1048576K
GC Heap History (10 events):
Event: 118.869 GC heap before
{Heap before GC invocations=145 (full 0):
 PSYoungGen      total 31744K, used 31680K [0x000000076ab00000, 0x0000000788a00000, 0x00000007c0000000)
  eden space 31232K, 100% used [0x000000076ab00000,0x000000076c980000,0x000000076c980000)
  from space 512K, 87% used [0x0000000788980000,0x00000007889f0010,0x0000000788a00000)
  to   space 1024K, 0% used [0x0000000788800000,0x0000000788800000,0x0000000788900000)
 ParOldGen       total 175104K, used 95157K [0x00000006c0000000, 0x00000006cab00000, 0x000000076ab00000)
  object space 175104K, 54% used [0x00000006c0000000,0x00000006c5ced428,0x00000006cab00000)
 Metaspace       used 19993K, capacity 20183K, committed 20480K, reserved 1067008K
  class space    used 1919K, capacity 1984K, committed 2048K, reserved 1048576K
Event: 118.870 GC heap after
Heap after GC invocations=145 (full 0):
 PSYoungGen      total 32256K, used 128K [0x000000076ab00000, 0x0000000788a00000, 0x00000007c0000000)
  eden space 31232K, 0% used [0x000000076ab00000,0x000000076ab00000,0x000000076c980000)
  from space 1024K, 12% used [0x0000000788800000,0x0000000788820000,0x0000000788900000)
  to   space 1024K, 0% used [0x0000000788900000,0x0000000788900000,0x0000000788a00000)
 ParOldGen       total 175104K, used 95445K [0x00000006c0000000, 0x00000006cab00000, 0x000000076ab00000)
  object space 175104K, 54% used [0x00000006c0000000,0x00000006c5d35448,0x00000006cab00000)
 Metaspace       used 19993K, capacity 20183K, committed 20480K, reserved 1067008K
  class space    used 1919K, capacity 1984K, committed 2048K, reserved 1048576K
}
Event: 118.996 GC heap before
{Heap before GC invocations=146 (full 0):
 PSYoungGen      total 32256K, used 31360K [0x000000076ab00000, 0x0000000788a00000, 0x00000007c0000000)
  eden space 31232K, 100% used [0x000000076ab00000,0x000000076c980000,0x000000076c980000)
  from space 1024K, 12% used [0x0000000788800000,0x0000000788820000,0x0000000788900000)
  to   space 1024K, 0% used [0x0000000788900000,0x0000000788900000,0x0000000788a00000)
 ParOldGen       total 175104K, used 95445K [0x00000006c0000000, 0x00000006cab00000, 0x000000076ab00000)
  object space 175104K, 54% used [0x00000006c0000000,0x00000006c5d35448,0x00000006cab00000)
 Metaspace       used 19993K, capacity 20183K, committed 20480K, reserved 1067008K
  class space    used 1919K, capacity 1984K, committed 2048K, reserved 1048576K
Event: 118.998 GC heap after
Heap after GC invocations=146 (full 0):
 PSYoungGen      total 31744K, used 160K [0x000000076ab00000, 0x0000000788980000, 0x00000007c0000000)
  eden space 31232K, 0% used [0x000000076ab00000,0x000000076ab00000,0x000000076c980000)
  from space 512K, 31% used [0x0000000788900000,0x0000000788928000,0x0000000788980000)
  to   space 1024K, 0% used [0x0000000788780000,0x0000000788780000,0x0000000788880000)
 ParOldGen       total 175104K, used 95445K [0x00000006c0000000, 0x00000006cab00000, 0x000000076ab00000)
  object space 175104K, 54% used [0x00000006c0000000,0x00000006c5d35448,0x00000006cab00000)
 Metaspace       used 19993K, capacity 20183K, committed 20480K, reserved 1067008K
  class space    used 1919K, capacity 1984K, committed 2048K, reserved 1048576K
}
Event: 119.138 GC heap before
{Heap before GC invocations=147 (full 0):
 PSYoungGen      total 31744K, used 31392K [0x000000076ab00000, 0x0000000788980000, 0x00000007c0000000)
  eden space 31232K, 100% used [0x000000076ab00000,0x000000076c980000,0x000000076c980000)
  from space 512K, 31% used [0x0000000788900000,0x0000000788928000,0x0000000788980000)
  to   space 1024K, 0% used [0x0000000788780000,0x0000000788780000,0x0000000788880000)
 ParOldGen       total 175104K, used 95445K [0x00000006c0000000, 0x00000006cab00000, 0x000000076ab00000)
  object space 175104K, 54% used [0x00000006c0000000,0x00000006c5d35448,0x00000006cab00000)
 Metaspace       used 19993K, capacity 20183K, committed 20480K, reserved 1067008K
  class space    used 1919K, capacity 1984K, committed 2048K, reserved 1048576K
Event: 119.140 GC heap after
Heap after GC invocations=147 (full 0):
 PSYoungGen      total 32256K, used 128K [0x000000076ab00000, 0x0000000788980000, 0x00000007c0000000)
  eden space 31232K, 0% used [0x000000076ab00000,0x000000076ab00000,0x000000076c980000)
  from space 1024K, 12% used [0x0000000788780000,0x00000007887a0000,0x0000000788880000)
  to   space 1024K, 0% used [0x0000000788880000,0x0000000788880000,0x0000000788980000)
 ParOldGen       total 175104K, used 95445K [0x00000006c0000000, 0x00000006cab00000, 0x000000076ab00000)
  object space 175104K, 54% used [0x00000006c0000000,0x00000006c5d35448,0x00000006cab00000)
 Metaspace       used 19993K, capacity 20183K, committed 20480K, reserved 1067008K
  class space    used 1919K, capacity 1984K, committed 2048K, reserved 1048576K
}
Event: 119.283 GC heap before
{Heap before GC invocations=148 (full 0):
 PSYoungGen      total 32256K, used 31360K [0x000000076ab00000, 0x0000000788980000, 0x00000007c0000000)
  eden space 31232K, 100% used [0x000000076ab00000,0x000000076c980000,0x000000076c980000)
  from space 1024K, 12% used [0x0000000788780000,0x00000007887a0000,0x0000000788880000)
  to   space 1024K, 0% used [0x0000000788880000,0x0000000788880000,0x0000000788980000)
 ParOldGen       total 175104K, used 95445K [0x00000006c0000000, 0x00000006cab00000, 0x000000076ab00000)
  object space 175104K, 54% used [0x00000006c0000000,0x00000006c5d35448,0x00000006cab00000)
 Metaspace       used 19993K, capacity 20183K, committed 20480K, reserved 1067008K
  class space    used 1919K, capacity 1984K, committed 2048K, reserved 1048576K
Event: 119.284 GC heap after
Heap after GC invocations=148 (full 0):
 PSYoungGen      total 31744K, used 128K [0x000000076ab00000, 0x0000000788900000, 0x00000007c0000000)
  eden space 31232K, 0% used [0x000000076ab00000,0x000000076ab00000,0x000000076c980000)
  from space 512K, 25% used [0x0000000788880000,0x00000007888a0000,0x0000000788900000)
  to   space 1024K, 0% used [0x0000000788700000,0x0000000788700000,0x0000000788800000)
 ParOldGen       total 175104K, used 95445K [0x00000006c0000000, 0x00000006cab00000, 0x000000076ab00000)
  object space 175104K, 54% used [0x00000006c0000000,0x00000006c5d35448,0x00000006cab00000)
 Metaspace       used 19993K, capacity 20183K, committed 20480K, reserved 1067008K
  class space    used 1919K, capacity 1984K, committed 2048K, reserved 1048576K
}
Event: 119.395 GC heap before
{Heap before GC invocations=149 (full 0):
 PSYoungGen      total 31744K, used 31360K [0x000000076ab00000, 0x0000000788900000, 0x00000007c0000000)
  eden space 31232K, 100% used [0x000000076ab00000,0x000000076c980000,0x000000076c980000)
  from space 512K, 25% used [0x0000000788880000,0x00000007888a0000,0x0000000788900000)
  to   space 1024K, 0% used [0x0000000788700000,0x0000000788700000,0x0000000788800000)
 ParOldGen       total 175104K, used 95445K [0x00000006c0000000, 0x00000006cab00000, 0x000000076ab00000)
  object space 175104K, 54% used [0x00000006c0000000,0x00000006c5d35448,0x00000006cab00000)
 Metaspace       used 19997K, capacity 20183K, committed 20480K, reserved 1067008K
  class space    used 1920K, capacity 1984K, committed 2048K, reserved 1048576K
Event: 119.396 GC heap after
Heap after GC invocations=149 (full 0):
 PSYoungGen      total 32256K, used 800K [0x000000076ab00000, 0x0000000788900000, 0x00000007c0000000)
  eden space 31232K, 0% used [0x000000076ab00000,0x000000076ab00000,0x000000076c980000)
  from space 1024K, 78% used [0x0000000788700000,0x00000007887c8020,0x0000000788800000)
  to   space 1024K, 0% used [0x0000000788800000,0x0000000788800000,0x0000000788900000)
 ParOldGen       total 175104K, used 95453K [0x00000006c0000000, 0x00000006cab00000, 0x000000076ab00000)
  object space 175104K, 54% used [0x00000006c0000000,0x00000006c5d37448,0x00000006cab00000)
 Metaspace       used 19997K, capacity 20183K, committed 20480K, reserved 1067008K
  class space    used 1920K, capacity 1984K, committed 2048K, reserved 1048576K
}

