# JRE version: Java(TM) SE Runtime Environment (8.0_111-b14) (build 1.8.0_111-b14)
# Java VM: Java HotSpot(TM) 64-Bit Server VM (25.111-b14 mixed mode bsd-amd64 compressed oops)
Heap:
 PSYoungGen      total 560128K, used 357743K [0x000000076ab00000, 0x00000007a2180000, 0x00000007c0000000)
  eden space 524288K, 64% used [0x000000076ab00000,0x000000077f643990,0x000000078ab00000)
  from space 35840K, 51% used [0x000000078ab00000,0x000000078bd18470,0x000000078ce00000)
  to   space 34304K, 0% used [0x00000007a0000000,0x00000007a0000000,0x00000007a2180000)
 ParOldGen       total 175104K, used 64501K [0x00000006c0000000, 0x00000006cab00000, 0x000000076ab00000)
  object space 175104K, 36% used [0x00000006c0000000,0x00000006c3efd588,0x00000006cab00000)
 Metaspace       used 19281K, capacity 19479K, committed 19712K, reserved 1067008K
  class space    used 1904K, capacity 1984K, committed 2048K, reserved 1048576K
GC Heap History (10 events):
Event: 5.770 GC heap before
{Heap before GC invocations=5 (full 0):
 PSYoungGen      total 141824K, used 141824K [0x000000076ab00000, 0x0000000774000000, 0x00000007c0000000)
  eden space 131072K, 100% used [0x000000076ab00000,0x0000000772b00000,0x0000000772b00000)
  from space 10752K, 100% used [0x0000000773580000,0x0000000774000000,0x0000000774000000)
  to   space 10752K, 0% used [0x0000000772b00000,0x0000000772b00000,0x0000000773580000)
 ParOldGen       total 175104K, used 49526K [0x00000006c0000000, 0x00000006cab00000, 0x000000076ab00000)
  object space 175104K, 28% used [0x00000006c0000000,0x00000006c305da90,0x00000006cab00000)
 Metaspace       used 18924K, capacity 19153K, committed 19456K, reserved 1067008K
  class space    used 1893K, capacity 1983K, committed 2048K, reserved 1048576K
Event: 5.779 GC heap after
Heap after GC invocations=5 (full 0):
 PSYoungGen      total 141824K, used 10720K [0x000000076ab00000, 0x000000077f800000, 0x00000007c0000000)
  eden space 131072K, 0% used [0x000000076ab00000,0x000000076ab00000,0x0000000772b00000)
  from space 10752K, 99% used [0x0000000772b00000,0x0000000773578010,0x0000000773580000)
  to   space 39424K, 0% used [0x000000077d180000,0x000000077d180000,0x000000077f800000)
 ParOldGen       total 175104K, used 53206K [0x00000006c0000000, 0x00000006cab00000, 0x000000076ab00000)
  object space 175104K, 30% used [0x00000006c0000000,0x00000006c33f5b60,0x00000006cab00000)
 Metaspace       used 18924K, capacity 19153K, committed 19456K, reserved 1067008K
  class space    used 1893K, capacity 1983K, committed 2048K, reserved 1048576K
}
Event: 7.052 GC heap before
{Heap before GC invocations=6 (full 0):
 PSYoungGen      total 141824K, used 141792K [0x000000076ab00000, 0x000000077f800000, 0x00000007c0000000)
  eden space 131072K, 100% used [0x000000076ab00000,0x0000000772b00000,0x0000000772b00000)
  from space 10752K, 99% used [0x0000000772b00000,0x0000000773578010,0x0000000773580000)
  to   space 39424K, 0% used [0x000000077d180000,0x000000077d180000,0x000000077f800000)
 ParOldGen       total 175104K, used 53206K [0x00000006c0000000, 0x00000006cab00000, 0x000000076ab00000)
  object space 175104K, 30% used [0x00000006c0000000,0x00000006c33f5b60,0x00000006cab00000)
 Metaspace       used 18982K, capacity 19223K, committed 19456K, reserved 1067008K
  class space    used 1896K, capacity 1984K, committed 2048K, reserved 1048576K
Event: 7.064 GC heap after
Heap after GC invocations=6 (full 0):
 PSYoungGen      total 300544K, used 11904K [0x000000076ab00000, 0x000000077f700000, 0x00000007c0000000)
  eden space 262144K, 0% used [0x000000076ab00000,0x000000076ab00000,0x000000077ab00000)
  from space 38400K, 31% used [0x000000077d180000,0x000000077dd20050,0x000000077f700000)
  to   space 38912K, 0% used [0x000000077ab00000,0x000000077ab00000,0x000000077d100000)
 ParOldGen       total 175104K, used 53206K [0x00000006c0000000, 0x00000006cab00000, 0x000000076ab00000)
  object space 175104K, 30% used [0x00000006c0000000,0x00000006c33f5b60,0x00000006cab00000)
 Metaspace       used 18982K, capacity 19223K, committed 19456K, reserved 1067008K
  class space    used 1896K, capacity 1984K, committed 2048K, reserved 1048576K
}
Event: 9.146 GC heap before
{Heap before GC invocations=7 (full 0):
 PSYoungGen      total 300544K, used 274048K [0x000000076ab00000, 0x000000077f700000, 0x00000007c0000000)
  eden space 262144K, 100% used [0x000000076ab00000,0x000000077ab00000,0x000000077ab00000)
  from space 38400K, 31% used [0x000000077d180000,0x000000077dd20050,0x000000077f700000)
  to   space 38912K, 0% used [0x000000077ab00000,0x000000077ab00000,0x000000077d100000)
 ParOldGen       total 175104K, used 53206K [0x00000006c0000000, 0x00000006cab00000, 0x000000076ab00000)
  object space 175104K, 30% used [0x00000006c0000000,0x00000006c33f5b60,0x00000006cab00000)
 Metaspace       used 19092K, capacity 19287K, committed 19456K, reserved 1067008K
  class space    used 1897K, capacity 1984K, committed 2048K, reserved 1048576K
Event: 9.158 GC heap after
Heap after GC invocations=7 (full 0):
 PSYoungGen      total 301056K, used 18320K [0x000000076ab00000, 0x000000078f200000, 0x00000007c0000000)
  eden space 262144K, 0% used [0x000000076ab00000,0x000000076ab00000,0x000000077ab00000)
  from space 38912K, 47% used [0x000000077ab00000,0x000000077bce4250,0x000000077d100000)
  to   space 36352K, 0% used [0x000000078ce80000,0x000000078ce80000,0x000000078f200000)
 ParOldGen       total 175104K, used 55893K [0x00000006c0000000, 0x00000006cab00000, 0x000000076ab00000)
  object space 175104K, 31% used [0x00000006c0000000,0x00000006c3695588,0x00000006cab00000)
 Metaspace       used 19092K, capacity 19287K, committed 19456K, reserved 1067008K
  class space    used 1897K, capacity 1984K, committed 2048K, reserved 1048576K
}
Event: 11.591 GC heap before
{Heap before GC invocations=8 (full 0):
 PSYoungGen      total 301056K, used 280464K [0x000000076ab00000, 0x000000078f200000, 0x00000007c0000000)
  eden space 262144K, 100% used [0x000000076ab00000,0x000000077ab00000,0x000000077ab00000)
  from space 38912K, 47% used [0x000000077ab00000,0x000000077bce4250,0x000000077d100000)
  to   space 36352K, 0% used [0x000000078ce80000,0x000000078ce80000,0x000000078f200000)
 ParOldGen       total 175104K, used 55893K [0x00000006c0000000, 0x00000006cab00000, 0x000000076ab00000)
  object space 175104K, 31% used [0x00000006c0000000,0x00000006c3695588,0x00000006cab00000)
 Metaspace       used 19106K, capacity 19287K, committed 19456K, reserved 1067008K
  class space    used 1897K, capacity 1984K, committed 2048K, reserved 1048576K
Event: 11.599 GC heap after
Heap after GC invocations=8 (full 0):
 PSYoungGen      total 559616K, used 12096K [0x000000076ab00000, 0x000000078f100000, 0x00000007c0000000)
  eden space 524288K, 0% used [0x000000076ab00000,0x000000076ab00000,0x000000078ab00000)
  from space 35328K, 34% used [0x000000078ce80000,0x000000078da502e0,0x000000078f100000)
  to   space 35840K, 0% used [0x000000078ab00000,0x000000078ab00000,0x000000078ce00000)
 ParOldGen       total 175104K, used 63149K [0x00000006c0000000, 0x00000006cab00000, 0x000000076ab00000)
  object space 175104K, 36% used [0x00000006c0000000,0x00000006c3dab538,0x00000006cab00000)
 Metaspace       used 19106K, capacity 19287K, committed 19456K, reserved 1067008K
  class space    used 1897K, capacity 1984K, committed 2048K, reserved 1048576K
}
Event: 16.032 GC heap before
{Heap before GC invocations=9 (full 0):
 PSYoungGen      total 559616K, used 536384K [0x000000076ab00000, 0x000000078f100000, 0x00000007c0000000)
  eden space 524288K, 100% used [0x000000076ab00000,0x000000078ab00000,0x000000078ab00000)
  from space 35328K, 34% used [0x000000078ce80000,0x000000078da502e0,0x000000078f100000)
  to   space 35840K, 0% used [0x000000078ab00000,0x000000078ab00000,0x000000078ce00000)
 ParOldGen       total 175104K, used 63149K [0x00000006c0000000, 0x00000006cab00000, 0x000000076ab00000)
  object space 175104K, 36% used [0x00000006c0000000,0x00000006c3dab538,0x00000006cab00000)
 Metaspace       used 19219K, capacity 19479K, committed 19712K, reserved 1067008K
  class space    used 1897K, capacity 1984K, committed 2048K, reserved 1048576K
Event: 16.040 GC heap after
Heap after GC invocations=9 (full 0):
 PSYoungGen      total 560128K, used 18529K [0x000000076ab00000, 0x00000007a2180000, 0x00000007c0000000)
  eden space 524288K, 0% used [0x000000076ab00000,0x000000076ab00000,0x000000078ab00000)
  from space 35840K, 51% used [0x000000078ab00000,0x000000078bd18470,0x000000078ce00000)
  to   space 34304K, 0% used [0x00000007a0000000,0x00000007a0000000,0x00000007a2180000)
 ParOldGen       total 175104K, used 64501K [0x00000006c0000000, 0x00000006cab00000, 0x000000076ab00000)
  object space 175104K, 36% used [0x00000006c0000000,0x00000006c3efd588,0x00000006cab00000)
 Metaspace       used 19219K, capacity 19479K, committed 19712K, reserved 1067008K
  class space    used 1897K, capacity 1984K, committed 2048K, reserved 1048576K
}

