# JRE version: Java(TM) SE Runtime Environment (8.0_111-b14) (build 1.8.0_111-b14)
# Java VM: Java HotSpot(TM) 64-Bit Server VM (25.111-b14 mixed mode bsd-amd64 compressed oops)
Heap:
 PSYoungGen      total 312320K, used 39870K [0x000000076ab00000, 0x0000000794780000, 0x00000007c0000000)
  eden space 286208K, 13% used [0x000000076ab00000,0x000000076d1c7980,0x000000077c280000)
  from space 26112K, 0% used [0x0000000791500000,0x0000000791528000,0x0000000792e80000)
  to   space 24576K, 0% used [0x0000000792f80000,0x0000000792f80000,0x0000000794780000)
 ParOldGen       total 175104K, used 84024K [0x00000006c0000000, 0x00000006cab00000, 0x000000076ab00000)
  object space 175104K, 47% used [0x00000006c0000000,0x00000006c520e388,0x00000006cab00000)
 Metaspace       used 19739K, capacity 19927K, committed 20224K, reserved 1067008K
  class space    used 1922K, capacity 1984K, committed 2048K, reserved 1048576K
GC Heap History (10 events):
Event: 29.092 GC heap before
{Heap before GC invocations=19 (full 0):
 PSYoungGen      total 354304K, used 354048K [0x000000076ab00000, 0x0000000797f00000, 0x00000007c0000000)
  eden space 352768K, 100% used [0x000000076ab00000,0x0000000780380000,0x0000000780380000)
  from space 1536K, 83% used [0x0000000797d80000,0x0000000797ec0040,0x0000000797f00000)
  to   space 30720K, 0% used [0x0000000794300000,0x0000000794300000,0x0000000796100000)
 ParOldGen       total 175104K, used 81656K [0x00000006c0000000, 0x00000006cab00000, 0x000000076ab00000)
  object space 175104K, 46% used [0x00000006c0000000,0x00000006c4fbe278,0x00000006cab00000)
 Metaspace       used 19693K, capacity 19863K, committed 20224K, reserved 1067008K
  class space    used 1915K, capacity 1984K, committed 2048K, reserved 1048576K
Event: 29.093 GC heap after
Heap after GC invocations=19 (full 0):
 PSYoungGen      total 368640K, used 160K [0x000000076ab00000, 0x0000000797e00000, 0x00000007c0000000)
  eden space 337920K, 0% used [0x000000076ab00000,0x000000076ab00000,0x000000077f500000)
  from space 30720K, 0% used [0x0000000794300000,0x0000000794328000,0x0000000796100000)
  to   space 29696K, 0% used [0x0000000796100000,0x0000000796100000,0x0000000797e00000)
 ParOldGen       total 175104K, used 82752K [0x00000006c0000000, 0x00000006cab00000, 0x000000076ab00000)
  object space 175104K, 47% used [0x00000006c0000000,0x00000006c50d02b8,0x00000006cab00000)
 Metaspace       used 19693K, capacity 19863K, committed 20224K, reserved 1067008K
  class space    used 1915K, capacity 1984K, committed 2048K, reserved 1048576K
}
Event: 30.553 GC heap before
{Heap before GC invocations=20 (full 0):
 PSYoungGen      total 368640K, used 338080K [0x000000076ab00000, 0x0000000797e00000, 0x00000007c0000000)
  eden space 337920K, 100% used [0x000000076ab00000,0x000000077f500000,0x000000077f500000)
  from space 30720K, 0% used [0x0000000794300000,0x0000000794328000,0x0000000796100000)
  to   space 29696K, 0% used [0x0000000796100000,0x0000000796100000,0x0000000797e00000)
 ParOldGen       total 175104K, used 82752K [0x00000006c0000000, 0x00000006cab00000, 0x000000076ab00000)
  object space 175104K, 47% used [0x00000006c0000000,0x00000006c50d02b8,0x00000006cab00000)
 Metaspace       used 19695K, capacity 19927K, committed 20224K, reserved 1067008K
  class space    used 1915K, capacity 1984K, committed 2048K, reserved 1048576K
Event: 30.555 GC heap after
Heap after GC invocations=20 (full 0):
 PSYoungGen      total 325120K, used 672K [0x000000076ab00000, 0x0000000796200000, 0x00000007c0000000)
  eden space 324096K, 0% used [0x000000076ab00000,0x000000076ab00000,0x000000077e780000)
  from space 1024K, 65% used [0x0000000796100000,0x00000007961a8020,0x0000000796200000)
  to   space 28672K, 0% used [0x0000000792a00000,0x0000000792a00000,0x0000000794600000)
 ParOldGen       total 175104K, used 82824K [0x00000006c0000000, 0x00000006cab00000, 0x000000076ab00000)
  object space 175104K, 47% used [0x00000006c0000000,0x00000006c50e22e8,0x00000006cab00000)
 Metaspace       used 19695K, capacity 19927K, committed 20224K, reserved 1067008K
  class space    used 1915K, capacity 1984K, committed 2048K, reserved 1048576K
}
Event: 32.242 GC heap before
{Heap before GC invocations=21 (full 0):
 PSYoungGen      total 325120K, used 324768K [0x000000076ab00000, 0x0000000796200000, 0x00000007c0000000)
  eden space 324096K, 100% used [0x000000076ab00000,0x000000077e780000,0x000000077e780000)
  from space 1024K, 65% used [0x0000000796100000,0x00000007961a8020,0x0000000796200000)
  to   space 28672K, 0% used [0x0000000792a00000,0x0000000792a00000,0x0000000794600000)
 ParOldGen       total 175104K, used 82824K [0x00000006c0000000, 0x00000006cab00000, 0x000000076ab00000)
  object space 175104K, 47% used [0x00000006c0000000,0x00000006c50e22e8,0x00000006cab00000)
 Metaspace       used 19695K, capacity 19927K, committed 20224K, reserved 1067008K
  class space    used 1915K, capacity 1984K, committed 2048K, reserved 1048576K
Event: 32.243 GC heap after
Heap after GC invocations=21 (full 0):
 PSYoungGen      total 339456K, used 160K [0x000000076ab00000, 0x0000000796180000, 0x00000007c0000000)
  eden space 310784K, 0% used [0x000000076ab00000,0x000000076ab00000,0x000000077da80000)
  from space 28672K, 0% used [0x0000000792a00000,0x0000000792a28000,0x0000000794600000)
  to   space 27136K, 0% used [0x0000000794700000,0x0000000794700000,0x0000000796180000)
 ParOldGen       total 175104K, used 83392K [0x00000006c0000000, 0x00000006cab00000, 0x000000076ab00000)
  object space 175104K, 47% used [0x00000006c0000000,0x00000006c5170318,0x00000006cab00000)
 Metaspace       used 19695K, capacity 19927K, committed 20224K, reserved 1067008K
  class space    used 1915K, capacity 1984K, committed 2048K, reserved 1048576K
}
Event: 34.242 GC heap before
{Heap before GC invocations=22 (full 0):
 PSYoungGen      total 339456K, used 310944K [0x000000076ab00000, 0x0000000796180000, 0x00000007c0000000)
  eden space 310784K, 100% used [0x000000076ab00000,0x000000077da80000,0x000000077da80000)
  from space 28672K, 0% used [0x0000000792a00000,0x0000000792a28000,0x0000000794600000)
  to   space 27136K, 0% used [0x0000000794700000,0x0000000794700000,0x0000000796180000)
 ParOldGen       total 175104K, used 83392K [0x00000006c0000000, 0x00000006cab00000, 0x000000076ab00000)
  object space 175104K, 47% used [0x00000006c0000000,0x00000006c5170318,0x00000006cab00000)
 Metaspace       used 19696K, capacity 19927K, committed 20224K, reserved 1067008K
  class space    used 1915K, capacity 1984K, committed 2048K, reserved 1048576K
Event: 34.243 GC heap after
Heap after GC invocations=22 (full 0):
 PSYoungGen      total 299008K, used 768K [0x000000076ab00000, 0x0000000794800000, 0x00000007c0000000)
  eden space 297984K, 0% used [0x000000076ab00000,0x000000076ab00000,0x000000077ce00000)
  from space 1024K, 75% used [0x0000000794700000,0x00000007947c0020,0x0000000794800000)
  to   space 26112K, 0% used [0x0000000791500000,0x0000000791500000,0x0000000792e80000)
 ParOldGen       total 175104K, used 83408K [0x00000006c0000000, 0x00000006cab00000, 0x000000076ab00000)
  object space 175104K, 47% used [0x00000006c0000000,0x00000006c5174318,0x00000006cab00000)
 Metaspace       used 19696K, capacity 19927K, committed 20224K, reserved 1067008K
  class space    used 1915K, capacity 1984K, committed 2048K, reserved 1048576K
}
Event: 36.137 GC heap before
{Heap before GC invocations=23 (full 0):
 PSYoungGen      total 299008K, used 298752K [0x000000076ab00000, 0x0000000794800000, 0x00000007c0000000)
  eden space 297984K, 100% used [0x000000076ab00000,0x000000077ce00000,0x000000077ce00000)
  from space 1024K, 75% used [0x0000000794700000,0x00000007947c0020,0x0000000794800000)
  to   space 26112K, 0% used [0x0000000791500000,0x0000000791500000,0x0000000792e80000)
 ParOldGen       total 175104K, used 83408K [0x00000006c0000000, 0x00000006cab00000, 0x000000076ab00000)
  object space 175104K, 47% used [0x00000006c0000000,0x00000006c5174318,0x00000006cab00000)
 Metaspace       used 19700K, capacity 19927K, committed 20224K, reserved 1067008K
  class space    used 1916K, capacity 1984K, committed 2048K, reserved 1048576K
Event: 36.138 GC heap after
Heap after GC invocations=23 (full 0):
 PSYoungGen      total 312320K, used 160K [0x000000076ab00000, 0x0000000794780000, 0x00000007c0000000)
  eden space 286208K, 0% used [0x000000076ab00000,0x000000076ab00000,0x000000077c280000)
  from space 26112K, 0% used [0x0000000791500000,0x0000000791528000,0x0000000792e80000)
  to   space 24576K, 0% used [0x0000000792f80000,0x0000000792f80000,0x0000000794780000)
 ParOldGen       total 175104K, used 84024K [0x00000006c0000000, 0x00000006cab00000, 0x000000076ab00000)
  object space 175104K, 47% used [0x00000006c0000000,0x00000006c520e388,0x00000006cab00000)
 Metaspace       used 19700K, capacity 19927K, committed 20224K, reserved 1067008K
  class space    used 1916K, capacity 1984K, committed 2048K, reserved 1048576K
}

