# JRE version: Java(TM) SE Runtime Environment (8.0_111-b14) (build 1.8.0_111-b14)
# Java VM: Java HotSpot(TM) 64-Bit Server VM (25.111-b14 mixed mode bsd-amd64 compressed oops)
Heap:
 PSYoungGen      total 508928K, used 387841K [0x000000076ab00000, 0x00000007a0a00000, 0x00000007c0000000)
  eden space 501248K, 75% used [0x000000076ab00000,0x0000000781eb03e0,0x0000000789480000)
  from space 7680K, 94% used [0x00000007a0280000,0x00000007a09901b0,0x00000007a0a00000)
  to   space 36352K, 0% used [0x000000079c300000,0x000000079c300000,0x000000079e680000)
 ParOldGen       total 175104K, used 71388K [0x00000006c0000000, 0x00000006cab00000, 0x000000076ab00000)
  object space 175104K, 40% used [0x00000006c0000000,0x00000006c45b7298,0x00000006cab00000)
 Metaspace       used 19283K, capacity 19479K, committed 19712K, reserved 1067008K
  class space    used 1909K, capacity 1984K, committed 2048K, reserved 1048576K
GC Heap History (10 events):
Event: 7.124 GC heap before
{Heap before GC invocations=6 (full 0):
 PSYoungGen      total 141824K, used 141805K [0x000000076ab00000, 0x000000077f900000, 0x00000007c0000000)
  eden space 131072K, 100% used [0x000000076ab00000,0x0000000772b00000,0x0000000772b00000)
  from space 10752K, 99% used [0x0000000772b00000,0x000000077357b450,0x0000000773580000)
  to   space 39936K, 0% used [0x000000077d200000,0x000000077d200000,0x000000077f900000)
 ParOldGen       total 175104K, used 52836K [0x00000006c0000000, 0x00000006cab00000, 0x000000076ab00000)
  object space 175104K, 30% used [0x00000006c0000000,0x00000006c3399188,0x00000006cab00000)
 Metaspace       used 19021K, capacity 19223K, committed 19456K, reserved 1067008K
  class space    used 1900K, capacity 1984K, committed 2048K, reserved 1048576K
Event: 7.134 GC heap after
Heap after GC invocations=6 (full 0):
 PSYoungGen      total 300032K, used 12206K [0x000000076ab00000, 0x000000077f700000, 0x00000007c0000000)
  eden space 262144K, 0% used [0x000000076ab00000,0x000000076ab00000,0x000000077ab00000)
  from space 37888K, 32% used [0x000000077d200000,0x000000077ddebba0,0x000000077f700000)
  to   space 38912K, 0% used [0x000000077ab00000,0x000000077ab00000,0x000000077d100000)
 ParOldGen       total 175104K, used 52844K [0x00000006c0000000, 0x00000006cab00000, 0x000000076ab00000)
  object space 175104K, 30% used [0x00000006c0000000,0x00000006c339b188,0x00000006cab00000)
 Metaspace       used 19021K, capacity 19223K, committed 19456K, reserved 1067008K
  class space    used 1900K, capacity 1984K, committed 2048K, reserved 1048576K
}
Event: 9.384 GC heap before
{Heap before GC invocations=7 (full 0):
 PSYoungGen      total 300032K, used 274350K [0x000000076ab00000, 0x000000077f700000, 0x00000007c0000000)
  eden space 262144K, 100% used [0x000000076ab00000,0x000000077ab00000,0x000000077ab00000)
  from space 37888K, 32% used [0x000000077d200000,0x000000077ddebba0,0x000000077f700000)
  to   space 38912K, 0% used [0x000000077ab00000,0x000000077ab00000,0x000000077d100000)
 ParOldGen       total 175104K, used 52844K [0x00000006c0000000, 0x00000006cab00000, 0x000000076ab00000)
  object space 175104K, 30% used [0x00000006c0000000,0x00000006c339b188,0x00000006cab00000)
 Metaspace       used 19087K, capacity 19287K, committed 19456K, reserved 1067008K
  class space    used 1901K, capacity 1984K, committed 2048K, reserved 1048576K
Event: 9.394 GC heap after
Heap after GC invocations=7 (full 0):
 PSYoungGen      total 301056K, used 14093K [0x000000076ab00000, 0x000000078f500000, 0x00000007c0000000)
  eden space 262144K, 0% used [0x000000076ab00000,0x000000076ab00000,0x000000077ab00000)
  from space 38912K, 36% used [0x000000077ab00000,0x000000077b8c3590,0x000000077d100000)
  to   space 37888K, 0% used [0x000000078d000000,0x000000078d000000,0x000000078f500000)
 ParOldGen       total 175104K, used 55887K [0x00000006c0000000, 0x00000006cab00000, 0x000000076ab00000)
  object space 175104K, 31% used [0x00000006c0000000,0x00000006c3693c18,0x00000006cab00000)
 Metaspace       used 19087K, capacity 19287K, committed 19456K, reserved 1067008K
  class space    used 1901K, capacity 1984K, committed 2048K, reserved 1048576K
}
Event: 11.146 GC heap before
{Heap before GC invocations=8 (full 0):
 PSYoungGen      total 301056K, used 276237K [0x000000076ab00000, 0x000000078f500000, 0x00000007c0000000)
  eden space 262144K, 100% used [0x000000076ab00000,0x000000077ab00000,0x000000077ab00000)
  from space 38912K, 36% used [0x000000077ab00000,0x000000077b8c3590,0x000000077d100000)
  to   space 37888K, 0% used [0x000000078d000000,0x000000078d000000,0x000000078f500000)
 ParOldGen       total 175104K, used 55887K [0x00000006c0000000, 0x00000006cab00000, 0x000000076ab00000)
  object space 175104K, 31% used [0x00000006c0000000,0x00000006c3693c18,0x00000006cab00000)
 Metaspace       used 19124K, capacity 19351K, committed 19712K, reserved 1067008K
  class space    used 1902K, capacity 1984K, committed 2048K, reserved 1048576K
Event: 11.153 GC heap after
Heap after GC invocations=8 (full 0):
 PSYoungGen      total 561152K, used 10048K [0x000000076ab00000, 0x000000078f400000, 0x00000007c0000000)
  eden space 524288K, 0% used [0x000000076ab00000,0x000000076ab00000,0x000000078ab00000)
  from space 36864K, 27% used [0x000000078d000000,0x000000078d9d0260,0x000000078f400000)
  to   space 37376K, 0% used [0x000000078ab00000,0x000000078ab00000,0x000000078cf80000)
 ParOldGen       total 175104K, used 61500K [0x00000006c0000000, 0x00000006cab00000, 0x000000076ab00000)
  object space 175104K, 35% used [0x00000006c0000000,0x00000006c3c0f038,0x00000006cab00000)
 Metaspace       used 19124K, capacity 19351K, committed 19712K, reserved 1067008K
  class space    used 1902K, capacity 1984K, committed 2048K, reserved 1048576K
}
Event: 14.414 GC heap before
{Heap before GC invocations=9 (full 0):
 PSYoungGen      total 561152K, used 534336K [0x000000076ab00000, 0x000000078f400000, 0x00000007c0000000)
  eden space 524288K, 100% used [0x000000076ab00000,0x000000078ab00000,0x000000078ab00000)
  from space 36864K, 27% used [0x000000078d000000,0x000000078d9d0260,0x000000078f400000)
  to   space 37376K, 0% used [0x000000078ab00000,0x000000078ab00000,0x000000078cf80000)
 ParOldGen       total 175104K, used 61500K [0x00000006c0000000, 0x00000006cab00000, 0x000000076ab00000)
  object space 175104K, 35% used [0x00000006c0000000,0x00000006c3c0f038,0x00000006cab00000)
 Metaspace       used 19155K, capacity 19351K, committed 19712K, reserved 1067008K
  class space    used 1902K, capacity 1984K, committed 2048K, reserved 1048576K
Event: 14.419 GC heap after
Heap after GC invocations=9 (full 0):
 PSYoungGen      total 561664K, used 8736K [0x000000076ab00000, 0x00000007a2680000, 0x00000007c0000000)
  eden space 524288K, 0% used [0x000000076ab00000,0x000000076ab00000,0x000000078ab00000)
  from space 37376K, 23% used [0x000000078ab00000,0x000000078b388210,0x000000078cf80000)
  to   space 36864K, 0% used [0x00000007a0280000,0x00000007a0280000,0x00000007a2680000)
 ParOldGen       total 175104K, used 63884K [0x00000006c0000000, 0x00000006cab00000, 0x000000076ab00000)
  object space 175104K, 36% used [0x00000006c0000000,0x00000006c3e630c8,0x00000006cab00000)
 Metaspace       used 19155K, capacity 19351K, committed 19712K, reserved 1067008K
  class space    used 1902K, capacity 1984K, committed 2048K, reserved 1048576K
}
Event: 17.446 GC heap before
{Heap before GC invocations=10 (full 0):
 PSYoungGen      total 561664K, used 533024K [0x000000076ab00000, 0x00000007a2680000, 0x00000007c0000000)
  eden space 524288K, 100% used [0x000000076ab00000,0x000000078ab00000,0x000000078ab00000)
  from space 37376K, 23% used [0x000000078ab00000,0x000000078b388210,0x000000078cf80000)
  to   space 36864K, 0% used [0x00000007a0280000,0x00000007a0280000,0x00000007a2680000)
 ParOldGen       total 175104K, used 63884K [0x00000006c0000000, 0x00000006cab00000, 0x000000076ab00000)
  object space 175104K, 36% used [0x00000006c0000000,0x00000006c3e630c8,0x00000006cab00000)
 Metaspace       used 19212K, capacity 19415K, committed 19712K, reserved 1067008K
  class space    used 1902K, capacity 1984K, committed 2048K, reserved 1048576K
Event: 17.450 GC heap after
Heap after GC invocations=10 (full 0):
 PSYoungGen      total 508928K, used 7232K [0x000000076ab00000, 0x00000007a0a00000, 0x00000007c0000000)
  eden space 501248K, 0% used [0x000000076ab00000,0x000000076ab00000,0x0000000789480000)
  from space 7680K, 94% used [0x00000007a0280000,0x00000007a09901b0,0x00000007a0a00000)
  to   space 36352K, 0% used [0x000000079c300000,0x000000079c300000,0x000000079e680000)
 ParOldGen       total 175104K, used 71388K [0x00000006c0000000, 0x00000006cab00000, 0x000000076ab00000)
  object space 175104K, 40% used [0x00000006c0000000,0x00000006c45b7298,0x00000006cab00000)
 Metaspace       used 19212K, capacity 19415K, committed 19712K, reserved 1067008K
  class space    used 1902K, capacity 1984K, committed 2048K, reserved 1048576K
}

