# JRE version: Java(TM) SE Runtime Environment (8.0_111-b14) (build 1.8.0_111-b14)
# Java VM: Java HotSpot(TM) 64-Bit Server VM (25.111-b14 mixed mode bsd-amd64 compressed oops)
Heap:
 PSYoungGen      total 562176K, used 187309K [0x000000076ab00000, 0x000000078f700000, 0x00000007c0000000)
  eden space 523776K, 34% used [0x000000076ab00000,0x0000000775d7b4a8,0x000000078aa80000)
  from space 38400K, 11% used [0x000000078d080000,0x000000078d4f0120,0x000000078f600000)
  to   space 38912K, 0% used [0x000000078aa80000,0x000000078aa80000,0x000000078d080000)
 ParOldGen       total 175104K, used 59204K [0x00000006c0000000, 0x00000006cab00000, 0x000000076ab00000)
  object space 175104K, 33% used [0x00000006c0000000,0x00000006c39d1068,0x00000006cab00000)
 Metaspace       used 19132K, capacity 19351K, committed 19712K, reserved 1067008K
  class space    used 1904K, capacity 1984K, committed 2048K, reserved 1048576K
GC Heap History (10 events):
Event: 4.465 GC heap before
{Heap before GC invocations=4 (full 0):
 PSYoungGen      total 76288K, used 76287K [0x000000076ab00000, 0x0000000774000000, 0x00000007c0000000)
  eden space 65536K, 100% used [0x000000076ab00000,0x000000076eb00000,0x000000076eb00000)
  from space 10752K, 99% used [0x000000076eb00000,0x000000076f57ff70,0x000000076f580000)
  to   space 10752K, 0% used [0x0000000773580000,0x0000000773580000,0x0000000774000000)
 ParOldGen       total 175104K, used 45351K [0x00000006c0000000, 0x00000006cab00000, 0x000000076ab00000)
  object space 175104K, 25% used [0x00000006c0000000,0x00000006c2c49e20,0x00000006cab00000)
 Metaspace       used 18323K, capacity 18503K, committed 18816K, reserved 1067008K
  class space    used 1843K, capacity 1918K, committed 1920K, reserved 1048576K
Event: 4.476 GC heap after
Heap after GC invocations=4 (full 0):
 PSYoungGen      total 141824K, used 10721K [0x000000076ab00000, 0x0000000774000000, 0x00000007c0000000)
  eden space 131072K, 0% used [0x000000076ab00000,0x000000076ab00000,0x0000000772b00000)
  from space 10752K, 99% used [0x0000000773580000,0x0000000773ff8710,0x0000000774000000)
  to   space 10752K, 0% used [0x0000000772b00000,0x0000000772b00000,0x0000000773580000)
 ParOldGen       total 175104K, used 49191K [0x00000006c0000000, 0x00000006cab00000, 0x000000076ab00000)
  object space 175104K, 28% used [0x00000006c0000000,0x00000006c3009cb0,0x00000006cab00000)
 Metaspace       used 18323K, capacity 18503K, committed 18816K, reserved 1067008K
  class space    used 1843K, capacity 1918K, committed 1920K, reserved 1048576K
}
Event: 5.791 GC heap before
{Heap before GC invocations=5 (full 0):
 PSYoungGen      total 141824K, used 141793K [0x000000076ab00000, 0x0000000774000000, 0x00000007c0000000)
  eden space 131072K, 100% used [0x000000076ab00000,0x0000000772b00000,0x0000000772b00000)
  from space 10752K, 99% used [0x0000000773580000,0x0000000773ff8710,0x0000000774000000)
  to   space 10752K, 0% used [0x0000000772b00000,0x0000000772b00000,0x0000000773580000)
 ParOldGen       total 175104K, used 49191K [0x00000006c0000000, 0x00000006cab00000, 0x000000076ab00000)
  object space 175104K, 28% used [0x00000006c0000000,0x00000006c3009cb0,0x00000006cab00000)
 Metaspace       used 18416K, capacity 18635K, committed 18816K, reserved 1067008K
  class space    used 1843K, capacity 1918K, committed 1920K, reserved 1048576K
Event: 5.802 GC heap after
Heap after GC invocations=5 (full 0):
 PSYoungGen      total 141824K, used 10721K [0x000000076ab00000, 0x000000077fb00000, 0x00000007c0000000)
  eden space 131072K, 0% used [0x000000076ab00000,0x000000076ab00000,0x0000000772b00000)
  from space 10752K, 99% used [0x0000000772b00000,0x0000000773578710,0x0000000773580000)
  to   space 40960K, 0% used [0x000000077d300000,0x000000077d300000,0x000000077fb00000)
 ParOldGen       total 175104K, used 49295K [0x00000006c0000000, 0x00000006cab00000, 0x000000076ab00000)
  object space 175104K, 28% used [0x00000006c0000000,0x00000006c3023cb0,0x00000006cab00000)
 Metaspace       used 18416K, capacity 18635K, committed 18816K, reserved 1067008K
  class space    used 1843K, capacity 1918K, committed 1920K, reserved 1048576K
}
Event: 6.862 GC heap before
{Heap before GC invocations=6 (full 0):
 PSYoungGen      total 141824K, used 141793K [0x000000076ab00000, 0x000000077fb00000, 0x00000007c0000000)
  eden space 131072K, 100% used [0x000000076ab00000,0x0000000772b00000,0x0000000772b00000)
  from space 10752K, 99% used [0x0000000772b00000,0x0000000773578710,0x0000000773580000)
  to   space 40960K, 0% used [0x000000077d300000,0x000000077d300000,0x000000077fb00000)
 ParOldGen       total 175104K, used 49295K [0x00000006c0000000, 0x00000006cab00000, 0x000000076ab00000)
  object space 175104K, 28% used [0x00000006c0000000,0x00000006c3023cb0,0x00000006cab00000)
 Metaspace       used 18976K, capacity 19223K, committed 19456K, reserved 1067008K
  class space    used 1895K, capacity 1984K, committed 2048K, reserved 1048576K
Event: 6.872 GC heap after
Heap after GC invocations=6 (full 0):
 PSYoungGen      total 299008K, used 14418K [0x000000076ab00000, 0x000000077f700000, 0x00000007c0000000)
  eden space 262144K, 0% used [0x000000076ab00000,0x000000076ab00000,0x000000077ab00000)
  from space 36864K, 39% used [0x000000077d300000,0x000000077e114810,0x000000077f700000)
  to   space 38912K, 0% used [0x000000077ab00000,0x000000077ab00000,0x000000077d100000)
 ParOldGen       total 175104K, used 49303K [0x00000006c0000000, 0x00000006cab00000, 0x000000076ab00000)
  object space 175104K, 28% used [0x00000006c0000000,0x00000006c3025cb0,0x00000006cab00000)
 Metaspace       used 18976K, capacity 19223K, committed 19456K, reserved 1067008K
  class space    used 1895K, capacity 1984K, committed 2048K, reserved 1048576K
}
Event: 9.511 GC heap before
{Heap before GC invocations=7 (full 0):
 PSYoungGen      total 299008K, used 276562K [0x000000076ab00000, 0x000000077f700000, 0x00000007c0000000)
  eden space 262144K, 100% used [0x000000076ab00000,0x000000077ab00000,0x000000077ab00000)
  from space 36864K, 39% used [0x000000077d300000,0x000000077e114810,0x000000077f700000)
  to   space 38912K, 0% used [0x000000077ab00000,0x000000077ab00000,0x000000077d100000)
 ParOldGen       total 175104K, used 49303K [0x00000006c0000000, 0x00000006cab00000, 0x000000076ab00000)
  object space 175104K, 28% used [0x00000006c0000000,0x00000006c3025cb0,0x00000006cab00000)
 Metaspace       used 19051K, capacity 19287K, committed 19456K, reserved 1067008K
  class space    used 1896K, capacity 1984K, committed 2048K, reserved 1048576K
Event: 9.521 GC heap after
Heap after GC invocations=7 (full 0):
 PSYoungGen      total 301056K, used 11040K [0x000000076ab00000, 0x000000078f600000, 0x00000007c0000000)
  eden space 262144K, 0% used [0x000000076ab00000,0x000000076ab00000,0x000000077ab00000)
  from space 38912K, 28% used [0x000000077ab00000,0x000000077b5c80c0,0x000000077d100000)
  to   space 38400K, 0% used [0x000000078d080000,0x000000078d080000,0x000000078f600000)
 ParOldGen       total 175104K, used 52620K [0x00000006c0000000, 0x00000006cab00000, 0x000000076ab00000)
  object space 175104K, 30% used [0x00000006c0000000,0x00000006c33630d8,0x00000006cab00000)
 Metaspace       used 19051K, capacity 19287K, committed 19456K, reserved 1067008K
  class space    used 1896K, capacity 1984K, committed 2048K, reserved 1048576K
}
Event: 12.067 GC heap before
{Heap before GC invocations=8 (full 0):
 PSYoungGen      total 301056K, used 273184K [0x000000076ab00000, 0x000000078f600000, 0x00000007c0000000)
  eden space 262144K, 100% used [0x000000076ab00000,0x000000077ab00000,0x000000077ab00000)
  from space 38912K, 28% used [0x000000077ab00000,0x000000077b5c80c0,0x000000077d100000)
  to   space 38400K, 0% used [0x000000078d080000,0x000000078d080000,0x000000078f600000)
 ParOldGen       total 175104K, used 52620K [0x00000006c0000000, 0x00000006cab00000, 0x000000076ab00000)
  object space 175104K, 30% used [0x00000006c0000000,0x00000006c33630d8,0x00000006cab00000)
 Metaspace       used 19077K, capacity 19351K, committed 19712K, reserved 1067008K
  class space    used 1896K, capacity 1984K, committed 2048K, reserved 1048576K
Event: 12.071 GC heap after
Heap after GC invocations=8 (full 0):
 PSYoungGen      total 562176K, used 4544K [0x000000076ab00000, 0x000000078f700000, 0x00000007c0000000)
  eden space 523776K, 0% used [0x000000076ab00000,0x000000076ab00000,0x000000078aa80000)
  from space 38400K, 11% used [0x000000078d080000,0x000000078d4f0120,0x000000078f600000)
  to   space 38912K, 0% used [0x000000078aa80000,0x000000078aa80000,0x000000078d080000)
 ParOldGen       total 175104K, used 59204K [0x00000006c0000000, 0x00000006cab00000, 0x000000076ab00000)
  object space 175104K, 33% used [0x00000006c0000000,0x00000006c39d1068,0x00000006cab00000)
 Metaspace       used 19077K, capacity 19351K, committed 19712K, reserved 1067008K
  class space    used 1896K, capacity 1984K, committed 2048K, reserved 1048576K
}

